{"total": {"lines":{"total":2078,"covered":347,"skipped":0,"pct":16.69},"statements":{"total":2435,"covered":375,"skipped":0,"pct":15.4},"functions":{"total":973,"covered":148,"skipped":0,"pct":15.21},"branches":{"total":1206,"covered":98,"skipped":0,"pct":8.12},"branchesTrue":{"total":0,"covered":0,"skipped":0,"pct":100}}
,"/Volumes/SecondDrive/code2/homify/homify-v1/apps/web/src/App.tsx": {"lines":{"total":40,"covered":0,"skipped":0,"pct":0},"functions":{"total":40,"covered":0,"skipped":0,"pct":0},"statements":{"total":77,"covered":0,"skipped":0,"pct":0},"branches":{"total":0,"covered":0,"skipped":0,"pct":100}}
,"/Volumes/SecondDrive/code2/homify/homify-v1/apps/web/src/constants.ts": {"lines":{"total":2,"covered":0,"skipped":0,"pct":0},"functions":{"total":0,"covered":0,"skipped":0,"pct":100},"statements":{"total":2,"covered":0,"skipped":0,"pct":0},"branches":{"total":0,"covered":0,"skipped":0,"pct":100}}
,"/Volumes/SecondDrive/code2/homify/homify-v1/apps/web/src/service-worker.ts": {"lines":{"total":4,"covered":0,"skipped":0,"pct":0},"functions":{"total":0,"covered":0,"skipped":0,"pct":100},"statements":{"total":4,"covered":0,"skipped":0,"pct":0},"branches":{"total":0,"covered":0,"skipped":0,"pct":100}}
,"/Volumes/SecondDrive/code2/homify/homify-v1/apps/web/src/components/AccountShell.tsx": {"lines":{"total":9,"covered":0,"skipped":0,"pct":0},"functions":{"total":4,"covered":0,"skipped":0,"pct":0},"statements":{"total":10,"covered":0,"skipped":0,"pct":0},"branches":{"total":4,"covered":0,"skipped":0,"pct":0}}
,"/Volumes/SecondDrive/code2/homify/homify-v1/apps/web/src/components/ActivityTimeline.tsx": {"lines":{"total":17,"covered":0,"skipped":0,"pct":0},"functions":{"total":5,"covered":0,"skipped":0,"pct":0},"statements":{"total":19,"covered":0,"skipped":0,"pct":0},"branches":{"total":10,"covered":0,"skipped":0,"pct":0}}
,"/Volumes/SecondDrive/code2/homify/homify-v1/apps/web/src/components/AgentShell.tsx": {"lines":{"total":21,"covered":0,"skipped":0,"pct":0},"functions":{"total":8,"covered":0,"skipped":0,"pct":0},"statements":{"total":24,"covered":0,"skipped":0,"pct":0},"branches":{"total":12,"covered":0,"skipped":0,"pct":0}}
,"/Volumes/SecondDrive/code2/homify/homify-v1/apps/web/src/components/AppErrorBoundary.tsx": {"lines":{"total":25,"covered":0,"skipped":0,"pct":0},"functions":{"total":5,"covered":0,"skipped":0,"pct":0},"statements":{"total":25,"covered":0,"skipped":0,"pct":0},"branches":{"total":16,"covered":0,"skipped":0,"pct":0}}
,"/Volumes/SecondDrive/code2/homify/homify-v1/apps/web/src/components/AppShell.tsx": {"lines":{"total":52,"covered":0,"skipped":0,"pct":0},"functions":{"total":29,"covered":0,"skipped":0,"pct":0},"statements":{"total":68,"covered":0,"skipped":0,"pct":0},"branches":{"total":12,"covered":0,"skipped":0,"pct":0}}
,"/Volumes/SecondDrive/code2/homify/homify-v1/apps/web/src/components/AuthLayout.tsx": {"lines":{"total":5,"covered":0,"skipped":0,"pct":0},"functions":{"total":2,"covered":0,"skipped":0,"pct":0},"statements":{"total":5,"covered":0,"skipped":0,"pct":0},"branches":{"total":2,"covered":0,"skipped":0,"pct":0}}
,"/Volumes/SecondDrive/code2/homify/homify-v1/apps/web/src/components/DealStatusChip.tsx": {"lines":{"total":22,"covered":0,"skipped":0,"pct":0},"functions":{"total":1,"covered":0,"skipped":0,"pct":0},"statements":{"total":22,"covered":0,"skipped":0,"pct":0},"branches":{"total":8,"covered":0,"skipped":0,"pct":0}}
,"/Volumes/SecondDrive/code2/homify/homify-v1/apps/web/src/components/ErrorState.tsx": {"lines":{"total":2,"covered":0,"skipped":0,"pct":0},"functions":{"total":1,"covered":0,"skipped":0,"pct":0},"statements":{"total":2,"covered":0,"skipped":0,"pct":0},"branches":{"total":4,"covered":0,"skipped":0,"pct":0}}
,"/Volumes/SecondDrive/code2/homify/homify-v1/apps/web/src/components/GlobalSearch.tsx": {"lines":{"total":25,"covered":0,"skipped":0,"pct":0},"functions":{"total":12,"covered":0,"skipped":0,"pct":0},"statements":{"total":29,"covered":0,"skipped":0,"pct":0},"branches":{"total":18,"covered":0,"skipped":0,"pct":0}}
,"/Volumes/SecondDrive/code2/homify/homify-v1/apps/web/src/components/InboxDrawer.tsx": {"lines":{"total":17,"covered":0,"skipped":0,"pct":0},"functions":{"total":12,"covered":0,"skipped":0,"pct":0},"statements":{"total":20,"covered":0,"skipped":0,"pct":0},"branches":{"total":10,"covered":0,"skipped":0,"pct":0}}
,"/Volumes/SecondDrive/code2/homify/homify-v1/apps/web/src/components/MapView.tsx": {"lines":{"total":22,"covered":0,"skipped":0,"pct":0},"functions":{"total":9,"covered":0,"skipped":0,"pct":0},"statements":{"total":22,"covered":0,"skipped":0,"pct":0},"branches":{"total":13,"covered":0,"skipped":0,"pct":0}}
,"/Volumes/SecondDrive/code2/homify/homify-v1/apps/web/src/components/MessageThread.tsx": {"lines":{"total":29,"covered":0,"skipped":0,"pct":0},"functions":{"total":10,"covered":0,"skipped":0,"pct":0},"statements":{"total":34,"covered":0,"skipped":0,"pct":0},"branches":{"total":20,"covered":0,"skipped":0,"pct":0}}
,"/Volumes/SecondDrive/code2/homify/homify-v1/apps/web/src/components/NotificationMenu.tsx": {"lines":{"total":31,"covered":0,"skipped":0,"pct":0},"functions":{"total":10,"covered":0,"skipped":0,"pct":0},"statements":{"total":34,"covered":0,"skipped":0,"pct":0},"branches":{"total":25,"covered":0,"skipped":0,"pct":0}}
,"/Volumes/SecondDrive/code2/homify/homify-v1/apps/web/src/components/OfferDrawer.tsx": {"lines":{"total":33,"covered":0,"skipped":0,"pct":0},"functions":{"total":12,"covered":0,"skipped":0,"pct":0},"statements":{"total":35,"covered":0,"skipped":0,"pct":0},"branches":{"total":27,"covered":0,"skipped":0,"pct":0}}
,"/Volumes/SecondDrive/code2/homify/homify-v1/apps/web/src/components/PageHeader.tsx": {"lines":{"total":2,"covered":0,"skipped":0,"pct":0},"functions":{"total":1,"covered":0,"skipped":0,"pct":0},"statements":{"total":2,"covered":0,"skipped":0,"pct":0},"branches":{"total":4,"covered":0,"skipped":0,"pct":0}}
,"/Volumes/SecondDrive/code2/homify/homify-v1/apps/web/src/components/PropertyCard.tsx": {"lines":{"total":15,"covered":0,"skipped":0,"pct":0},"functions":{"total":5,"covered":0,"skipped":0,"pct":0},"statements":{"total":18,"covered":0,"skipped":0,"pct":0},"branches":{"total":23,"covered":0,"skipped":0,"pct":0}}
,"/Volumes/SecondDrive/code2/homify/homify-v1/apps/web/src/components/SEO.tsx": {"lines":{"total":28,"covered":0,"skipped":0,"pct":0},"functions":{"total":2,"covered":0,"skipped":0,"pct":0},"statements":{"total":28,"covered":0,"skipped":0,"pct":0},"branches":{"total":12,"covered":0,"skipped":0,"pct":0}}
,"/Volumes/SecondDrive/code2/homify/homify-v1/apps/web/src/components/SkipLink.tsx": {"lines":{"total":2,"covered":0,"skipped":0,"pct":0},"functions":{"total":1,"covered":0,"skipped":0,"pct":0},"statements":{"total":2,"covered":0,"skipped":0,"pct":0},"branches":{"total":0,"covered":0,"skipped":0,"pct":100}}
,"/Volumes/SecondDrive/code2/homify/homify-v1/apps/web/src/components/TransactionChecklist.tsx": {"lines":{"total":18,"covered":0,"skipped":0,"pct":0},"functions":{"total":7,"covered":0,"skipped":0,"pct":0},"statements":{"total":21,"covered":0,"skipped":0,"pct":0},"branches":{"total":16,"covered":0,"skipped":0,"pct":0}}
,"/Volumes/SecondDrive/code2/homify/homify-v1/apps/web/src/components/analytics/AnalyticsComponents.tsx": {"lines":{"total":13,"covered":0,"skipped":0,"pct":0},"functions":{"total":8,"covered":0,"skipped":0,"pct":0},"statements":{"total":13,"covered":0,"skipped":0,"pct":0},"branches":{"total":14,"covered":0,"skipped":0,"pct":0}}
,"/Volumes/SecondDrive/code2/homify/homify-v1/apps/web/src/components/analytics/AnalyticsToolbar.tsx": {"lines":{"total":3,"covered":0,"skipped":0,"pct":0},"functions":{"total":2,"covered":0,"skipped":0,"pct":0},"statements":{"total":3,"covered":0,"skipped":0,"pct":0},"branches":{"total":2,"covered":0,"skipped":0,"pct":0}}
,"/Volumes/SecondDrive/code2/homify/homify-v1/apps/web/src/components/analytics/ChartContainer.tsx": {"lines":{"total":2,"covered":0,"skipped":0,"pct":0},"functions":{"total":1,"covered":0,"skipped":0,"pct":0},"statements":{"total":2,"covered":0,"skipped":0,"pct":0},"branches":{"total":0,"covered":0,"skipped":0,"pct":100}}
,"/Volumes/SecondDrive/code2/homify/homify-v1/apps/web/src/components/analytics/KpiCard.tsx": {"lines":{"total":6,"covered":0,"skipped":0,"pct":0},"functions":{"total":1,"covered":0,"skipped":0,"pct":0},"statements":{"total":6,"covered":0,"skipped":0,"pct":0},"branches":{"total":10,"covered":0,"skipped":0,"pct":0}}
,"/Volumes/SecondDrive/code2/homify/homify-v1/apps/web/src/components/marketplace/SearchBar.tsx": {"lines":{"total":11,"covered":0,"skipped":0,"pct":0},"functions":{"total":7,"covered":0,"skipped":0,"pct":0},"statements":{"total":12,"covered":0,"skipped":0,"pct":0},"branches":{"total":2,"covered":0,"skipped":0,"pct":0}}
,"/Volumes/SecondDrive/code2/homify/homify-v1/apps/web/src/components/messaging/ChatWindow.tsx": {"lines":{"total":25,"covered":0,"skipped":0,"pct":0},"functions":{"total":7,"covered":0,"skipped":0,"pct":0},"statements":{"total":28,"covered":0,"skipped":0,"pct":0},"branches":{"total":20,"covered":0,"skipped":0,"pct":0}}
,"/Volumes/SecondDrive/code2/homify/homify-v1/apps/web/src/components/messaging/ConversationList.tsx": {"lines":{"total":14,"covered":0,"skipped":0,"pct":0},"functions":{"total":4,"covered":0,"skipped":0,"pct":0},"statements":{"total":15,"covered":0,"skipped":0,"pct":0},"branches":{"total":18,"covered":0,"skipped":0,"pct":0}}
,"/Volumes/SecondDrive/code2/homify/homify-v1/apps/web/src/components/offers/OfferList.tsx": {"lines":{"total":31,"covered":0,"skipped":0,"pct":0},"functions":{"total":11,"covered":0,"skipped":0,"pct":0},"statements":{"total":34,"covered":0,"skipped":0,"pct":0},"branches":{"total":20,"covered":0,"skipped":0,"pct":0}}
,"/Volumes/SecondDrive/code2/homify/homify-v1/apps/web/src/components/org/ColorPicker.tsx": {"lines":{"total":11,"covered":0,"skipped":0,"pct":0},"functions":{"total":5,"covered":0,"skipped":0,"pct":0},"statements":{"total":12,"covered":0,"skipped":0,"pct":0},"branches":{"total":2,"covered":0,"skipped":0,"pct":0}}
,"/Volumes/SecondDrive/code2/homify/homify-v1/apps/web/src/components/org/OrgSettingsShell.tsx": {"lines":{"total":14,"covered":0,"skipped":0,"pct":0},"functions":{"total":7,"covered":0,"skipped":0,"pct":0},"statements":{"total":18,"covered":0,"skipped":0,"pct":0},"branches":{"total":10,"covered":0,"skipped":0,"pct":0}}
,"/Volumes/SecondDrive/code2/homify/homify-v1/apps/web/src/components/org/OrgSwitcher.tsx": {"lines":{"total":18,"covered":0,"skipped":0,"pct":0},"functions":{"total":9,"covered":0,"skipped":0,"pct":0},"statements":{"total":21,"covered":0,"skipped":0,"pct":0},"branches":{"total":15,"covered":0,"skipped":0,"pct":0}}
,"/Volumes/SecondDrive/code2/homify/homify-v1/apps/web/src/components/transaction/ContractSection.tsx": {"lines":{"total":34,"covered":0,"skipped":0,"pct":0},"functions":{"total":13,"covered":0,"skipped":0,"pct":0},"statements":{"total":36,"covered":0,"skipped":0,"pct":0},"branches":{"total":20,"covered":0,"skipped":0,"pct":0}}
,"/Volumes/SecondDrive/code2/homify/homify-v1/apps/web/src/components/transaction/DocumentManager.tsx": {"lines":{"total":21,"covered":0,"skipped":0,"pct":0},"functions":{"total":10,"covered":0,"skipped":0,"pct":0},"statements":{"total":24,"covered":0,"skipped":0,"pct":0},"branches":{"total":17,"covered":0,"skipped":0,"pct":0}}
,"/Volumes/SecondDrive/code2/homify/homify-v1/apps/web/src/components/transaction/ESignModal.tsx": {"lines":{"total":5,"covered":0,"skipped":0,"pct":0},"functions":{"total":3,"covered":0,"skipped":0,"pct":0},"statements":{"total":6,"covered":0,"skipped":0,"pct":0},"branches":{"total":6,"covered":0,"skipped":0,"pct":0}}
,"/Volumes/SecondDrive/code2/homify/homify-v1/apps/web/src/components/transaction/ServicePanel.tsx": {"lines":{"total":14,"covered":0,"skipped":0,"pct":0},"functions":{"total":6,"covered":0,"skipped":0,"pct":0},"statements":{"total":15,"covered":0,"skipped":0,"pct":0},"branches":{"total":26,"covered":0,"skipped":0,"pct":0}}
,"/Volumes/SecondDrive/code2/homify/homify-v1/apps/web/src/components/transaction/TransactionTimeline.tsx": {"lines":{"total":31,"covered":0,"skipped":0,"pct":0},"functions":{"total":9,"covered":0,"skipped":0,"pct":0},"statements":{"total":34,"covered":0,"skipped":0,"pct":0},"branches":{"total":33,"covered":0,"skipped":0,"pct":0}}
,"/Volumes/SecondDrive/code2/homify/homify-v1/apps/web/src/components/transaction/TransactionWorkspace.tsx": {"lines":{"total":17,"covered":0,"skipped":0,"pct":0},"functions":{"total":6,"covered":0,"skipped":0,"pct":0},"statements":{"total":20,"covered":0,"skipped":0,"pct":0},"branches":{"total":14,"covered":0,"skipped":0,"pct":0}}
,"/Volumes/SecondDrive/code2/homify/homify-v1/apps/web/src/contexts/FeatureFlagContext.tsx": {"lines":{"total":6,"covered":0,"skipped":0,"pct":0},"functions":{"total":2,"covered":0,"skipped":0,"pct":0},"statements":{"total":7,"covered":0,"skipped":0,"pct":0},"branches":{"total":0,"covered":0,"skipped":0,"pct":100}}
,"/Volumes/SecondDrive/code2/homify/homify-v1/apps/web/src/contexts/TenantConfigContext.tsx": {"lines":{"total":7,"covered":0,"skipped":0,"pct":0},"functions":{"total":3,"covered":0,"skipped":0,"pct":0},"statements":{"total":9,"covered":0,"skipped":0,"pct":0},"branches":{"total":4,"covered":0,"skipped":0,"pct":0}}
,"/Volumes/SecondDrive/code2/homify/homify-v1/apps/web/src/contexts/ToastContext.tsx": {"lines":{"total":15,"covered":0,"skipped":0,"pct":0},"functions":{"total":4,"covered":0,"skipped":0,"pct":0},"statements":{"total":17,"covered":0,"skipped":0,"pct":0},"branches":{"total":3,"covered":0,"skipped":0,"pct":0}}
,"/Volumes/SecondDrive/code2/homify/homify-v1/apps/web/src/db/data-source.ts": {"lines":{"total":5,"covered":4,"skipped":0,"pct":80},"functions":{"total":0,"covered":0,"skipped":0,"pct":100},"statements":{"total":5,"covered":4,"skipped":0,"pct":80},"branches":{"total":12,"covered":11,"skipped":0,"pct":91.66}}
,"/Volumes/SecondDrive/code2/homify/homify-v1/apps/web/src/db/entities/BaseEntity.ts": {"lines":{"total":0,"covered":0,"skipped":0,"pct":100},"functions":{"total":0,"covered":0,"skipped":0,"pct":100},"statements":{"total":0,"covered":0,"skipped":0,"pct":100},"branches":{"total":0,"covered":0,"skipped":0,"pct":100}}
,"/Volumes/SecondDrive/code2/homify/homify-v1/apps/web/src/db/entities/Contract.entity.ts": {"lines":{"total":1,"covered":1,"skipped":0,"pct":100},"functions":{"total":1,"covered":1,"skipped":0,"pct":100},"statements":{"total":1,"covered":1,"skipped":0,"pct":100},"branches":{"total":0,"covered":0,"skipped":0,"pct":100}}
,"/Volumes/SecondDrive/code2/homify/homify-v1/apps/web/src/db/entities/Conversation.entity.ts": {"lines":{"total":3,"covered":3,"skipped":0,"pct":100},"functions":{"total":5,"covered":5,"skipped":0,"pct":100},"statements":{"total":5,"covered":5,"skipped":0,"pct":100},"branches":{"total":0,"covered":0,"skipped":0,"pct":100}}
,"/Volumes/SecondDrive/code2/homify/homify-v1/apps/web/src/db/entities/ConversationParticipant.entity.ts": {"lines":{"total":2,"covered":2,"skipped":0,"pct":100},"functions":{"total":3,"covered":3,"skipped":0,"pct":100},"statements":{"total":3,"covered":3,"skipped":0,"pct":100},"branches":{"total":0,"covered":0,"skipped":0,"pct":100}}
,"/Volumes/SecondDrive/code2/homify/homify-v1/apps/web/src/db/entities/Deal.entity.ts": {"lines":{"total":2,"covered":2,"skipped":0,"pct":100},"functions":{"total":2,"covered":2,"skipped":0,"pct":100},"statements":{"total":2,"covered":2,"skipped":0,"pct":100},"branches":{"total":0,"covered":0,"skipped":0,"pct":100}}
,"/Volumes/SecondDrive/code2/homify/homify-v1/apps/web/src/db/entities/InvestorProfile.entity.ts": {"lines":{"total":1,"covered":1,"skipped":0,"pct":100},"functions":{"total":2,"covered":2,"skipped":0,"pct":100},"statements":{"total":2,"covered":2,"skipped":0,"pct":100},"branches":{"total":0,"covered":0,"skipped":0,"pct":100}}
,"/Volumes/SecondDrive/code2/homify/homify-v1/apps/web/src/db/entities/Media.entity.ts": {"lines":{"total":1,"covered":1,"skipped":0,"pct":100},"functions":{"total":1,"covered":1,"skipped":0,"pct":100},"statements":{"total":1,"covered":1,"skipped":0,"pct":100},"branches":{"total":0,"covered":0,"skipped":0,"pct":100}}
,"/Volumes/SecondDrive/code2/homify/homify-v1/apps/web/src/db/entities/Message.entity.ts": {"lines":{"total":2,"covered":2,"skipped":0,"pct":100},"functions":{"total":3,"covered":3,"skipped":0,"pct":100},"statements":{"total":3,"covered":3,"skipped":0,"pct":100},"branches":{"total":0,"covered":0,"skipped":0,"pct":100}}
,"/Volumes/SecondDrive/code2/homify/homify-v1/apps/web/src/db/entities/Notification.entity.ts": {"lines":{"total":1,"covered":1,"skipped":0,"pct":100},"functions":{"total":1,"covered":1,"skipped":0,"pct":100},"statements":{"total":1,"covered":1,"skipped":0,"pct":100},"branches":{"total":0,"covered":0,"skipped":0,"pct":100}}
,"/Volumes/SecondDrive/code2/homify/homify-v1/apps/web/src/db/entities/Offer.entity.ts": {"lines":{"total":2,"covered":2,"skipped":0,"pct":100},"functions":{"total":2,"covered":2,"skipped":0,"pct":100},"statements":{"total":2,"covered":2,"skipped":0,"pct":100},"branches":{"total":0,"covered":0,"skipped":0,"pct":100}}
,"/Volumes/SecondDrive/code2/homify/homify-v1/apps/web/src/db/entities/Organization.entity.ts": {"lines":{"total":1,"covered":1,"skipped":0,"pct":100},"functions":{"total":2,"covered":2,"skipped":0,"pct":100},"statements":{"total":2,"covered":2,"skipped":0,"pct":100},"branches":{"total":0,"covered":0,"skipped":0,"pct":100}}
,"/Volumes/SecondDrive/code2/homify/homify-v1/apps/web/src/db/entities/OrganizationMember.entity.ts": {"lines":{"total":3,"covered":3,"skipped":0,"pct":100},"functions":{"total":6,"covered":6,"skipped":0,"pct":100},"statements":{"total":6,"covered":6,"skipped":0,"pct":100},"branches":{"total":0,"covered":0,"skipped":0,"pct":100}}
,"/Volumes/SecondDrive/code2/homify/homify-v1/apps/web/src/db/entities/Payment.entity.ts": {"lines":{"total":2,"covered":2,"skipped":0,"pct":100},"functions":{"total":2,"covered":2,"skipped":0,"pct":100},"statements":{"total":2,"covered":2,"skipped":0,"pct":100},"branches":{"total":0,"covered":0,"skipped":0,"pct":100}}
,"/Volumes/SecondDrive/code2/homify/homify-v1/apps/web/src/db/entities/Permission.entity.ts": {"lines":{"total":1,"covered":1,"skipped":0,"pct":100},"functions":{"total":2,"covered":2,"skipped":0,"pct":100},"statements":{"total":2,"covered":2,"skipped":0,"pct":100},"branches":{"total":0,"covered":0,"skipped":0,"pct":100}}
,"/Volumes/SecondDrive/code2/homify/homify-v1/apps/web/src/db/entities/Role.entity.ts": {"lines":{"total":2,"covered":2,"skipped":0,"pct":100},"functions":{"total":4,"covered":4,"skipped":0,"pct":100},"statements":{"total":4,"covered":4,"skipped":0,"pct":100},"branches":{"total":0,"covered":0,"skipped":0,"pct":100}}
,"/Volumes/SecondDrive/code2/homify/homify-v1/apps/web/src/db/entities/RolePermission.entity.ts": {"lines":{"total":2,"covered":2,"skipped":0,"pct":100},"functions":{"total":4,"covered":4,"skipped":0,"pct":100},"statements":{"total":4,"covered":4,"skipped":0,"pct":100},"branches":{"total":0,"covered":0,"skipped":0,"pct":100}}
,"/Volumes/SecondDrive/code2/homify/homify-v1/apps/web/src/db/entities/SavedSearch.entity.ts": {"lines":{"total":2,"covered":2,"skipped":0,"pct":100},"functions":{"total":2,"covered":2,"skipped":0,"pct":100},"statements":{"total":2,"covered":2,"skipped":0,"pct":100},"branches":{"total":0,"covered":0,"skipped":0,"pct":100}}
,"/Volumes/SecondDrive/code2/homify/homify-v1/apps/web/src/db/entities/TransactionStep.entity.ts": {"lines":{"total":1,"covered":1,"skipped":0,"pct":100},"functions":{"total":1,"covered":1,"skipped":0,"pct":100},"statements":{"total":1,"covered":1,"skipped":0,"pct":100},"branches":{"total":0,"covered":0,"skipped":0,"pct":100}}
,"/Volumes/SecondDrive/code2/homify/homify-v1/apps/web/src/db/entities/User.entity.ts": {"lines":{"total":2,"covered":2,"skipped":0,"pct":100},"functions":{"total":4,"covered":4,"skipped":0,"pct":100},"statements":{"total":4,"covered":4,"skipped":0,"pct":100},"branches":{"total":0,"covered":0,"skipped":0,"pct":100}}
,"/Volumes/SecondDrive/code2/homify/homify-v1/apps/web/src/db/migrations/1767753631255-Initial.ts": {"lines":{"total":3,"covered":0,"skipped":0,"pct":0},"functions":{"total":2,"covered":0,"skipped":0,"pct":0},"statements":{"total":3,"covered":0,"skipped":0,"pct":0},"branches":{"total":0,"covered":0,"skipped":0,"pct":100}}
,"/Volumes/SecondDrive/code2/homify/homify-v1/apps/web/src/db/migrations/1767753700683-AddPasswordToUser.ts": {"lines":{"total":3,"covered":0,"skipped":0,"pct":0},"functions":{"total":2,"covered":0,"skipped":0,"pct":0},"statements":{"total":3,"covered":0,"skipped":0,"pct":0},"branches":{"total":0,"covered":0,"skipped":0,"pct":100}}
,"/Volumes/SecondDrive/code2/homify/homify-v1/apps/web/src/db/migrations/1767753946047-AddOrganization.ts": {"lines":{"total":9,"covered":0,"skipped":0,"pct":0},"functions":{"total":2,"covered":0,"skipped":0,"pct":0},"statements":{"total":9,"covered":0,"skipped":0,"pct":0},"branches":{"total":0,"covered":0,"skipped":0,"pct":100}}
,"/Volumes/SecondDrive/code2/homify/homify-v1/apps/web/src/db/migrations/1767754144714-AddRBACSchema.ts": {"lines":{"total":19,"covered":0,"skipped":0,"pct":0},"functions":{"total":2,"covered":0,"skipped":0,"pct":0},"statements":{"total":19,"covered":0,"skipped":0,"pct":0},"branches":{"total":0,"covered":0,"skipped":0,"pct":100}}
,"/Volumes/SecondDrive/code2/homify/homify-v1/apps/web/src/db/migrations/1767755458403-InvestorProfile.ts": {"lines":{"total":9,"covered":0,"skipped":0,"pct":0},"functions":{"total":2,"covered":0,"skipped":0,"pct":0},"statements":{"total":9,"covered":0,"skipped":0,"pct":0},"branches":{"total":0,"covered":0,"skipped":0,"pct":100}}
,"/Volumes/SecondDrive/code2/homify/homify-v1/apps/web/src/db/seeders/rbac.seeder.ts": {"lines":{"total":19,"covered":18,"skipped":0,"pct":94.73},"functions":{"total":1,"covered":1,"skipped":0,"pct":100},"statements":{"total":19,"covered":18,"skipped":0,"pct":94.73},"branches":{"total":6,"covered":3,"skipped":0,"pct":50}}
,"/Volumes/SecondDrive/code2/homify/homify-v1/apps/web/src/hooks/useAccessibility.ts": {"lines":{"total":12,"covered":0,"skipped":0,"pct":0},"functions":{"total":4,"covered":0,"skipped":0,"pct":0},"statements":{"total":12,"covered":0,"skipped":0,"pct":0},"branches":{"total":8,"covered":0,"skipped":0,"pct":0}}
,"/Volumes/SecondDrive/code2/homify/homify-v1/apps/web/src/hooks/useActiveOrg.ts": {"lines":{"total":5,"covered":0,"skipped":0,"pct":0},"functions":{"total":3,"covered":0,"skipped":0,"pct":0},"statements":{"total":8,"covered":0,"skipped":0,"pct":0},"branches":{"total":6,"covered":0,"skipped":0,"pct":0}}
,"/Volumes/SecondDrive/code2/homify/homify-v1/apps/web/src/hooks/usePermission.ts": {"lines":{"total":9,"covered":0,"skipped":0,"pct":0},"functions":{"total":5,"covered":0,"skipped":0,"pct":0},"statements":{"total":15,"covered":0,"skipped":0,"pct":0},"branches":{"total":10,"covered":0,"skipped":0,"pct":0}}
,"/Volumes/SecondDrive/code2/homify/homify-v1/apps/web/src/mocks/api.ts": {"lines":{"total":221,"covered":0,"skipped":0,"pct":0},"functions":{"total":185,"covered":0,"skipped":0,"pct":0},"statements":{"total":324,"covered":0,"skipped":0,"pct":0},"branches":{"total":107,"covered":0,"skipped":0,"pct":0}}
,"/Volumes/SecondDrive/code2/homify/homify-v1/apps/web/src/pages/BrowsePage.tsx": {"lines":{"total":50,"covered":0,"skipped":0,"pct":0},"functions":{"total":29,"covered":0,"skipped":0,"pct":0},"statements":{"total":55,"covered":0,"skipped":0,"pct":0},"branches":{"total":9,"covered":0,"skipped":0,"pct":0}}
,"/Volumes/SecondDrive/code2/homify/homify-v1/apps/web/src/pages/DealWizard.tsx": {"lines":{"total":28,"covered":0,"skipped":0,"pct":0},"functions":{"total":13,"covered":0,"skipped":0,"pct":0},"statements":{"total":33,"covered":0,"skipped":0,"pct":0},"branches":{"total":14,"covered":0,"skipped":0,"pct":0}}
,"/Volumes/SecondDrive/code2/homify/homify-v1/apps/web/src/pages/DealsPage.tsx": {"lines":{"total":22,"covered":0,"skipped":0,"pct":0},"functions":{"total":9,"covered":0,"skipped":0,"pct":0},"statements":{"total":24,"covered":0,"skipped":0,"pct":0},"branches":{"total":17,"covered":0,"skipped":0,"pct":0}}
,"/Volumes/SecondDrive/code2/homify/homify-v1/apps/web/src/pages/LandingPage.tsx": {"lines":{"total":16,"covered":0,"skipped":0,"pct":0},"functions":{"total":9,"covered":0,"skipped":0,"pct":0},"statements":{"total":16,"covered":0,"skipped":0,"pct":0},"branches":{"total":2,"covered":0,"skipped":0,"pct":0}}
,"/Volumes/SecondDrive/code2/homify/homify-v1/apps/web/src/pages/MessagesPage.tsx": {"lines":{"total":7,"covered":0,"skipped":0,"pct":0},"functions":{"total":2,"covered":0,"skipped":0,"pct":0},"statements":{"total":8,"covered":0,"skipped":0,"pct":0},"branches":{"total":4,"covered":0,"skipped":0,"pct":0}}
,"/Volumes/SecondDrive/code2/homify/homify-v1/apps/web/src/pages/NotificationsPage.tsx": {"lines":{"total":17,"covered":0,"skipped":0,"pct":0},"functions":{"total":6,"covered":0,"skipped":0,"pct":0},"statements":{"total":19,"covered":0,"skipped":0,"pct":0},"branches":{"total":15,"covered":0,"skipped":0,"pct":0}}
,"/Volumes/SecondDrive/code2/homify/homify-v1/apps/web/src/pages/PropertyDetailPage.tsx": {"lines":{"total":51,"covered":0,"skipped":0,"pct":0},"functions":{"total":22,"covered":0,"skipped":0,"pct":0},"statements":{"total":58,"covered":0,"skipped":0,"pct":0},"branches":{"total":87,"covered":0,"skipped":0,"pct":0}}
,"/Volumes/SecondDrive/code2/homify/homify-v1/apps/web/src/pages/account/ActivityLogPage.tsx": {"lines":{"total":7,"covered":0,"skipped":0,"pct":0},"functions":{"total":4,"covered":0,"skipped":0,"pct":0},"statements":{"total":8,"covered":0,"skipped":0,"pct":0},"branches":{"total":2,"covered":0,"skipped":0,"pct":0}}
,"/Volumes/SecondDrive/code2/homify/homify-v1/apps/web/src/pages/account/LoyaltyPage.tsx": {"lines":{"total":15,"covered":0,"skipped":0,"pct":0},"functions":{"total":7,"covered":0,"skipped":0,"pct":0},"statements":{"total":16,"covered":0,"skipped":0,"pct":0},"branches":{"total":14,"covered":0,"skipped":0,"pct":0}}
,"/Volumes/SecondDrive/code2/homify/homify-v1/apps/web/src/pages/account/PreferencesPage.tsx": {"lines":{"total":4,"covered":0,"skipped":0,"pct":0},"functions":{"total":6,"covered":0,"skipped":0,"pct":0},"statements":{"total":4,"covered":0,"skipped":0,"pct":0},"branches":{"total":4,"covered":0,"skipped":0,"pct":0}}
,"/Volumes/SecondDrive/code2/homify/homify-v1/apps/web/src/pages/account/ProfilePage.tsx": {"lines":{"total":3,"covered":0,"skipped":0,"pct":0},"functions":{"total":2,"covered":0,"skipped":0,"pct":0},"statements":{"total":4,"covered":0,"skipped":0,"pct":0},"branches":{"total":0,"covered":0,"skipped":0,"pct":100}}
,"/Volumes/SecondDrive/code2/homify/homify-v1/apps/web/src/pages/account/SavedDealsPage.tsx": {"lines":{"total":7,"covered":0,"skipped":0,"pct":0},"functions":{"total":5,"covered":0,"skipped":0,"pct":0},"statements":{"total":9,"covered":0,"skipped":0,"pct":0},"branches":{"total":2,"covered":0,"skipped":0,"pct":0}}
,"/Volumes/SecondDrive/code2/homify/homify-v1/apps/web/src/pages/account/SettingsPage.tsx": {"lines":{"total":2,"covered":0,"skipped":0,"pct":0},"functions":{"total":1,"covered":0,"skipped":0,"pct":0},"statements":{"total":2,"covered":0,"skipped":0,"pct":0},"branches":{"total":0,"covered":0,"skipped":0,"pct":100}}
,"/Volumes/SecondDrive/code2/homify/homify-v1/apps/web/src/pages/agent/AgentAnalyticsPage.tsx": {"lines":{"total":13,"covered":0,"skipped":0,"pct":0},"functions":{"total":8,"covered":0,"skipped":0,"pct":0},"statements":{"total":15,"covered":0,"skipped":0,"pct":0},"branches":{"total":4,"covered":0,"skipped":0,"pct":0}}
,"/Volumes/SecondDrive/code2/homify/homify-v1/apps/web/src/pages/agent/AgentDashboard.tsx": {"lines":{"total":12,"covered":0,"skipped":0,"pct":0},"functions":{"total":6,"covered":0,"skipped":0,"pct":0},"statements":{"total":14,"covered":0,"skipped":0,"pct":0},"branches":{"total":10,"covered":0,"skipped":0,"pct":0}}
,"/Volumes/SecondDrive/code2/homify/homify-v1/apps/web/src/pages/agent/AgentDealPage.tsx": {"lines":{"total":26,"covered":0,"skipped":0,"pct":0},"functions":{"total":11,"covered":0,"skipped":0,"pct":0},"statements":{"total":30,"covered":0,"skipped":0,"pct":0},"branches":{"total":35,"covered":0,"skipped":0,"pct":0}}
,"/Volumes/SecondDrive/code2/homify/homify-v1/apps/web/src/pages/agent/AgentDealsPage.tsx": {"lines":{"total":15,"covered":0,"skipped":0,"pct":0},"functions":{"total":10,"covered":0,"skipped":0,"pct":0},"statements":{"total":19,"covered":0,"skipped":0,"pct":0},"branches":{"total":6,"covered":0,"skipped":0,"pct":0}}
,"/Volumes/SecondDrive/code2/homify/homify-v1/apps/web/src/pages/agent/AgentInvestorsPage.tsx": {"lines":{"total":16,"covered":0,"skipped":0,"pct":0},"functions":{"total":10,"covered":0,"skipped":0,"pct":0},"statements":{"total":19,"covered":0,"skipped":0,"pct":0},"branches":{"total":20,"covered":0,"skipped":0,"pct":0}}
,"/Volumes/SecondDrive/code2/homify/homify-v1/apps/web/src/pages/agent/AgentOffersPage.tsx": {"lines":{"total":10,"covered":0,"skipped":0,"pct":0},"functions":{"total":9,"covered":0,"skipped":0,"pct":0},"statements":{"total":13,"covered":0,"skipped":0,"pct":0},"branches":{"total":6,"covered":0,"skipped":0,"pct":0}}
,"/Volumes/SecondDrive/code2/homify/homify-v1/apps/web/src/pages/agent/AgentReferralsPage.tsx": {"lines":{"total":10,"covered":0,"skipped":0,"pct":0},"functions":{"total":6,"covered":0,"skipped":0,"pct":0},"statements":{"total":11,"covered":0,"skipped":0,"pct":0},"branches":{"total":12,"covered":0,"skipped":0,"pct":0}}
,"/Volumes/SecondDrive/code2/homify/homify-v1/apps/web/src/pages/agent/DealEditorPage.tsx": {"lines":{"total":24,"covered":0,"skipped":0,"pct":0},"functions":{"total":10,"covered":0,"skipped":0,"pct":0},"statements":{"total":25,"covered":0,"skipped":0,"pct":0},"branches":{"total":24,"covered":0,"skipped":0,"pct":0}}
,"/Volumes/SecondDrive/code2/homify/homify-v1/apps/web/src/pages/analytics/AnalyticsPage.tsx": {"lines":{"total":9,"covered":0,"skipped":0,"pct":0},"functions":{"total":2,"covered":0,"skipped":0,"pct":0},"statements":{"total":9,"covered":0,"skipped":0,"pct":0},"branches":{"total":14,"covered":0,"skipped":0,"pct":0}}
,"/Volumes/SecondDrive/code2/homify/homify-v1/apps/web/src/pages/analytics/InvestorAnalyticsPage.tsx": {"lines":{"total":10,"covered":0,"skipped":0,"pct":0},"functions":{"total":6,"covered":0,"skipped":0,"pct":0},"statements":{"total":12,"covered":0,"skipped":0,"pct":0},"branches":{"total":4,"covered":0,"skipped":0,"pct":0}}
,"/Volumes/SecondDrive/code2/homify/homify-v1/apps/web/src/pages/auth/ForgotPasswordPage.tsx": {"lines":{"total":11,"covered":0,"skipped":0,"pct":0},"functions":{"total":5,"covered":0,"skipped":0,"pct":0},"statements":{"total":11,"covered":0,"skipped":0,"pct":0},"branches":{"total":2,"covered":0,"skipped":0,"pct":0}}
,"/Volumes/SecondDrive/code2/homify/homify-v1/apps/web/src/pages/auth/SignInPage.tsx": {"lines":{"total":16,"covered":0,"skipped":0,"pct":0},"functions":{"total":8,"covered":0,"skipped":0,"pct":0},"statements":{"total":18,"covered":0,"skipped":0,"pct":0},"branches":{"total":6,"covered":0,"skipped":0,"pct":0}}
,"/Volumes/SecondDrive/code2/homify/homify-v1/apps/web/src/pages/auth/SignUpPage.tsx": {"lines":{"total":24,"covered":0,"skipped":0,"pct":0},"functions":{"total":11,"covered":0,"skipped":0,"pct":0},"statements":{"total":25,"covered":0,"skipped":0,"pct":0},"branches":{"total":12,"covered":0,"skipped":0,"pct":0}}
,"/Volumes/SecondDrive/code2/homify/homify-v1/apps/web/src/pages/onboarding/AccessRequestPage.tsx": {"lines":{"total":12,"covered":0,"skipped":0,"pct":0},"functions":{"total":4,"covered":0,"skipped":0,"pct":0},"statements":{"total":12,"covered":0,"skipped":0,"pct":0},"branches":{"total":0,"covered":0,"skipped":0,"pct":100}}
,"/Volumes/SecondDrive/code2/homify/homify-v1/apps/web/src/pages/onboarding/InvestorOnboarding.tsx": {"lines":{"total":38,"covered":0,"skipped":0,"pct":0},"functions":{"total":17,"covered":0,"skipped":0,"pct":0},"statements":{"total":40,"covered":0,"skipped":0,"pct":0},"branches":{"total":18,"covered":0,"skipped":0,"pct":0}}
,"/Volumes/SecondDrive/code2/homify/homify-v1/apps/web/src/pages/onboarding/OnboardingWizard.tsx": {"lines":{"total":16,"covered":0,"skipped":0,"pct":0},"functions":{"total":9,"covered":0,"skipped":0,"pct":0},"statements":{"total":19,"covered":0,"skipped":0,"pct":0},"branches":{"total":12,"covered":0,"skipped":0,"pct":0}}
,"/Volumes/SecondDrive/code2/homify/homify-v1/apps/web/src/pages/org/BrandingPage.tsx": {"lines":{"total":22,"covered":0,"skipped":0,"pct":0},"functions":{"total":9,"covered":0,"skipped":0,"pct":0},"statements":{"total":25,"covered":0,"skipped":0,"pct":0},"branches":{"total":10,"covered":0,"skipped":0,"pct":0}}
,"/Volumes/SecondDrive/code2/homify/homify-v1/apps/web/src/pages/org/GeneralSettingsPage.tsx": {"lines":{"total":23,"covered":0,"skipped":0,"pct":0},"functions":{"total":11,"covered":0,"skipped":0,"pct":0},"statements":{"total":26,"covered":0,"skipped":0,"pct":0},"branches":{"total":18,"covered":0,"skipped":0,"pct":0}}
,"/Volumes/SecondDrive/code2/homify/homify-v1/apps/web/src/pages/org/IntegrationsPage.tsx": {"lines":{"total":12,"covered":0,"skipped":0,"pct":0},"functions":{"total":6,"covered":0,"skipped":0,"pct":0},"statements":{"total":13,"covered":0,"skipped":0,"pct":0},"branches":{"total":17,"covered":0,"skipped":0,"pct":0}}
,"/Volumes/SecondDrive/code2/homify/homify-v1/apps/web/src/pages/org/MarketsPage.tsx": {"lines":{"total":7,"covered":0,"skipped":0,"pct":0},"functions":{"total":4,"covered":0,"skipped":0,"pct":0},"statements":{"total":8,"covered":0,"skipped":0,"pct":0},"branches":{"total":8,"covered":0,"skipped":0,"pct":0}}
,"/Volumes/SecondDrive/code2/homify/homify-v1/apps/web/src/pages/org/RolesPage.tsx": {"lines":{"total":4,"covered":0,"skipped":0,"pct":0},"functions":{"total":2,"covered":0,"skipped":0,"pct":0},"statements":{"total":4,"covered":0,"skipped":0,"pct":0},"branches":{"total":0,"covered":0,"skipped":0,"pct":100}}
,"/Volumes/SecondDrive/code2/homify/homify-v1/apps/web/src/pages/org/UsersPage.tsx": {"lines":{"total":58,"covered":0,"skipped":0,"pct":0},"functions":{"total":19,"covered":0,"skipped":0,"pct":0},"statements":{"total":60,"covered":0,"skipped":0,"pct":0},"branches":{"total":18,"covered":0,"skipped":0,"pct":0}}
,"/Volumes/SecondDrive/code2/homify/homify-v1/apps/web/src/server/trpc.ts": {"lines":{"total":4,"covered":3,"skipped":0,"pct":75},"functions":{"total":1,"covered":0,"skipped":0,"pct":0},"statements":{"total":4,"covered":3,"skipped":0,"pct":75},"branches":{"total":2,"covered":0,"skipped":0,"pct":0}}
,"/Volumes/SecondDrive/code2/homify/homify-v1/apps/web/src/server/middleware/security.ts": {"lines":{"total":4,"covered":0,"skipped":0,"pct":0},"functions":{"total":1,"covered":0,"skipped":0,"pct":0},"statements":{"total":4,"covered":0,"skipped":0,"pct":0},"branches":{"total":0,"covered":0,"skipped":0,"pct":100}}
,"/Volumes/SecondDrive/code2/homify/homify-v1/apps/web/src/server/routers/_app.ts": {"lines":{"total":1,"covered":0,"skipped":0,"pct":0},"functions":{"total":0,"covered":0,"skipped":0,"pct":100},"statements":{"total":1,"covered":0,"skipped":0,"pct":0},"branches":{"total":0,"covered":0,"skipped":0,"pct":100}}
,"/Volumes/SecondDrive/code2/homify/homify-v1/apps/web/src/server/routers/analytics.router.ts": {"lines":{"total":4,"covered":4,"skipped":0,"pct":100},"functions":{"total":1,"covered":1,"skipped":0,"pct":100},"statements":{"total":4,"covered":4,"skipped":0,"pct":100},"branches":{"total":0,"covered":0,"skipped":0,"pct":100}}
,"/Volumes/SecondDrive/code2/homify/homify-v1/apps/web/src/server/routers/contract.router.ts": {"lines":{"total":5,"covered":5,"skipped":0,"pct":100},"functions":{"total":3,"covered":3,"skipped":0,"pct":100},"statements":{"total":5,"covered":5,"skipped":0,"pct":100},"branches":{"total":0,"covered":0,"skipped":0,"pct":100}}
,"/Volumes/SecondDrive/code2/homify/homify-v1/apps/web/src/server/routers/marketplace.router.ts": {"lines":{"total":8,"covered":8,"skipped":0,"pct":100},"functions":{"total":2,"covered":2,"skipped":0,"pct":100},"statements":{"total":8,"covered":8,"skipped":0,"pct":100},"branches":{"total":8,"covered":8,"skipped":0,"pct":100}}
,"/Volumes/SecondDrive/code2/homify/homify-v1/apps/web/src/server/routers/messaging.router.ts": {"lines":{"total":5,"covered":5,"skipped":0,"pct":100},"functions":{"total":4,"covered":4,"skipped":0,"pct":100},"statements":{"total":5,"covered":5,"skipped":0,"pct":100},"branches":{"total":0,"covered":0,"skipped":0,"pct":100}}
,"/Volumes/SecondDrive/code2/homify/homify-v1/apps/web/src/server/routers/notification.router.ts": {"lines":{"total":7,"covered":7,"skipped":0,"pct":100},"functions":{"total":4,"covered":4,"skipped":0,"pct":100},"statements":{"total":7,"covered":7,"skipped":0,"pct":100},"branches":{"total":0,"covered":0,"skipped":0,"pct":100}}
,"/Volumes/SecondDrive/code2/homify/homify-v1/apps/web/src/server/routers/offer.router.ts": {"lines":{"total":6,"covered":6,"skipped":0,"pct":100},"functions":{"total":4,"covered":4,"skipped":0,"pct":100},"statements":{"total":6,"covered":6,"skipped":0,"pct":100},"branches":{"total":0,"covered":0,"skipped":0,"pct":100}}
,"/Volumes/SecondDrive/code2/homify/homify-v1/apps/web/src/server/routers/payment.router.ts": {"lines":{"total":5,"covered":5,"skipped":0,"pct":100},"functions":{"total":3,"covered":3,"skipped":0,"pct":100},"statements":{"total":5,"covered":5,"skipped":0,"pct":100},"branches":{"total":0,"covered":0,"skipped":0,"pct":100}}
,"/Volumes/SecondDrive/code2/homify/homify-v1/apps/web/src/server/routers/saved-search.router.ts": {"lines":{"total":7,"covered":7,"skipped":0,"pct":100},"functions":{"total":4,"covered":4,"skipped":0,"pct":100},"statements":{"total":7,"covered":7,"skipped":0,"pct":100},"branches":{"total":0,"covered":0,"skipped":0,"pct":100}}
,"/Volumes/SecondDrive/code2/homify/homify-v1/apps/web/src/server/routers/transaction.router.ts": {"lines":{"total":5,"covered":5,"skipped":0,"pct":100},"functions":{"total":3,"covered":3,"skipped":0,"pct":100},"statements":{"total":5,"covered":5,"skipped":0,"pct":100},"branches":{"total":0,"covered":0,"skipped":0,"pct":100}}
,"/Volumes/SecondDrive/code2/homify/homify-v1/apps/web/src/services/analytics/analytics.service.ts": {"lines":{"total":29,"covered":26,"skipped":0,"pct":89.65},"functions":{"total":8,"covered":8,"skipped":0,"pct":100},"statements":{"total":35,"covered":29,"skipped":0,"pct":82.85},"branches":{"total":4,"covered":1,"skipped":0,"pct":25}}
,"/Volumes/SecondDrive/code2/homify/homify-v1/apps/web/src/services/auth/auth.service.ts": {"lines":{"total":29,"covered":26,"skipped":0,"pct":89.65},"functions":{"total":5,"covered":5,"skipped":0,"pct":100},"statements":{"total":29,"covered":26,"skipped":0,"pct":89.65},"branches":{"total":16,"covered":13,"skipped":0,"pct":81.25}}
,"/Volumes/SecondDrive/code2/homify/homify-v1/apps/web/src/services/contract/contract.service.ts": {"lines":{"total":13,"covered":0,"skipped":0,"pct":0},"functions":{"total":3,"covered":0,"skipped":0,"pct":0},"statements":{"total":15,"covered":0,"skipped":0,"pct":0},"branches":{"total":7,"covered":0,"skipped":0,"pct":0}}
,"/Volumes/SecondDrive/code2/homify/homify-v1/apps/web/src/services/crm/crm-adapter.interface.ts": {"lines":{"total":0,"covered":0,"skipped":0,"pct":100},"functions":{"total":0,"covered":0,"skipped":0,"pct":100},"statements":{"total":0,"covered":0,"skipped":0,"pct":100},"branches":{"total":0,"covered":0,"skipped":0,"pct":100}}
,"/Volumes/SecondDrive/code2/homify/homify-v1/apps/web/src/services/crm/crm.service.ts": {"lines":{"total":6,"covered":6,"skipped":0,"pct":100},"functions":{"total":8,"covered":8,"skipped":0,"pct":100},"statements":{"total":9,"covered":9,"skipped":0,"pct":100},"branches":{"total":0,"covered":0,"skipped":0,"pct":100}}
,"/Volumes/SecondDrive/code2/homify/homify-v1/apps/web/src/services/crm/salesforce-adapter.ts": {"lines":{"total":25,"covered":20,"skipped":0,"pct":80},"functions":{"total":6,"covered":6,"skipped":0,"pct":100},"statements":{"total":29,"covered":21,"skipped":0,"pct":72.41},"branches":{"total":14,"covered":6,"skipped":0,"pct":42.85}}
,"/Volumes/SecondDrive/code2/homify/homify-v1/apps/web/src/services/deal/deal.service.ts": {"lines":{"total":13,"covered":13,"skipped":0,"pct":100},"functions":{"total":5,"covered":5,"skipped":0,"pct":100},"statements":{"total":15,"covered":14,"skipped":0,"pct":93.33},"branches":{"total":4,"covered":3,"skipped":0,"pct":75}}
,"/Volumes/SecondDrive/code2/homify/homify-v1/apps/web/src/services/investor/investor.service.ts": {"lines":{"total":9,"covered":8,"skipped":0,"pct":88.88},"functions":{"total":3,"covered":3,"skipped":0,"pct":100},"statements":{"total":9,"covered":8,"skipped":0,"pct":88.88},"branches":{"total":3,"covered":2,"skipped":0,"pct":66.66}}
,"/Volumes/SecondDrive/code2/homify/homify-v1/apps/web/src/services/marketplace/marketplace.service.ts": {"lines":{"total":15,"covered":11,"skipped":0,"pct":73.33},"functions":{"total":5,"covered":4,"skipped":0,"pct":80},"statements":{"total":17,"covered":12,"skipped":0,"pct":70.58},"branches":{"total":24,"covered":16,"skipped":0,"pct":66.66}}
,"/Volumes/SecondDrive/code2/homify/homify-v1/apps/web/src/services/media/media.service.ts": {"lines":{"total":23,"covered":20,"skipped":0,"pct":86.95},"functions":{"total":4,"covered":4,"skipped":0,"pct":100},"statements":{"total":24,"covered":20,"skipped":0,"pct":83.33},"branches":{"total":8,"covered":4,"skipped":0,"pct":50}}
,"/Volumes/SecondDrive/code2/homify/homify-v1/apps/web/src/services/messaging/messaging.service.ts": {"lines":{"total":18,"covered":16,"skipped":0,"pct":88.88},"functions":{"total":7,"covered":6,"skipped":0,"pct":85.71},"statements":{"total":18,"covered":16,"skipped":0,"pct":88.88},"branches":{"total":0,"covered":0,"skipped":0,"pct":100}}
,"/Volumes/SecondDrive/code2/homify/homify-v1/apps/web/src/services/notifications/notification.service.ts": {"lines":{"total":7,"covered":7,"skipped":0,"pct":100},"functions":{"total":5,"covered":5,"skipped":0,"pct":100},"statements":{"total":7,"covered":7,"skipped":0,"pct":100},"branches":{"total":0,"covered":0,"skipped":0,"pct":100}}
,"/Volumes/SecondDrive/code2/homify/homify-v1/apps/web/src/services/offers/offer.service.ts": {"lines":{"total":9,"covered":9,"skipped":0,"pct":100},"functions":{"total":4,"covered":4,"skipped":0,"pct":100},"statements":{"total":10,"covered":9,"skipped":0,"pct":90},"branches":{"total":2,"covered":1,"skipped":0,"pct":50}}
,"/Volumes/SecondDrive/code2/homify/homify-v1/apps/web/src/services/organization/organization.service.ts": {"lines":{"total":39,"covered":36,"skipped":0,"pct":92.3},"functions":{"total":9,"covered":7,"skipped":0,"pct":77.77},"statements":{"total":46,"covered":36,"skipped":0,"pct":78.26},"branches":{"total":18,"covered":10,"skipped":0,"pct":55.55}}
,"/Volumes/SecondDrive/code2/homify/homify-v1/apps/web/src/services/payments/payment.service.ts": {"lines":{"total":15,"covered":0,"skipped":0,"pct":0},"functions":{"total":3,"covered":0,"skipped":0,"pct":0},"statements":{"total":19,"covered":0,"skipped":0,"pct":0},"branches":{"total":8,"covered":0,"skipped":0,"pct":0}}
,"/Volumes/SecondDrive/code2/homify/homify-v1/apps/web/src/services/rbac/rbac.service.ts": {"lines":{"total":14,"covered":13,"skipped":0,"pct":92.85},"functions":{"total":2,"covered":2,"skipped":0,"pct":100},"statements":{"total":16,"covered":13,"skipped":0,"pct":81.25},"branches":{"total":8,"covered":5,"skipped":0,"pct":62.5}}
,"/Volumes/SecondDrive/code2/homify/homify-v1/apps/web/src/services/search/elasticsearch.service.ts": {"lines":{"total":28,"covered":28,"skipped":0,"pct":100},"functions":{"total":6,"covered":5,"skipped":0,"pct":83.33},"statements":{"total":32,"covered":31,"skipped":0,"pct":96.87},"branches":{"total":17,"covered":15,"skipped":0,"pct":88.23}}
,"/Volumes/SecondDrive/code2/homify/homify-v1/apps/web/src/services/search/saved-search.service.ts": {"lines":{"total":9,"covered":0,"skipped":0,"pct":0},"functions":{"total":5,"covered":0,"skipped":0,"pct":0},"statements":{"total":10,"covered":0,"skipped":0,"pct":0},"branches":{"total":2,"covered":0,"skipped":0,"pct":0}}
,"/Volumes/SecondDrive/code2/homify/homify-v1/apps/web/src/services/search/search.interface.ts": {"lines":{"total":0,"covered":0,"skipped":0,"pct":100},"functions":{"total":0,"covered":0,"skipped":0,"pct":100},"statements":{"total":0,"covered":0,"skipped":0,"pct":100},"branches":{"total":0,"covered":0,"skipped":0,"pct":100}}
,"/Volumes/SecondDrive/code2/homify/homify-v1/apps/web/src/services/transaction/transaction.service.ts": {"lines":{"total":34,"covered":0,"skipped":0,"pct":0},"functions":{"total":8,"covered":0,"skipped":0,"pct":0},"statements":{"total":41,"covered":0,"skipped":0,"pct":0},"branches":{"total":14,"covered":0,"skipped":0,"pct":0}}
,"/Volumes/SecondDrive/code2/homify/homify-v1/apps/web/src/utils/trpc.ts": {"lines":{"total":1,"covered":0,"skipped":0,"pct":0},"functions":{"total":0,"covered":0,"skipped":0,"pct":100},"statements":{"total":1,"covered":0,"skipped":0,"pct":0},"branches":{"total":0,"covered":0,"skipped":0,"pct":100}}
}
