TN:
SF:src/App.tsx
FN:25,(anonymous_0)
FN:26,(anonymous_1)
FN:27,(anonymous_2)
FN:28,(anonymous_3)
FN:29,(anonymous_4)
FN:30,(anonymous_5)
FN:31,(anonymous_6)
FN:32,(anonymous_7)
FN:35,(anonymous_8)
FN:36,(anonymous_9)
FN:37,(anonymous_10)
FN:38,(anonymous_11)
FN:39,(anonymous_12)
FN:40,(anonymous_13)
FN:41,(anonymous_14)
FN:42,(anonymous_15)
FN:45,(anonymous_16)
FN:45,(anonymous_17)
FN:46,(anonymous_18)
FN:46,(anonymous_19)
FN:49,(anonymous_20)
FN:49,(anonymous_21)
FN:52,(anonymous_22)
FN:53,(anonymous_23)
FN:54,(anonymous_24)
FN:55,(anonymous_25)
FN:56,(anonymous_26)
FN:57,(anonymous_27)
FN:58,(anonymous_28)
FN:59,(anonymous_29)
FN:62,(anonymous_30)
FN:63,(anonymous_31)
FN:64,(anonymous_32)
FN:65,(anonymous_33)
FN:66,(anonymous_34)
FN:67,(anonymous_35)
FN:69,(anonymous_36)
FN:75,(anonymous_37)
FN:76,(anonymous_38)
FN:77,(anonymous_39)
FNF:40
FNH:0
FNDA:0,(anonymous_0)
FNDA:0,(anonymous_1)
FNDA:0,(anonymous_2)
FNDA:0,(anonymous_3)
FNDA:0,(anonymous_4)
FNDA:0,(anonymous_5)
FNDA:0,(anonymous_6)
FNDA:0,(anonymous_7)
FNDA:0,(anonymous_8)
FNDA:0,(anonymous_9)
FNDA:0,(anonymous_10)
FNDA:0,(anonymous_11)
FNDA:0,(anonymous_12)
FNDA:0,(anonymous_13)
FNDA:0,(anonymous_14)
FNDA:0,(anonymous_15)
FNDA:0,(anonymous_16)
FNDA:0,(anonymous_17)
FNDA:0,(anonymous_18)
FNDA:0,(anonymous_19)
FNDA:0,(anonymous_20)
FNDA:0,(anonymous_21)
FNDA:0,(anonymous_22)
FNDA:0,(anonymous_23)
FNDA:0,(anonymous_24)
FNDA:0,(anonymous_25)
FNDA:0,(anonymous_26)
FNDA:0,(anonymous_27)
FNDA:0,(anonymous_28)
FNDA:0,(anonymous_29)
FNDA:0,(anonymous_30)
FNDA:0,(anonymous_31)
FNDA:0,(anonymous_32)
FNDA:0,(anonymous_33)
FNDA:0,(anonymous_34)
FNDA:0,(anonymous_35)
FNDA:0,(anonymous_36)
FNDA:0,(anonymous_37)
FNDA:0,(anonymous_38)
FNDA:0,(anonymous_39)
DA:25,0
DA:26,0
DA:27,0
DA:28,0
DA:29,0
DA:30,0
DA:31,0
DA:32,0
DA:35,0
DA:36,0
DA:37,0
DA:38,0
DA:39,0
DA:40,0
DA:41,0
DA:42,0
DA:45,0
DA:46,0
DA:49,0
DA:52,0
DA:53,0
DA:54,0
DA:55,0
DA:56,0
DA:57,0
DA:58,0
DA:59,0
DA:62,0
DA:63,0
DA:64,0
DA:65,0
DA:66,0
DA:67,0
DA:69,0
DA:70,0
DA:75,0
DA:76,0
DA:77,0
DA:78,0
DA:89,0
LF:40
LH:0
BRF:0
BRH:0
end_of_record
TN:
SF:src/constants.ts
FNF:0
FNH:0
DA:3,0
DA:193,0
LF:2
LH:0
BRF:0
BRH:0
end_of_record
TN:
SF:src/service-worker.ts
FNF:0
FNH:0
DA:6,0
DA:7,0
DA:11,0
DA:12,0
LF:4
LH:0
BRF:0
BRH:0
end_of_record
TN:
SF:src/components/AccountShell.tsx
FN:14,(anonymous_0)
FN:35,(anonymous_1)
FN:39,(anonymous_2)
FN:53,(anonymous_3)
FNF:4
FNH:0
FNDA:0,(anonymous_0)
FNDA:0,(anonymous_1)
FNDA:0,(anonymous_2)
FNDA:0,(anonymous_3)
DA:14,0
DA:15,0
DA:16,0
DA:17,0
DA:19,0
DA:28,0
DA:36,0
DA:39,0
DA:53,0
LF:9
LH:0
BRDA:46,0,0,0
BRDA:46,0,1,0
BRDA:63,1,0,0
BRDA:63,1,1,0
BRF:4
BRH:0
end_of_record
TN:
SF:src/components/ActivityTimeline.tsx
FN:10,(anonymous_0)
FN:11,(anonymous_1)
FN:13,(anonymous_2)
FN:22,(anonymous_3)
FN:35,(anonymous_4)
FNF:5
FNH:0
FNDA:0,(anonymous_0)
FNDA:0,(anonymous_1)
FNDA:0,(anonymous_2)
FNDA:0,(anonymous_3)
FNDA:0,(anonymous_4)
DA:10,0
DA:11,0
DA:13,0
DA:14,0
DA:15,0
DA:16,0
DA:17,0
DA:18,0
DA:22,0
DA:23,0
DA:24,0
DA:25,0
DA:26,0
DA:27,0
DA:31,0
DA:33,0
DA:36,0
LF:17
LH:0
BRDA:14,0,0,0
BRDA:14,0,1,0
BRDA:14,0,2,0
BRDA:14,0,3,0
BRDA:23,1,0,0
BRDA:23,1,1,0
BRDA:23,1,2,0
BRDA:23,1,3,0
BRDA:31,2,0,0
BRDA:31,2,1,0
BRF:10
BRH:0
end_of_record
TN:
SF:src/components/AgentShell.tsx
FN:16,(anonymous_0)
FN:21,(anonymous_1)
FN:25,(anonymous_2)
FN:34,(anonymous_3)
FN:55,(anonymous_4)
FN:59,(anonymous_5)
FN:71,(anonymous_6)
FN:77,(anonymous_7)
FNF:8
FNH:0
FNDA:0,(anonymous_0)
FNDA:0,(anonymous_1)
FNDA:0,(anonymous_2)
FNDA:0,(anonymous_3)
FNDA:0,(anonymous_4)
FNDA:0,(anonymous_5)
FNDA:0,(anonymous_6)
FNDA:0,(anonymous_7)
DA:10,0
DA:16,0
DA:17,0
DA:18,0
DA:19,0
DA:20,0
DA:21,0
DA:23,0
DA:25,0
DA:27,0
DA:28,0
DA:32,0
DA:34,0
DA:35,0
DA:38,0
DA:49,0
DA:56,0
DA:59,0
DA:71,0
DA:77,0
DA:95,0
LF:21
LH:0
BRDA:27,0,0,0
BRDA:27,0,1,0
BRDA:27,1,0,0
BRDA:27,1,1,0
BRDA:32,2,0,0
BRDA:32,2,1,0
BRDA:32,3,0,0
BRDA:32,3,1,0
BRDA:60,4,0,0
BRDA:60,4,1,0
BRDA:62,5,0,0
BRDA:62,5,1,0
BRF:12
BRH:0
end_of_record
TN:
SF:src/components/AppErrorBoundary.tsx
FN:20,(anonymous_0)
FN:43,(anonymous_1)
FN:61,(anonymous_2)
FN:79,(anonymous_3)
FN:86,(anonymous_4)
FNF:5
FNH:0
FNDA:0,(anonymous_0)
FNDA:0,(anonymous_1)
FNDA:0,(anonymous_2)
FNDA:0,(anonymous_3)
FNDA:0,(anonymous_4)
DA:15,0
DA:22,0
DA:23,0
DA:24,0
DA:25,0
DA:26,0
DA:27,0
DA:28,0
DA:30,0
DA:31,0
DA:33,0
DA:37,0
DA:40,0
DA:46,0
DA:47,0
DA:49,0
DA:50,0
DA:51,0
DA:54,0
DA:57,0
DA:62,0
DA:63,0
DA:79,0
DA:86,0
DA:100,0
LF:25
LH:0
BRDA:24,0,0,0
BRDA:24,0,1,0
BRDA:26,1,0,0
BRDA:26,1,1,0
BRDA:28,2,0,0
BRDA:28,2,1,0
BRDA:28,3,0,0
BRDA:28,3,1,0
BRDA:30,4,0,0
BRDA:30,4,1,0
BRDA:30,5,0,0
BRDA:30,5,1,0
BRDA:50,6,0,0
BRDA:50,6,1,0
BRDA:62,7,0,0
BRDA:62,7,1,0
BRF:16
BRH:0
end_of_record
TN:
SF:src/components/AppShell.tsx
FN:24,(anonymous_0)
FN:39,(anonymous_1)
FN:44,(anonymous_2)
FN:45,(anonymous_3)
FN:69,(anonymous_4)
FN:71,(anonymous_5)
FN:80,(anonymous_6)
FN:83,(anonymous_7)
FN:84,(anonymous_8)
FN:85,(anonymous_9)
FN:88,(anonymous_10)
FN:94,(anonymous_11)
FN:95,(anonymous_12)
FN:97,(anonymous_13)
FN:98,(anonymous_14)
FN:100,(anonymous_15)
FN:138,(anonymous_16)
FN:155,(anonymous_17)
FN:158,(anonymous_18)
FN:172,(anonymous_19)
FN:182,(anonymous_20)
FN:222,(anonymous_21)
FN:230,(anonymous_22)
FN:240,(anonymous_23)
FN:268,(anonymous_24)
FN:271,(anonymous_25)
FN:274,(anonymous_26)
FN:277,(anonymous_27)
FN:281,(anonymous_28)
FNF:29
FNH:0
FNDA:0,(anonymous_0)
FNDA:0,(anonymous_1)
FNDA:0,(anonymous_2)
FNDA:0,(anonymous_3)
FNDA:0,(anonymous_4)
FNDA:0,(anonymous_5)
FNDA:0,(anonymous_6)
FNDA:0,(anonymous_7)
FNDA:0,(anonymous_8)
FNDA:0,(anonymous_9)
FNDA:0,(anonymous_10)
FNDA:0,(anonymous_11)
FNDA:0,(anonymous_12)
FNDA:0,(anonymous_13)
FNDA:0,(anonymous_14)
FNDA:0,(anonymous_15)
FNDA:0,(anonymous_16)
FNDA:0,(anonymous_17)
FNDA:0,(anonymous_18)
FNDA:0,(anonymous_19)
FNDA:0,(anonymous_20)
FNDA:0,(anonymous_21)
FNDA:0,(anonymous_22)
FNDA:0,(anonymous_23)
FNDA:0,(anonymous_24)
FNDA:0,(anonymous_25)
FNDA:0,(anonymous_26)
FNDA:0,(anonymous_27)
FNDA:0,(anonymous_28)
DA:24,0
DA:25,0
DA:39,0
DA:40,0
DA:41,0
DA:42,0
DA:43,0
DA:44,0
DA:45,0
DA:48,0
DA:57,0
DA:59,0
DA:60,0
DA:61,0
DA:64,0
DA:66,0
DA:69,0
DA:71,0
DA:72,0
DA:73,0
DA:76,0
DA:77,0
DA:80,0
DA:83,0
DA:84,0
DA:85,0
DA:86,0
DA:87,0
DA:88,0
DA:89,0
DA:90,0
DA:94,0
DA:95,0
DA:97,0
DA:98,0
DA:100,0
DA:101,0
DA:102,0
DA:103,0
DA:106,0
DA:138,0
DA:155,0
DA:158,0
DA:172,0
DA:182,0
DA:222,0
DA:230,0
DA:268,0
DA:271,0
DA:274,0
DA:277,0
DA:281,0
LF:52
LH:0
BRDA:57,0,0,0
BRDA:57,0,1,0
BRDA:72,1,0,0
BRDA:72,1,1,0
BRDA:77,2,0,0
BRDA:77,2,1,0
BRDA:112,3,0,0
BRDA:112,3,1,0
BRDA:152,4,0,0
BRDA:152,4,1,0
BRDA:169,5,0,0
BRDA:169,5,1,0
BRF:12
BRH:0
end_of_record
TN:
SF:src/components/AuthLayout.tsx
FN:13,(anonymous_0)
FN:21,(anonymous_1)
FNF:2
FNH:0
FNDA:0,(anonymous_0)
FNDA:0,(anonymous_1)
DA:13,0
DA:14,0
DA:15,0
DA:17,0
DA:21,0
LF:5
LH:0
BRDA:45,0,0,0
BRDA:45,0,1,0
BRF:2
BRH:0
end_of_record
TN:
SF:src/components/DealStatusChip.tsx
FN:11,(anonymous_0)
FNF:1
FNH:0
FNDA:0,(anonymous_0)
DA:11,0
DA:12,0
DA:13,0
DA:15,0
DA:17,0
DA:18,0
DA:19,0
DA:21,0
DA:22,0
DA:24,0
DA:25,0
DA:26,0
DA:28,0
DA:29,0
DA:30,0
DA:32,0
DA:33,0
DA:35,0
DA:36,0
DA:38,0
DA:39,0
DA:42,0
LF:22
LH:0
BRDA:11,0,0,0
BRDA:15,1,0,0
BRDA:15,1,1,0
BRDA:15,1,2,0
BRDA:15,1,3,0
BRDA:15,1,4,0
BRDA:15,1,5,0
BRDA:15,1,6,0
BRF:8
BRH:0
end_of_record
TN:
SF:src/components/ErrorState.tsx
FN:11,(anonymous_0)
FNF:1
FNH:0
FNDA:0,(anonymous_0)
DA:11,0
DA:16,0
LF:2
LH:0
BRDA:12,0,0,0
BRDA:14,1,0,0
BRDA:20,2,0,0
BRDA:20,2,1,0
BRF:4
BRH:0
end_of_record
TN:
SF:src/components/GlobalSearch.tsx
FN:9,(anonymous_0)
FN:11,(anonymous_1)
FN:12,(anonymous_2)
FN:13,(anonymous_3)
FN:20,(anonymous_4)
FN:21,(anonymous_5)
FN:22,(anonymous_6)
FN:25,(anonymous_7)
FN:42,(anonymous_8)
FN:43,(anonymous_9)
FN:45,(anonymous_10)
FN:65,(anonymous_11)
FNF:12
FNH:0
FNDA:0,(anonymous_0)
FNDA:0,(anonymous_1)
FNDA:0,(anonymous_2)
FNDA:0,(anonymous_3)
FNDA:0,(anonymous_4)
FNDA:0,(anonymous_5)
FNDA:0,(anonymous_6)
FNDA:0,(anonymous_7)
FNDA:0,(anonymous_8)
FNDA:0,(anonymous_9)
FNDA:0,(anonymous_10)
FNDA:0,(anonymous_11)
DA:9,0
DA:10,0
DA:11,0
DA:12,0
DA:13,0
DA:14,0
DA:17,0
DA:19,0
DA:20,0
DA:21,0
DA:22,0
DA:25,0
DA:26,0
DA:28,0
DA:29,0
DA:30,0
DA:31,0
DA:32,0
DA:33,0
DA:37,0
DA:42,0
DA:43,0
DA:46,0
DA:66,0
DA:67,0
LF:25
LH:0
BRDA:22,0,0,0
BRDA:22,0,1,0
BRDA:26,1,0,0
BRDA:26,1,1,0
BRDA:28,2,0,0
BRDA:28,2,1,0
BRDA:30,3,0,0
BRDA:30,3,1,0
BRDA:32,4,0,0
BRDA:32,4,1,0
BRDA:43,5,0,0
BRDA:43,5,1,0
BRDA:70,6,0,0
BRDA:70,6,1,0
BRDA:71,7,0,0
BRDA:71,7,1,0
BRDA:72,8,0,0
BRDA:72,8,1,0
BRF:18
BRH:0
end_of_record
TN:
SF:src/components/InboxDrawer.tsx
FN:9,(anonymous_0)
FN:11,(anonymous_1)
FN:12,(anonymous_2)
FN:13,(anonymous_3)
FN:15,(anonymous_4)
FN:21,(anonymous_5)
FN:29,(anonymous_6)
FN:36,(anonymous_7)
FN:45,(anonymous_8)
FN:49,(anonymous_9)
FN:82,(anonymous_10)
FN:97,(anonymous_11)
FNF:12
FNH:0
FNDA:0,(anonymous_0)
FNDA:0,(anonymous_1)
FNDA:0,(anonymous_2)
FNDA:0,(anonymous_3)
FNDA:0,(anonymous_4)
FNDA:0,(anonymous_5)
FNDA:0,(anonymous_6)
FNDA:0,(anonymous_7)
FNDA:0,(anonymous_8)
FNDA:0,(anonymous_9)
FNDA:0,(anonymous_10)
FNDA:0,(anonymous_11)
DA:9,0
DA:10,0
DA:11,0
DA:12,0
DA:13,0
DA:15,0
DA:16,0
DA:17,0
DA:21,0
DA:22,0
DA:25,0
DA:29,0
DA:36,0
DA:46,0
DA:49,0
DA:82,0
DA:97,0
LF:17
LH:0
BRDA:16,0,0,0
BRDA:16,0,1,0
BRDA:33,1,0,0
BRDA:33,1,1,0
BRDA:42,2,0,0
BRDA:42,2,1,0
BRDA:78,3,0,0
BRDA:78,3,1,0
BRDA:79,4,0,0
BRDA:79,4,1,0
BRF:10
BRH:0
end_of_record
TN:
SF:src/components/MapView.tsx
FN:37,(anonymous_0)
FN:39,(anonymous_1)
FN:52,(anonymous_2)
FN:66,(anonymous_3)
FN:86,(anonymous_4)
FN:92,(anonymous_5)
FN:93,(anonymous_6)
FN:94,(anonymous_7)
FN:100,(anonymous_8)
FNF:9
FNH:0
FNDA:0,(anonymous_0)
FNDA:0,(anonymous_1)
FNDA:0,(anonymous_2)
FNDA:0,(anonymous_3)
FNDA:0,(anonymous_4)
FNDA:0,(anonymous_5)
FNDA:0,(anonymous_6)
FNDA:0,(anonymous_7)
FNDA:0,(anonymous_8)
DA:12,0
DA:18,0
DA:37,0
DA:38,0
DA:39,0
DA:40,0
DA:41,0
DA:44,0
DA:46,0
DA:52,0
DA:53,0
DA:54,0
DA:66,0
DA:67,0
DA:68,0
DA:69,0
DA:71,0
DA:87,0
DA:92,0
DA:93,0
DA:94,0
DA:100,0
LF:22
LH:0
BRDA:40,0,0,0
BRDA:40,0,1,0
BRDA:41,1,0,0
BRDA:41,1,1,0
BRDA:56,2,0,0
BRDA:56,2,1,0
BRDA:66,3,0,0
BRDA:69,4,0,0
BRDA:69,4,1,0
BRDA:69,5,0,0
BRDA:69,5,1,0
BRDA:92,6,0,0
BRDA:92,6,1,0
BRF:13
BRH:0
end_of_record
TN:
SF:src/components/MessageThread.tsx
FN:13,(anonymous_0)
FN:15,(anonymous_1)
FN:16,(anonymous_2)
FN:18,(anonymous_3)
FN:23,(anonymous_4)
FN:27,(anonymous_5)
FN:33,(anonymous_6)
FN:39,(anonymous_7)
FN:64,(anonymous_8)
FN:107,(anonymous_9)
FNF:10
FNH:0
FNDA:0,(anonymous_0)
FNDA:0,(anonymous_1)
FNDA:0,(anonymous_2)
FNDA:0,(anonymous_3)
FNDA:0,(anonymous_4)
FNDA:0,(anonymous_5)
FNDA:0,(anonymous_6)
FNDA:0,(anonymous_7)
FNDA:0,(anonymous_8)
FNDA:0,(anonymous_9)
DA:13,0
DA:14,0
DA:15,0
DA:16,0
DA:17,0
DA:18,0
DA:20,0
DA:21,0
DA:23,0
DA:24,0
DA:27,0
DA:28,0
DA:29,0
DA:33,0
DA:34,0
DA:35,0
DA:36,0
DA:39,0
DA:40,0
DA:41,0
DA:42,0
DA:46,0
DA:48,0
DA:65,0
DA:66,0
DA:68,0
DA:69,0
DA:78,0
DA:107,0
LF:29
LH:0
BRDA:17,0,0,0
BRDA:17,0,1,0
BRDA:28,1,0,0
BRDA:28,1,1,0
BRDA:34,2,0,0
BRDA:34,2,1,0
BRDA:40,3,0,0
BRDA:40,3,1,0
BRDA:40,4,0,0
BRDA:40,4,1,0
BRDA:46,5,0,0
BRDA:46,5,1,0
BRDA:68,6,0,0
BRDA:68,6,1,0
BRDA:79,7,0,0
BRDA:79,7,1,0
BRDA:81,8,0,0
BRDA:81,8,1,0
BRDA:86,9,0,0
BRDA:86,9,1,0
BRF:20
BRH:0
end_of_record
TN:
SF:src/components/NotificationMenu.tsx
FN:17,(anonymous_0)
FN:19,(anonymous_1)
FN:32,(anonymous_2)
FN:39,(anonymous_3)
FN:45,(anonymous_4)
FN:53,(anonymous_5)
FN:59,(anonymous_6)
FN:108,(anonymous_7)
FN:111,(anonymous_8)
FN:136,(anonymous_9)
FNF:10
FNH:0
FNDA:0,(anonymous_0)
FNDA:0,(anonymous_1)
FNDA:0,(anonymous_2)
FNDA:0,(anonymous_3)
FNDA:0,(anonymous_4)
FNDA:0,(anonymous_5)
FNDA:0,(anonymous_6)
FNDA:0,(anonymous_7)
FNDA:0,(anonymous_8)
FNDA:0,(anonymous_9)
DA:17,0
DA:18,0
DA:19,0
DA:20,0
DA:23,0
DA:31,0
DA:33,0
DA:34,0
DA:38,0
DA:40,0
DA:41,0
DA:45,0
DA:46,0
DA:47,0
DA:49,0
DA:50,0
DA:53,0
DA:54,0
DA:55,0
DA:59,0
DA:60,0
DA:61,0
DA:62,0
DA:63,0
DA:64,0
DA:65,0
DA:69,0
DA:71,0
DA:109,0
DA:111,0
DA:136,0
LF:31
LH:0
BRDA:26,0,0,0
BRDA:26,0,1,0
BRDA:46,1,0,0
BRDA:46,1,1,0
BRDA:50,2,0,0
BRDA:50,2,1,0
BRDA:54,3,0,0
BRDA:54,3,1,0
BRDA:60,4,0,0
BRDA:60,4,1,0
BRDA:60,4,2,0
BRDA:60,4,3,0
BRDA:60,4,4,0
BRDA:69,5,0,0
BRDA:69,5,1,0
BRDA:92,6,0,0
BRDA:92,6,1,0
BRDA:98,7,0,0
BRDA:98,7,1,0
BRDA:102,8,0,0
BRDA:102,8,1,0
BRDA:112,9,0,0
BRDA:112,9,1,0
BRDA:130,10,0,0
BRDA:130,10,1,0
BRF:25
BRH:0
end_of_record
TN:
SF:src/components/OfferDrawer.tsx
FN:15,(anonymous_0)
FN:17,(anonymous_1)
FN:18,(anonymous_2)
FN:28,(anonymous_3)
FN:35,(anonymous_4)
FN:43,(anonymous_5)
FN:68,(anonymous_6)
FN:76,(anonymous_7)
FN:102,(anonymous_8)
FN:113,(anonymous_9)
FN:122,(anonymous_10)
FN:137,(anonymous_11)
FNF:12
FNH:0
FNDA:0,(anonymous_0)
FNDA:0,(anonymous_1)
FNDA:0,(anonymous_2)
FNDA:0,(anonymous_3)
FNDA:0,(anonymous_4)
FNDA:0,(anonymous_5)
FNDA:0,(anonymous_6)
FNDA:0,(anonymous_7)
FNDA:0,(anonymous_8)
FNDA:0,(anonymous_9)
FNDA:0,(anonymous_10)
FNDA:0,(anonymous_11)
DA:15,0
DA:16,0
DA:17,0
DA:18,0
DA:19,0
DA:20,0
DA:22,0
DA:23,0
DA:24,0
DA:25,0
DA:27,0
DA:29,0
DA:30,0
DA:32,0
DA:33,0
DA:36,0
DA:40,0
DA:41,0
DA:43,0
DA:44,0
DA:45,0
DA:46,0
DA:49,0
DA:50,0
DA:51,0
DA:54,0
DA:64,0
DA:68,0
DA:76,0
DA:102,0
DA:113,0
DA:122,0
DA:137,0
LF:33
LH:0
BRDA:41,0,0,0
BRDA:41,0,1,0
BRDA:44,1,0,0
BRDA:44,1,1,0
BRDA:49,2,0,0
BRDA:49,2,1,0
BRDA:49,3,0,0
BRDA:49,3,1,0
BRDA:74,4,0,0
BRDA:74,4,1,0
BRDA:86,5,0,0
BRDA:86,5,1,0
BRDA:88,6,0,0
BRDA:88,6,1,0
BRDA:98,7,0,0
BRDA:98,7,1,0
BRDA:104,8,0,0
BRDA:104,8,1,0
BRDA:105,9,0,0
BRDA:105,9,1,0
BRDA:142,10,0,0
BRDA:142,10,1,0
BRDA:142,10,2,0
BRDA:156,11,0,0
BRDA:156,11,1,0
BRDA:156,12,0,0
BRDA:156,12,1,0
BRF:27
BRH:0
end_of_record
TN:
SF:src/components/PageHeader.tsx
FN:10,(anonymous_0)
FNF:1
FNH:0
FNDA:0,(anonymous_0)
DA:10,0
DA:11,0
LF:2
LH:0
BRDA:17,0,0,0
BRDA:17,0,1,0
BRDA:19,1,0,0
BRDA:19,1,1,0
BRF:4
BRH:0
end_of_record
TN:
SF:src/components/PropertyCard.tsx
FN:25,(anonymous_0)
FN:30,(anonymous_1)
FN:31,(anonymous_2)
FN:32,(anonymous_3)
FN:34,(anonymous_4)
FNF:5
FNH:0
FNDA:0,(anonymous_0)
FNDA:0,(anonymous_1)
FNDA:0,(anonymous_2)
FNDA:0,(anonymous_3)
FNDA:0,(anonymous_4)
DA:25,0
DA:26,0
DA:27,0
DA:30,0
DA:31,0
DA:32,0
DA:34,0
DA:36,0
DA:37,0
DA:38,0
DA:39,0
DA:40,0
DA:42,0
DA:43,0
DA:46,0
LF:15
LH:0
BRDA:25,0,0,0
BRDA:31,1,0,0
BRDA:31,1,1,0
BRDA:38,2,0,0
BRDA:38,2,1,0
BRDA:43,3,0,0
BRDA:43,3,1,0
BRDA:63,4,0,0
BRDA:63,4,1,0
BRDA:74,5,0,0
BRDA:74,5,1,0
BRDA:77,6,0,0
BRDA:77,6,1,0
BRDA:85,7,0,0
BRDA:85,7,1,0
BRDA:88,8,0,0
BRDA:88,8,1,0
BRDA:89,9,0,0
BRDA:89,9,1,0
BRDA:106,10,0,0
BRDA:106,10,1,0
BRDA:123,11,0,0
BRDA:123,11,1,0
BRF:23
BRH:0
end_of_record
TN:
SF:src/components/SEO.tsx
FN:10,(anonymous_0)
FN:11,(anonymous_1)
FNF:2
FNH:0
FNDA:0,(anonymous_0)
FNDA:0,(anonymous_1)
DA:10,0
DA:11,0
DA:13,0
DA:16,0
DA:17,0
DA:18,0
DA:19,0
DA:20,0
DA:22,0
DA:25,0
DA:26,0
DA:27,0
DA:28,0
DA:29,0
DA:30,0
DA:32,0
DA:36,0
DA:37,0
DA:39,0
DA:40,0
DA:41,0
DA:42,0
DA:43,0
DA:44,0
DA:46,0
DA:47,0
DA:49,0
DA:54,0
LF:28
LH:0
BRDA:17,0,0,0
BRDA:17,0,1,0
BRDA:26,1,0,0
BRDA:26,1,1,0
BRDA:27,2,0,0
BRDA:27,2,1,0
BRDA:39,3,0,0
BRDA:39,3,1,0
BRDA:40,4,0,0
BRDA:40,4,1,0
BRDA:47,5,0,0
BRDA:47,5,1,0
BRF:12
BRH:0
end_of_record
TN:
SF:src/components/SkipLink.tsx
FN:4,(anonymous_0)
FNF:1
FNH:0
FNDA:0,(anonymous_0)
DA:4,0
DA:5,0
LF:2
LH:0
BRF:0
BRH:0
end_of_record
TN:
SF:src/components/TransactionChecklist.tsx
FN:16,(anonymous_0)
FN:17,(anonymous_1)
FN:25,(anonymous_2)
FN:29,(anonymous_3)
FN:34,(anonymous_4)
FN:49,(anonymous_5)
FN:54,(anonymous_6)
FNF:7
FNH:0
FNDA:0,(anonymous_0)
FNDA:0,(anonymous_1)
FNDA:0,(anonymous_2)
FNDA:0,(anonymous_3)
FNDA:0,(anonymous_4)
FNDA:0,(anonymous_5)
FNDA:0,(anonymous_6)
DA:16,0
DA:17,0
DA:18,0
DA:19,0
DA:20,0
DA:22,0
DA:24,0
DA:26,0
DA:27,0
DA:30,0
DA:34,0
DA:35,0
DA:36,0
DA:40,0
DA:43,0
DA:45,0
DA:50,0
DA:54,0
LF:18
LH:0
BRDA:22,0,0,0
BRDA:35,1,0,0
BRDA:35,1,1,0
BRDA:36,2,0,0
BRDA:36,2,1,0
BRDA:43,3,0,0
BRDA:43,3,1,0
BRDA:52,4,0,0
BRDA:52,4,1,0
BRDA:57,5,0,0
BRDA:57,5,1,0
BRDA:60,6,0,0
BRDA:60,6,1,0
BRDA:60,6,2,0
BRDA:70,7,0,0
BRDA:70,7,1,0
BRF:16
BRH:0
end_of_record
TN:
SF:src/components/analytics/AnalyticsComponents.tsx
FN:10,(anonymous_0)
FN:13,(anonymous_1)
FN:43,(anonymous_2)
FN:65,(anonymous_3)
FN:78,(anonymous_4)
FN:80,(anonymous_5)
FN:91,(anonymous_6)
FN:94,(anonymous_7)
FNF:8
FNH:0
FNDA:0,(anonymous_0)
FNDA:0,(anonymous_1)
FNDA:0,(anonymous_2)
FNDA:0,(anonymous_3)
FNDA:0,(anonymous_4)
FNDA:0,(anonymous_5)
FNDA:0,(anonymous_6)
FNDA:0,(anonymous_7)
DA:10,0
DA:11,0
DA:14,0
DA:43,0
DA:44,0
DA:63,0
DA:65,0
DA:66,0
DA:78,0
DA:81,0
DA:91,0
DA:92,0
DA:95,0
LF:13
LH:0
BRDA:24,0,0,0
BRDA:24,0,1,0
BRDA:25,1,0,0
BRDA:25,1,1,0
BRDA:26,2,0,0
BRDA:26,2,1,0
BRDA:29,3,0,0
BRDA:29,3,1,0
BRDA:29,4,0,0
BRDA:29,4,1,0
BRDA:32,5,0,0
BRDA:32,5,1,0
BRDA:99,6,0,0
BRDA:99,6,1,0
BRF:14
BRH:0
end_of_record
TN:
SF:src/components/analytics/AnalyticsToolbar.tsx
FN:12,(anonymous_0)
FN:22,(anonymous_1)
FNF:2
FNH:0
FNDA:0,(anonymous_0)
FNDA:0,(anonymous_1)
DA:12,0
DA:13,0
DA:22,0
LF:3
LH:0
BRDA:22,0,0,0
BRDA:22,0,1,0
BRF:2
BRH:0
end_of_record
TN:
SF:src/components/analytics/ChartContainer.tsx
FN:9,(anonymous_0)
FNF:1
FNH:0
FNDA:0,(anonymous_0)
DA:9,0
DA:10,0
LF:2
LH:0
BRF:0
BRH:0
end_of_record
TN:
SF:src/components/analytics/KpiCard.tsx
FN:12,(anonymous_0)
FNF:1
FNH:0
FNDA:0,(anonymous_0)
DA:12,0
DA:13,0
DA:14,0
DA:15,0
DA:16,0
DA:18,0
LF:6
LH:0
BRDA:15,0,0,0
BRDA:15,0,1,0
BRDA:15,1,0,0
BRDA:15,1,1,0
BRDA:16,2,0,0
BRDA:16,2,1,0
BRDA:16,3,0,0
BRDA:16,3,1,0
BRDA:23,4,0,0
BRDA:23,4,1,0
BRF:10
BRH:0
end_of_record
TN:
SF:src/components/marketplace/SearchBar.tsx
FN:11,(anonymous_0)
FN:15,(anonymous_1)
FN:16,(anonymous_2)
FN:20,(anonymous_3)
FN:31,(anonymous_4)
FN:38,(anonymous_5)
FN:40,(anonymous_6)
FNF:7
FNH:0
FNDA:0,(anonymous_0)
FNDA:0,(anonymous_1)
FNDA:0,(anonymous_2)
FNDA:0,(anonymous_3)
FNDA:0,(anonymous_4)
FNDA:0,(anonymous_5)
FNDA:0,(anonymous_6)
DA:11,0
DA:12,0
DA:15,0
DA:16,0
DA:17,0
DA:20,0
DA:21,0
DA:25,0
DA:31,0
DA:38,0
DA:40,0
LF:11
LH:0
BRDA:11,0,0,0
BRDA:11,1,0,0
BRF:2
BRH:0
end_of_record
TN:
SF:src/components/messaging/ChatWindow.tsx
FN:19,(anonymous_0)
FN:32,(anonymous_1)
FN:39,(anonymous_2)
FN:45,(anonymous_3)
FN:54,(anonymous_4)
FN:69,(anonymous_5)
FN:109,(anonymous_6)
FNF:7
FNH:0
FNDA:0,(anonymous_0)
FNDA:0,(anonymous_1)
FNDA:0,(anonymous_2)
FNDA:0,(anonymous_3)
FNDA:0,(anonymous_4)
FNDA:0,(anonymous_5)
FNDA:0,(anonymous_6)
DA:19,0
DA:20,0
DA:21,0
DA:23,0
DA:26,0
DA:31,0
DA:33,0
DA:34,0
DA:35,0
DA:39,0
DA:40,0
DA:41,0
DA:45,0
DA:46,0
DA:47,0
DA:54,0
DA:55,0
DA:56,0
DA:57,0
DA:61,0
DA:62,0
DA:64,0
DA:70,0
DA:71,0
DA:109,0
LF:25
LH:0
BRDA:40,0,0,0
BRDA:40,0,1,0
BRDA:46,1,0,0
BRDA:46,1,1,0
BRDA:55,2,0,0
BRDA:55,2,1,0
BRDA:55,3,0,0
BRDA:55,3,1,0
BRDA:61,4,0,0
BRDA:61,4,1,0
BRDA:62,5,0,0
BRDA:62,5,1,0
BRDA:74,6,0,0
BRDA:74,6,1,0
BRDA:81,7,0,0
BRDA:81,7,1,0
BRDA:82,8,0,0
BRDA:82,8,1,0
BRDA:117,9,0,0
BRDA:117,9,1,0
BRF:20
BRH:0
end_of_record
TN:
SF:src/components/messaging/ConversationList.tsx
FN:21,(anonymous_0)
FN:37,(anonymous_1)
FN:39,(anonymous_2)
FN:51,(anonymous_3)
FNF:4
FNH:0
FNDA:0,(anonymous_0)
FNDA:0,(anonymous_1)
FNDA:0,(anonymous_2)
FNDA:0,(anonymous_3)
DA:21,0
DA:22,0
DA:23,0
DA:24,0
DA:26,0
DA:27,0
DA:30,0
DA:31,0
DA:34,0
DA:39,0
DA:40,0
DA:44,0
DA:46,0
DA:51,0
LF:14
LH:0
BRDA:26,0,0,0
BRDA:26,0,1,0
BRDA:30,1,0,0
BRDA:30,1,1,0
BRDA:30,2,0,0
BRDA:30,2,1,0
BRDA:40,3,0,0
BRDA:40,3,1,0
BRDA:41,4,0,0
BRDA:41,4,1,0
BRDA:41,5,0,0
BRDA:41,5,1,0
BRDA:41,6,0,0
BRDA:41,6,1,0
BRDA:60,7,0,0
BRDA:60,7,1,0
BRDA:68,8,0,0
BRDA:68,8,1,0
BRF:18
BRH:0
end_of_record
TN:
SF:src/components/offers/OfferList.tsx
FN:31,(anonymous_0)
FN:32,(anonymous_1)
FN:48,(anonymous_2)
FN:51,(anonymous_3)
FN:57,(anonymous_4)
FN:61,(anonymous_5)
FN:66,(anonymous_6)
FN:83,(anonymous_7)
FN:96,(anonymous_8)
FN:107,(anonymous_9)
FN:129,(anonymous_10)
FNF:11
FNH:0
FNDA:0,(anonymous_0)
FNDA:0,(anonymous_1)
FNDA:0,(anonymous_2)
FNDA:0,(anonymous_3)
FNDA:0,(anonymous_4)
FNDA:0,(anonymous_5)
FNDA:0,(anonymous_6)
FNDA:0,(anonymous_7)
FNDA:0,(anonymous_8)
FNDA:0,(anonymous_9)
FNDA:0,(anonymous_10)
DA:31,0
DA:32,0
DA:33,0
DA:34,0
DA:42,0
DA:47,0
DA:49,0
DA:52,0
DA:56,0
DA:58,0
DA:59,0
DA:62,0
DA:66,0
DA:67,0
DA:69,0
DA:70,0
DA:76,0
DA:82,0
DA:83,0
DA:86,0
DA:88,0
DA:89,0
DA:96,0
DA:97,0
DA:98,0
DA:99,0
DA:100,0
DA:101,0
DA:105,0
DA:108,0
DA:129,0
LF:31
LH:0
BRDA:67,0,0,0
BRDA:67,0,1,0
BRDA:82,1,0,0
BRDA:82,1,1,0
BRDA:86,2,0,0
BRDA:86,2,1,0
BRDA:88,3,0,0
BRDA:88,3,1,0
BRDA:88,4,0,0
BRDA:88,4,1,0
BRDA:97,5,0,0
BRDA:97,5,1,0
BRDA:97,5,2,0
BRDA:97,5,3,0
BRDA:117,6,0,0
BRDA:117,6,1,0
BRDA:124,7,0,0
BRDA:124,7,1,0
BRDA:130,8,0,0
BRDA:130,8,1,0
BRF:20
BRH:0
end_of_record
TN:
SF:src/components/org/ColorPicker.tsx
FN:21,(anonymous_0)
FN:24,(anonymous_1)
FN:28,(anonymous_2)
FN:51,(anonymous_3)
FN:56,(anonymous_4)
FNF:5
FNH:0
FNDA:0,(anonymous_0)
FNDA:0,(anonymous_1)
FNDA:0,(anonymous_2)
FNDA:0,(anonymous_3)
FNDA:0,(anonymous_4)
DA:10,0
DA:21,0
DA:22,0
DA:24,0
DA:25,0
DA:28,0
DA:29,0
DA:32,0
DA:34,0
DA:52,0
DA:56,0
LF:11
LH:0
BRDA:54,0,0,0
BRDA:54,0,1,0
BRF:2
BRH:0
end_of_record
TN:
SF:src/components/org/OrgSettingsShell.tsx
FN:13,(anonymous_0)
FN:17,(anonymous_1)
FN:18,(anonymous_2)
FN:20,(anonymous_3)
FN:39,(anonymous_4)
FN:58,(anonymous_5)
FN:62,(anonymous_6)
FNF:7
FNH:0
FNDA:0,(anonymous_0)
FNDA:0,(anonymous_1)
FNDA:0,(anonymous_2)
FNDA:0,(anonymous_3)
FNDA:0,(anonymous_4)
FNDA:0,(anonymous_5)
FNDA:0,(anonymous_6)
DA:13,0
DA:14,0
DA:15,0
DA:16,0
DA:17,0
DA:18,0
DA:20,0
DA:21,0
DA:24,0
DA:33,0
DA:35,0
DA:39,0
DA:59,0
DA:62,0
LF:14
LH:0
BRDA:21,0,0,0
BRDA:21,0,1,0
BRDA:33,1,0,0
BRDA:33,1,1,0
BRDA:47,2,0,0
BRDA:47,2,1,0
BRDA:69,3,0,0
BRDA:69,3,1,0
BRDA:72,4,0,0
BRDA:72,4,1,0
BRF:10
BRH:0
end_of_record
TN:
SF:src/components/org/OrgSwitcher.tsx
FN:8,(anonymous_0)
FN:10,(anonymous_1)
FN:15,(anonymous_2)
FN:18,(anonymous_3)
FN:22,(anonymous_4)
FN:26,(anonymous_5)
FN:38,(anonymous_6)
FN:78,(anonymous_7)
FN:81,(anonymous_8)
FNF:9
FNH:0
FNDA:0,(anonymous_0)
FNDA:0,(anonymous_1)
FNDA:0,(anonymous_2)
FNDA:0,(anonymous_3)
FNDA:0,(anonymous_4)
FNDA:0,(anonymous_5)
FNDA:0,(anonymous_6)
FNDA:0,(anonymous_7)
FNDA:0,(anonymous_8)
DA:8,0
DA:9,0
DA:10,0
DA:11,0
DA:13,0
DA:15,0
DA:16,0
DA:18,0
DA:19,0
DA:22,0
DA:23,0
DA:26,0
DA:27,0
DA:28,0
DA:31,0
DA:38,0
DA:79,0
DA:81,0
LF:18
LH:0
BRDA:13,0,0,0
BRDA:13,0,1,0
BRDA:13,1,0,0
BRDA:13,1,1,0
BRDA:13,1,2,0
BRDA:38,2,0,0
BRDA:38,2,1,0
BRDA:41,3,0,0
BRDA:41,3,1,0
BRDA:45,4,0,0
BRDA:45,4,1,0
BRDA:51,5,0,0
BRDA:51,5,1,0
BRDA:54,6,0,0
BRDA:54,6,1,0
BRF:15
BRH:0
end_of_record
TN:
SF:src/components/transaction/ContractSection.tsx
FN:17,(anonymous_0)
FN:18,(anonymous_1)
FN:28,(anonymous_2)
FN:32,(anonymous_3)
FN:38,(anonymous_4)
FN:43,(anonymous_5)
FN:48,(anonymous_6)
FN:52,(anonymous_7)
FN:56,(anonymous_8)
FN:60,(anonymous_9)
FN:93,(anonymous_10)
FN:123,(anonymous_11)
FN:142,(anonymous_12)
FNF:13
FNH:0
FNDA:0,(anonymous_0)
FNDA:0,(anonymous_1)
FNDA:0,(anonymous_2)
FNDA:0,(anonymous_3)
FNDA:0,(anonymous_4)
FNDA:0,(anonymous_5)
FNDA:0,(anonymous_6)
FNDA:0,(anonymous_7)
FNDA:0,(anonymous_8)
FNDA:0,(anonymous_9)
FNDA:0,(anonymous_10)
FNDA:0,(anonymous_11)
FNDA:0,(anonymous_12)
DA:17,0
DA:18,0
DA:19,0
DA:20,0
DA:21,0
DA:23,0
DA:25,0
DA:27,0
DA:29,0
DA:30,0
DA:33,0
DA:37,0
DA:39,0
DA:40,0
DA:41,0
DA:44,0
DA:48,0
DA:49,0
DA:52,0
DA:53,0
DA:56,0
DA:57,0
DA:60,0
DA:61,0
DA:62,0
DA:63,0
DA:64,0
DA:65,0
DA:66,0
DA:70,0
DA:72,0
DA:94,0
DA:123,0
DA:142,0
LF:34
LH:0
BRDA:25,0,0,0
BRDA:61,1,0,0
BRDA:61,1,1,0
BRDA:61,1,2,0
BRDA:61,1,3,0
BRDA:61,1,4,0
BRDA:70,2,0,0
BRDA:70,2,1,0
BRDA:76,3,0,0
BRDA:76,3,1,0
BRDA:84,4,0,0
BRDA:84,4,1,0
BRDA:90,5,0,0
BRDA:90,5,1,0
BRDA:95,6,0,0
BRDA:95,6,1,0
BRDA:112,7,0,0
BRDA:112,7,1,0
BRDA:117,8,0,0
BRDA:117,8,1,0
BRF:20
BRH:0
end_of_record
TN:
SF:src/components/transaction/DocumentManager.tsx
FN:14,(anonymous_0)
FN:16,(anonymous_1)
FN:17,(anonymous_2)
FN:22,(anonymous_3)
FN:27,(anonymous_4)
FN:29,(anonymous_5)
FN:32,(anonymous_6)
FN:61,(anonymous_7)
FN:88,(anonymous_8)
FN:106,(anonymous_9)
FNF:10
FNH:0
FNDA:0,(anonymous_0)
FNDA:0,(anonymous_1)
FNDA:0,(anonymous_2)
FNDA:0,(anonymous_3)
FNDA:0,(anonymous_4)
FNDA:0,(anonymous_5)
FNDA:0,(anonymous_6)
FNDA:0,(anonymous_7)
FNDA:0,(anonymous_8)
FNDA:0,(anonymous_9)
DA:14,0
DA:15,0
DA:16,0
DA:17,0
DA:18,0
DA:20,0
DA:22,0
DA:24,0
DA:27,0
DA:28,0
DA:29,0
DA:32,0
DA:33,0
DA:34,0
DA:35,0
DA:36,0
DA:37,0
DA:41,0
DA:62,0
DA:88,0
DA:106,0
LF:21
LH:0
BRDA:33,0,0,0
BRDA:33,0,1,0
BRDA:33,0,2,0
BRDA:33,0,3,0
BRDA:45,1,0,0
BRDA:45,1,1,0
BRDA:52,2,0,0
BRDA:52,2,1,0
BRDA:58,3,0,0
BRDA:58,3,1,0
BRDA:63,4,0,0
BRDA:63,4,1,0
BRDA:66,5,0,0
BRDA:66,5,1,0
BRDA:82,6,0,0
BRDA:82,6,1,0
BRDA:82,6,2,0
BRF:17
BRH:0
end_of_record
TN:
SF:src/components/transaction/ESignModal.tsx
FN:15,(anonymous_0)
FN:31,(anonymous_1)
FN:53,(anonymous_2)
FNF:3
FNH:0
FNDA:0,(anonymous_0)
FNDA:0,(anonymous_1)
FNDA:0,(anonymous_2)
DA:15,0
DA:16,0
DA:18,0
DA:32,0
DA:53,0
LF:5
LH:0
BRDA:16,0,0,0
BRDA:16,0,1,0
BRDA:52,1,0,0
BRDA:52,1,1,0
BRDA:57,2,0,0
BRDA:57,2,1,0
BRF:6
BRH:0
end_of_record
TN:
SF:src/components/transaction/ServicePanel.tsx
FN:13,(anonymous_0)
FN:15,(anonymous_1)
FN:17,(anonymous_2)
FN:21,(anonymous_3)
FN:34,(anonymous_4)
FN:64,(anonymous_5)
FNF:6
FNH:0
FNDA:0,(anonymous_0)
FNDA:0,(anonymous_1)
FNDA:0,(anonymous_2)
FNDA:0,(anonymous_3)
FNDA:0,(anonymous_4)
FNDA:0,(anonymous_5)
DA:13,0
DA:14,0
DA:15,0
DA:17,0
DA:18,0
DA:21,0
DA:22,0
DA:23,0
DA:24,0
DA:25,0
DA:26,0
DA:30,0
DA:35,0
DA:64,0
LF:14
LH:0
BRDA:22,0,0,0
BRDA:22,0,1,0
BRDA:22,0,2,0
BRDA:22,0,3,0
BRDA:42,1,0,0
BRDA:42,1,1,0
BRDA:42,2,0,0
BRDA:42,2,1,0
BRDA:48,3,0,0
BRDA:48,3,1,0
BRDA:48,4,0,0
BRDA:48,4,1,0
BRDA:51,5,0,0
BRDA:51,5,1,0
BRDA:61,6,0,0
BRDA:61,6,1,0
BRDA:62,7,0,0
BRDA:62,7,1,0
BRDA:62,8,0,0
BRDA:62,8,1,0
BRDA:68,9,0,0
BRDA:68,9,1,0
BRDA:68,10,0,0
BRDA:68,10,1,0
BRDA:68,11,0,0
BRDA:68,11,1,0
BRF:26
BRH:0
end_of_record
TN:
SF:src/components/transaction/TransactionTimeline.tsx
FN:16,(anonymous_0)
FN:17,(anonymous_1)
FN:25,(anonymous_2)
FN:29,(anonymous_3)
FN:34,(anonymous_4)
FN:46,(anonymous_5)
FN:55,(anonymous_6)
FN:69,(anonymous_7)
FN:78,(anonymous_8)
FNF:9
FNH:0
FNDA:0,(anonymous_0)
FNDA:0,(anonymous_1)
FNDA:0,(anonymous_2)
FNDA:0,(anonymous_3)
FNDA:0,(anonymous_4)
FNDA:0,(anonymous_5)
FNDA:0,(anonymous_6)
FNDA:0,(anonymous_7)
FNDA:0,(anonymous_8)
DA:16,0
DA:17,0
DA:18,0
DA:19,0
DA:20,0
DA:22,0
DA:24,0
DA:26,0
DA:27,0
DA:30,0
DA:34,0
DA:35,0
DA:36,0
DA:39,0
DA:43,0
DA:46,0
DA:47,0
DA:48,0
DA:49,0
DA:50,0
DA:51,0
DA:55,0
DA:56,0
DA:57,0
DA:58,0
DA:59,0
DA:60,0
DA:61,0
DA:65,0
DA:70,0
DA:78,0
LF:31
LH:0
BRDA:22,0,0,0
BRDA:35,1,0,0
BRDA:35,1,1,0
BRDA:35,2,0,0
BRDA:35,2,1,0
BRDA:36,3,0,0
BRDA:36,3,1,0
BRDA:36,4,0,0
BRDA:36,4,1,0
BRDA:39,5,0,0
BRDA:39,5,1,0
BRDA:47,6,0,0
BRDA:47,6,1,0
BRDA:47,6,2,0
BRDA:47,6,3,0
BRDA:56,7,0,0
BRDA:56,7,1,0
BRDA:56,7,2,0
BRDA:56,7,3,0
BRDA:56,7,4,0
BRDA:73,8,0,0
BRDA:73,8,1,0
BRDA:75,9,0,0
BRDA:75,9,1,0
BRDA:82,10,0,0
BRDA:82,10,1,0
BRDA:87,11,0,0
BRDA:87,11,1,0
BRDA:87,11,2,0
BRDA:96,12,0,0
BRDA:96,12,1,0
BRDA:103,13,0,0
BRDA:103,13,1,0
BRF:33
BRH:0
end_of_record
TN:
SF:src/components/transaction/TransactionWorkspace.tsx
FN:19,(anonymous_0)
FN:21,(anonymous_1)
FN:30,(anonymous_2)
FN:33,(anonymous_3)
FN:41,(anonymous_4)
FN:46,(anonymous_5)
FNF:6
FNH:0
FNDA:0,(anonymous_0)
FNDA:0,(anonymous_1)
FNDA:0,(anonymous_2)
FNDA:0,(anonymous_3)
FNDA:0,(anonymous_4)
FNDA:0,(anonymous_5)
DA:19,0
DA:20,0
DA:21,0
DA:22,0
DA:23,0
DA:24,0
DA:26,0
DA:30,0
DA:32,0
DA:34,0
DA:37,0
DA:39,0
DA:42,0
DA:46,0
DA:47,0
DA:48,0
DA:51,0
LF:17
LH:0
BRDA:26,0,0,0
BRDA:30,1,0,0
BRDA:30,1,1,0
BRDA:47,2,0,0
BRDA:47,2,1,0
BRDA:54,3,0,0
BRDA:54,3,1,0
BRDA:67,4,0,0
BRDA:67,4,1,0
BRDA:67,4,2,0
BRDA:73,5,0,0
BRDA:73,5,1,0
BRDA:76,6,0,0
BRDA:76,6,1,0
BRF:14
BRH:0
end_of_record
TN:
SF:src/contexts/FeatureFlagContext.tsx
FN:14,(anonymous_0)
FN:25,(anonymous_1)
FNF:2
FNH:0
FNDA:0,(anonymous_0)
FNDA:0,(anonymous_1)
DA:5,0
DA:12,0
DA:14,0
DA:16,0
DA:18,0
DA:25,0
LF:6
LH:0
BRF:0
BRH:0
end_of_record
TN:
SF:src/contexts/TenantConfigContext.tsx
FN:17,(anonymous_0)
FN:18,(anonymous_1)
FN:35,(anonymous_2)
FNF:3
FNH:0
FNDA:0,(anonymous_0)
FNDA:0,(anonymous_1)
FNDA:0,(anonymous_2)
DA:7,0
DA:15,0
DA:17,0
DA:18,0
DA:20,0
DA:28,0
DA:35,0
LF:7
LH:0
BRDA:20,0,0,0
BRDA:20,0,1,0
BRDA:21,1,0,0
BRDA:21,1,1,0
BRF:4
BRH:0
end_of_record
TN:
SF:src/contexts/ToastContext.tsx
FN:10,(anonymous_0)
FN:15,(anonymous_1)
FN:21,(anonymous_2)
FN:35,(anonymous_3)
FNF:4
FNH:0
FNDA:0,(anonymous_0)
FNDA:0,(anonymous_1)
FNDA:0,(anonymous_2)
FNDA:0,(anonymous_3)
DA:8,0
DA:10,0
DA:11,0
DA:12,0
DA:13,0
DA:15,0
DA:16,0
DA:17,0
DA:18,0
DA:21,0
DA:23,0
DA:35,0
DA:36,0
DA:37,0
DA:38,0
LF:15
LH:0
BRDA:15,0,0,0
BRDA:37,1,0,0
BRDA:37,1,1,0
BRF:3
BRH:0
end_of_record
TN:
SF:src/db/data-source.ts
FNF:0
FNH:0
DA:26,33
DA:27,33
DA:28,33
DA:31,0
DA:34,33
LF:5
LH:4
BRDA:36,0,0,33
BRDA:36,0,1,33
BRDA:37,1,0,33
BRDA:37,1,1,33
BRDA:38,2,0,33
BRDA:38,2,1,33
BRDA:39,3,0,33
BRDA:39,3,1,33
BRDA:40,4,0,33
BRDA:40,4,1,33
BRDA:64,5,0,33
BRDA:64,5,1,0
BRF:12
BRH:11
end_of_record
TN:
SF:src/db/entities/BaseEntity.ts
FNF:0
FNH:0
LF:0
LH:0
BRF:0
BRH:0
end_of_record
TN:
SF:src/db/entities/Contract.entity.ts
FN:23,(anonymous_0)
FNF:1
FNH:1
FNDA:30,(anonymous_0)
DA:23,30
LF:1
LH:1
BRF:0
BRH:0
end_of_record
TN:
SF:src/db/entities/Conversation.entity.ts
FN:15,(anonymous_0)
FN:19,(anonymous_1)
FN:19,(anonymous_2)
FN:22,(anonymous_3)
FN:22,(anonymous_4)
FNF:5
FNH:5
FNDA:30,(anonymous_0)
FNDA:30,(anonymous_1)
FNDA:30,(anonymous_2)
FNDA:30,(anonymous_3)
FNDA:30,(anonymous_4)
DA:15,30
DA:19,30
DA:22,30
LF:3
LH:3
BRF:0
BRH:0
end_of_record
TN:
SF:src/db/entities/ConversationParticipant.entity.ts
FN:17,(anonymous_0)
FN:17,(anonymous_1)
FN:21,(anonymous_2)
FNF:3
FNH:3
FNDA:30,(anonymous_0)
FNDA:30,(anonymous_1)
FNDA:30,(anonymous_2)
DA:17,30
DA:21,30
LF:2
LH:2
BRF:0
BRH:0
end_of_record
TN:
SF:src/db/entities/Deal.entity.ts
FN:64,(anonymous_0)
FN:71,(anonymous_1)
FNF:2
FNH:2
FNDA:30,(anonymous_0)
FNDA:30,(anonymous_1)
DA:64,30
DA:71,30
LF:2
LH:2
BRF:0
BRH:0
end_of_record
TN:
SF:src/db/entities/InvestorProfile.entity.ts
FN:57,(anonymous_0)
FN:57,(anonymous_1)
FNF:2
FNH:2
FNDA:30,(anonymous_0)
FNDA:30,(anonymous_1)
DA:57,30
LF:1
LH:1
BRF:0
BRH:0
end_of_record
TN:
SF:src/db/entities/Media.entity.ts
FN:38,(anonymous_0)
FNF:1
FNH:1
FNDA:30,(anonymous_0)
DA:38,30
LF:1
LH:1
BRF:0
BRH:0
end_of_record
TN:
SF:src/db/entities/Message.entity.ts
FN:17,(anonymous_0)
FN:17,(anonymous_1)
FN:21,(anonymous_2)
FNF:3
FNH:3
FNDA:30,(anonymous_0)
FNDA:30,(anonymous_1)
FNDA:30,(anonymous_2)
DA:17,30
DA:21,30
LF:2
LH:2
BRF:0
BRH:0
end_of_record
TN:
SF:src/db/entities/Notification.entity.ts
FN:11,(anonymous_0)
FNF:1
FNH:1
FNDA:30,(anonymous_0)
DA:11,30
LF:1
LH:1
BRF:0
BRH:0
end_of_record
TN:
SF:src/db/entities/Offer.entity.ts
FN:18,(anonymous_0)
FN:25,(anonymous_1)
FNF:2
FNH:2
FNDA:30,(anonymous_0)
FNDA:30,(anonymous_1)
DA:18,30
DA:25,30
LF:2
LH:2
BRF:0
BRH:0
end_of_record
TN:
SF:src/db/entities/Organization.entity.ts
FN:31,(anonymous_0)
FN:31,(anonymous_1)
FNF:2
FNH:2
FNDA:30,(anonymous_0)
FNDA:30,(anonymous_1)
DA:31,30
LF:1
LH:1
BRF:0
BRH:0
end_of_record
TN:
SF:src/db/entities/OrganizationMember.entity.ts
FN:18,(anonymous_0)
FN:18,(anonymous_1)
FN:22,(anonymous_2)
FN:22,(anonymous_3)
FN:26,(anonymous_4)
FN:26,(anonymous_5)
FNF:6
FNH:6
FNDA:30,(anonymous_0)
FNDA:30,(anonymous_1)
FNDA:30,(anonymous_2)
FNDA:30,(anonymous_3)
FNDA:30,(anonymous_4)
FNDA:30,(anonymous_5)
DA:18,30
DA:22,30
DA:26,30
LF:3
LH:3
BRF:0
BRH:0
end_of_record
TN:
SF:src/db/entities/Payment.entity.ts
FN:22,(anonymous_0)
FN:29,(anonymous_1)
FNF:2
FNH:2
FNDA:30,(anonymous_0)
FNDA:30,(anonymous_1)
DA:22,30
DA:29,30
LF:2
LH:2
BRF:0
BRH:0
end_of_record
TN:
SF:src/db/entities/Permission.entity.ts
FN:13,(anonymous_0)
FN:13,(anonymous_1)
FNF:2
FNH:2
FNDA:30,(anonymous_0)
FNDA:30,(anonymous_1)
DA:13,30
LF:1
LH:1
BRF:0
BRH:0
end_of_record
TN:
SF:src/db/entities/Role.entity.ts
FN:14,(anonymous_0)
FN:14,(anonymous_1)
FN:17,(anonymous_2)
FN:17,(anonymous_3)
FNF:4
FNH:4
FNDA:30,(anonymous_0)
FNDA:30,(anonymous_1)
FNDA:30,(anonymous_2)
FNDA:30,(anonymous_3)
DA:14,30
DA:17,30
LF:2
LH:2
BRF:0
BRH:0
end_of_record
TN:
SF:src/db/entities/RolePermission.entity.ts
FN:14,(anonymous_0)
FN:14,(anonymous_1)
FN:18,(anonymous_2)
FN:18,(anonymous_3)
FNF:4
FNH:4
FNDA:30,(anonymous_0)
FNDA:30,(anonymous_1)
FNDA:30,(anonymous_2)
FNDA:30,(anonymous_3)
DA:14,30
DA:18,30
LF:2
LH:2
BRF:0
BRH:0
end_of_record
TN:
SF:src/db/entities/SavedSearch.entity.ts
FN:52,(anonymous_0)
FN:59,(anonymous_1)
FNF:2
FNH:2
FNDA:30,(anonymous_0)
FNDA:30,(anonymous_1)
DA:52,30
DA:59,30
LF:2
LH:2
BRF:0
BRH:0
end_of_record
TN:
SF:src/db/entities/TransactionStep.entity.ts
FN:24,(anonymous_0)
FNF:1
FNH:1
FNDA:30,(anonymous_0)
DA:24,30
LF:1
LH:1
BRF:0
BRH:0
end_of_record
TN:
SF:src/db/entities/User.entity.ts
FN:23,(anonymous_0)
FN:23,(anonymous_1)
FN:26,(anonymous_2)
FN:26,(anonymous_3)
FNF:4
FNH:4
FNDA:30,(anonymous_0)
FNDA:30,(anonymous_1)
FNDA:30,(anonymous_2)
FNDA:30,(anonymous_3)
DA:23,30
DA:26,30
LF:2
LH:2
BRF:0
BRH:0
end_of_record
TN:
SF:src/db/migrations/1767753631255-Initial.ts
FN:6,(anonymous_0)
FN:10,(anonymous_1)
FNF:2
FNH:0
FNDA:0,(anonymous_0)
FNDA:0,(anonymous_1)
DA:4,0
DA:7,0
DA:11,0
LF:3
LH:0
BRF:0
BRH:0
end_of_record
TN:
SF:src/db/migrations/1767753700683-AddPasswordToUser.ts
FN:6,(anonymous_0)
FN:10,(anonymous_1)
FNF:2
FNH:0
FNDA:0,(anonymous_0)
FNDA:0,(anonymous_1)
DA:4,0
DA:7,0
DA:11,0
LF:3
LH:0
BRF:0
BRH:0
end_of_record
TN:
SF:src/db/migrations/1767753946047-AddOrganization.ts
FN:6,(anonymous_0)
FN:13,(anonymous_1)
FNF:2
FNH:0
FNDA:0,(anonymous_0)
FNDA:0,(anonymous_1)
DA:4,0
DA:7,0
DA:8,0
DA:9,0
DA:10,0
DA:14,0
DA:15,0
DA:16,0
DA:17,0
LF:9
LH:0
BRF:0
BRH:0
end_of_record
TN:
SF:src/db/migrations/1767754144714-AddRBACSchema.ts
FN:6,(anonymous_0)
FN:18,(anonymous_1)
FNF:2
FNH:0
FNDA:0,(anonymous_0)
FNDA:0,(anonymous_1)
DA:4,0
DA:7,0
DA:8,0
DA:9,0
DA:10,0
DA:11,0
DA:12,0
DA:13,0
DA:14,0
DA:15,0
DA:19,0
DA:20,0
DA:21,0
DA:22,0
DA:23,0
DA:24,0
DA:25,0
DA:26,0
DA:27,0
LF:19
LH:0
BRF:0
BRH:0
end_of_record
TN:
SF:src/db/migrations/1767755458403-InvestorProfile.ts
FN:6,(anonymous_0)
FN:13,(anonymous_1)
FNF:2
FNH:0
FNDA:0,(anonymous_0)
FNDA:0,(anonymous_1)
DA:4,0
DA:7,0
DA:8,0
DA:9,0
DA:10,0
DA:14,0
DA:15,0
DA:16,0
DA:17,0
LF:9
LH:0
BRF:0
BRH:0
end_of_record
TN:
SF:src/db/seeders/rbac.seeder.ts
FN:6,(anonymous_0)
FNF:1
FNH:1
FNDA:7,(anonymous_0)
DA:6,2
DA:7,7
DA:8,0
DA:11,7
DA:12,7
DA:13,7
DA:16,7
DA:24,7
DA:25,35
DA:29,7
DA:39,7
DA:40,49
DA:44,7
DA:45,7
DA:47,7
DA:48,7
DA:49,49
DA:54,49
DA:55,49
LF:19
LH:18
BRDA:7,0,0,0
BRDA:7,0,1,7
BRDA:45,1,0,7
BRDA:45,1,1,0
BRDA:54,2,0,49
BRDA:54,2,1,0
BRF:6
BRH:3
end_of_record
TN:
SF:src/hooks/useAccessibility.ts
FN:5,(anonymous_0)
FN:6,(anonymous_1)
FN:10,(anonymous_2)
FN:18,(anonymous_3)
FNF:4
FNH:0
FNDA:0,(anonymous_0)
FNDA:0,(anonymous_1)
FNDA:0,(anonymous_2)
FNDA:0,(anonymous_3)
DA:5,0
DA:6,0
DA:7,0
DA:9,0
DA:10,0
DA:11,0
DA:12,0
DA:17,0
DA:18,0
DA:19,0
DA:21,0
DA:22,0
LF:12
LH:0
BRDA:7,0,0,0
BRDA:7,0,1,0
BRDA:11,1,0,0
BRDA:11,1,1,0
BRDA:19,2,0,0
BRDA:19,2,1,0
BRDA:19,3,0,0
BRDA:19,3,1,0
BRF:8
BRH:0
end_of_record
TN:
SF:src/hooks/useActiveOrg.ts
FN:10,(anonymous_0)
FN:11,(anonymous_1)
FN:15,(anonymous_2)
FNF:3
FNH:0
FNDA:0,(anonymous_0)
FNDA:0,(anonymous_1)
FNDA:0,(anonymous_2)
DA:10,0
DA:11,0
DA:13,0
DA:15,0
DA:16,0
LF:5
LH:0
BRDA:13,0,0,0
BRDA:13,0,1,0
BRDA:13,1,0,0
BRDA:13,1,1,0
BRDA:16,2,0,0
BRDA:16,2,1,0
BRF:6
BRH:0
end_of_record
TN:
SF:src/hooks/usePermission.ts
FN:8,(anonymous_0)
FN:9,(anonymous_1)
FN:15,(anonymous_2)
FN:21,(anonymous_3)
FN:25,(anonymous_4)
FNF:5
FNH:0
FNDA:0,(anonymous_0)
FNDA:0,(anonymous_1)
FNDA:0,(anonymous_2)
FNDA:0,(anonymous_3)
FNDA:0,(anonymous_4)
DA:8,0
DA:9,0
DA:15,0
DA:16,0
DA:19,0
DA:21,0
DA:22,0
DA:25,0
DA:28,0
LF:9
LH:0
BRDA:16,0,0,0
BRDA:16,0,1,0
BRDA:16,1,0,0
BRDA:16,1,1,0
BRDA:19,2,0,0
BRDA:19,2,1,0
BRDA:22,3,0,0
BRDA:22,3,1,0
BRDA:22,4,0,0
BRDA:22,4,1,0
BRF:10
BRH:0
end_of_record
TN:
SF:src/mocks/api.ts
FN:193,(anonymous_0)
FN:194,(anonymous_1)
FN:195,(anonymous_2)
FN:200,(anonymous_3)
FN:202,(anonymous_4)
FN:203,(anonymous_5)
FN:204,(anonymous_6)
FN:206,(anonymous_7)
FN:207,(anonymous_8)
FN:208,(anonymous_9)
FN:212,(anonymous_10)
FN:221,(anonymous_11)
FN:222,(anonymous_12)
FN:223,(anonymous_13)
FN:224,(anonymous_14)
FN:231,(anonymous_15)
FN:232,(anonymous_16)
FN:233,(anonymous_17)
FN:234,(anonymous_18)
FN:244,(anonymous_19)
FN:245,(anonymous_20)
FN:246,(anonymous_21)
FN:255,(anonymous_22)
FN:256,(anonymous_23)
FN:256,(anonymous_24)
FN:259,(anonymous_25)
FN:260,(anonymous_26)
FN:260,(anonymous_27)
FN:282,(anonymous_28)
FN:283,(anonymous_29)
FN:283,(anonymous_30)
FN:284,(anonymous_31)
FN:296,(anonymous_32)
FN:297,(anonymous_33)
FN:298,(anonymous_34)
FN:315,(anonymous_35)
FN:316,(anonymous_36)
FN:317,(anonymous_37)
FN:325,(anonymous_38)
FN:326,(anonymous_39)
FN:326,(anonymous_40)
FN:330,(anonymous_41)
FN:334,(anonymous_42)
FN:335,(anonymous_43)
FN:335,(anonymous_44)
FN:339,(anonymous_45)
FN:340,(anonymous_46)
FN:340,(anonymous_47)
FN:347,(anonymous_48)
FN:348,(anonymous_49)
FN:348,(anonymous_50)
FN:356,(anonymous_51)
FN:359,(anonymous_52)
FN:360,(anonymous_53)
FN:367,(anonymous_54)
FN:368,(anonymous_55)
FN:368,(anonymous_56)
FN:369,(anonymous_57)
FN:374,(anonymous_58)
FN:375,(anonymous_59)
FN:375,(anonymous_60)
FN:401,(anonymous_61)
FN:402,(anonymous_62)
FN:402,(anonymous_63)
FN:403,(anonymous_64)
FN:407,(anonymous_65)
FN:424,(anonymous_66)
FN:425,(anonymous_67)
FN:425,(anonymous_68)
FN:426,(anonymous_69)
FN:426,(anonymous_70)
FN:432,(anonymous_71)
FN:433,(anonymous_72)
FN:433,(anonymous_73)
FN:450,(anonymous_74)
FN:451,(anonymous_75)
FN:451,(anonymous_76)
FN:453,(anonymous_77)
FN:464,(anonymous_78)
FN:465,(anonymous_79)
FN:465,(anonymous_80)
FN:471,(anonymous_81)
FN:472,(anonymous_82)
FN:472,(anonymous_83)
FN:500,(anonymous_84)
FN:501,(anonymous_85)
FN:501,(anonymous_86)
FN:503,(anonymous_87)
FN:504,(anonymous_88)
FN:510,(anonymous_89)
FN:531,(anonymous_90)
FN:532,(anonymous_91)
FN:532,(anonymous_92)
FN:538,(anonymous_93)
FN:539,(anonymous_94)
FN:539,(anonymous_95)
FN:540,(anonymous_96)
FN:558,(anonymous_97)
FN:559,(anonymous_98)
FN:559,(anonymous_99)
FN:565,(anonymous_100)
FN:566,(anonymous_101)
FN:566,(anonymous_102)
FN:572,(anonymous_103)
FN:573,(anonymous_104)
FN:573,(anonymous_105)
FN:588,(anonymous_106)
FN:599,(anonymous_107)
FN:600,(anonymous_108)
FN:600,(anonymous_109)
FN:601,(anonymous_110)
FN:603,(anonymous_111)
FN:623,(anonymous_112)
FN:624,(anonymous_113)
FN:624,(anonymous_114)
FN:628,(anonymous_115)
FN:629,(anonymous_116)
FN:629,(anonymous_117)
FN:630,(anonymous_118)
FN:638,(anonymous_119)
FN:639,(anonymous_120)
FN:639,(anonymous_121)
FN:640,(anonymous_122)
FN:641,(anonymous_123)
FN:642,(anonymous_124)
FN:648,(anonymous_125)
FN:649,(anonymous_126)
FN:649,(anonymous_127)
FN:653,(anonymous_128)
FN:654,(anonymous_129)
FN:654,(anonymous_130)
FN:658,(anonymous_131)
FN:659,(anonymous_132)
FN:659,(anonymous_133)
FN:660,(anonymous_134)
FN:667,(anonymous_135)
FN:668,(anonymous_136)
FN:668,(anonymous_137)
FN:673,(anonymous_138)
FN:674,(anonymous_139)
FN:674,(anonymous_140)
FN:731,(anonymous_141)
FN:732,(anonymous_142)
FN:732,(anonymous_143)
FN:736,(anonymous_144)
FN:737,(anonymous_145)
FN:737,(anonymous_146)
FN:744,(anonymous_147)
FN:745,(anonymous_148)
FN:745,(anonymous_149)
FN:749,(anonymous_150)
FN:750,(anonymous_151)
FN:750,(anonymous_152)
FN:765,(anonymous_153)
FN:766,(anonymous_154)
FN:766,(anonymous_155)
FN:767,(anonymous_156)
FN:774,(anonymous_157)
FN:775,(anonymous_158)
FN:775,(anonymous_159)
FN:776,(anonymous_160)
FN:783,(anonymous_161)
FN:784,(anonymous_162)
FN:784,(anonymous_163)
FN:788,(anonymous_164)
FN:789,(anonymous_165)
FN:789,(anonymous_166)
FN:790,(anonymous_167)
FN:799,(anonymous_168)
FN:800,(anonymous_169)
FN:800,(anonymous_170)
FN:804,(anonymous_171)
FN:805,(anonymous_172)
FN:805,(anonymous_173)
FN:818,(anonymous_174)
FN:825,(anonymous_175)
FN:826,(anonymous_176)
FN:826,(anonymous_177)
FN:839,(anonymous_178)
FN:840,(anonymous_179)
FN:840,(anonymous_180)
FN:841,(anonymous_181)
FN:849,(anonymous_182)
FN:850,(anonymous_183)
FN:850,(anonymous_184)
FNF:185
FNH:0
FNDA:0,(anonymous_0)
FNDA:0,(anonymous_1)
FNDA:0,(anonymous_2)
FNDA:0,(anonymous_3)
FNDA:0,(anonymous_4)
FNDA:0,(anonymous_5)
FNDA:0,(anonymous_6)
FNDA:0,(anonymous_7)
FNDA:0,(anonymous_8)
FNDA:0,(anonymous_9)
FNDA:0,(anonymous_10)
FNDA:0,(anonymous_11)
FNDA:0,(anonymous_12)
FNDA:0,(anonymous_13)
FNDA:0,(anonymous_14)
FNDA:0,(anonymous_15)
FNDA:0,(anonymous_16)
FNDA:0,(anonymous_17)
FNDA:0,(anonymous_18)
FNDA:0,(anonymous_19)
FNDA:0,(anonymous_20)
FNDA:0,(anonymous_21)
FNDA:0,(anonymous_22)
FNDA:0,(anonymous_23)
FNDA:0,(anonymous_24)
FNDA:0,(anonymous_25)
FNDA:0,(anonymous_26)
FNDA:0,(anonymous_27)
FNDA:0,(anonymous_28)
FNDA:0,(anonymous_29)
FNDA:0,(anonymous_30)
FNDA:0,(anonymous_31)
FNDA:0,(anonymous_32)
FNDA:0,(anonymous_33)
FNDA:0,(anonymous_34)
FNDA:0,(anonymous_35)
FNDA:0,(anonymous_36)
FNDA:0,(anonymous_37)
FNDA:0,(anonymous_38)
FNDA:0,(anonymous_39)
FNDA:0,(anonymous_40)
FNDA:0,(anonymous_41)
FNDA:0,(anonymous_42)
FNDA:0,(anonymous_43)
FNDA:0,(anonymous_44)
FNDA:0,(anonymous_45)
FNDA:0,(anonymous_46)
FNDA:0,(anonymous_47)
FNDA:0,(anonymous_48)
FNDA:0,(anonymous_49)
FNDA:0,(anonymous_50)
FNDA:0,(anonymous_51)
FNDA:0,(anonymous_52)
FNDA:0,(anonymous_53)
FNDA:0,(anonymous_54)
FNDA:0,(anonymous_55)
FNDA:0,(anonymous_56)
FNDA:0,(anonymous_57)
FNDA:0,(anonymous_58)
FNDA:0,(anonymous_59)
FNDA:0,(anonymous_60)
FNDA:0,(anonymous_61)
FNDA:0,(anonymous_62)
FNDA:0,(anonymous_63)
FNDA:0,(anonymous_64)
FNDA:0,(anonymous_65)
FNDA:0,(anonymous_66)
FNDA:0,(anonymous_67)
FNDA:0,(anonymous_68)
FNDA:0,(anonymous_69)
FNDA:0,(anonymous_70)
FNDA:0,(anonymous_71)
FNDA:0,(anonymous_72)
FNDA:0,(anonymous_73)
FNDA:0,(anonymous_74)
FNDA:0,(anonymous_75)
FNDA:0,(anonymous_76)
FNDA:0,(anonymous_77)
FNDA:0,(anonymous_78)
FNDA:0,(anonymous_79)
FNDA:0,(anonymous_80)
FNDA:0,(anonymous_81)
FNDA:0,(anonymous_82)
FNDA:0,(anonymous_83)
FNDA:0,(anonymous_84)
FNDA:0,(anonymous_85)
FNDA:0,(anonymous_86)
FNDA:0,(anonymous_87)
FNDA:0,(anonymous_88)
FNDA:0,(anonymous_89)
FNDA:0,(anonymous_90)
FNDA:0,(anonymous_91)
FNDA:0,(anonymous_92)
FNDA:0,(anonymous_93)
FNDA:0,(anonymous_94)
FNDA:0,(anonymous_95)
FNDA:0,(anonymous_96)
FNDA:0,(anonymous_97)
FNDA:0,(anonymous_98)
FNDA:0,(anonymous_99)
FNDA:0,(anonymous_100)
FNDA:0,(anonymous_101)
FNDA:0,(anonymous_102)
FNDA:0,(anonymous_103)
FNDA:0,(anonymous_104)
FNDA:0,(anonymous_105)
FNDA:0,(anonymous_106)
FNDA:0,(anonymous_107)
FNDA:0,(anonymous_108)
FNDA:0,(anonymous_109)
FNDA:0,(anonymous_110)
FNDA:0,(anonymous_111)
FNDA:0,(anonymous_112)
FNDA:0,(anonymous_113)
FNDA:0,(anonymous_114)
FNDA:0,(anonymous_115)
FNDA:0,(anonymous_116)
FNDA:0,(anonymous_117)
FNDA:0,(anonymous_118)
FNDA:0,(anonymous_119)
FNDA:0,(anonymous_120)
FNDA:0,(anonymous_121)
FNDA:0,(anonymous_122)
FNDA:0,(anonymous_123)
FNDA:0,(anonymous_124)
FNDA:0,(anonymous_125)
FNDA:0,(anonymous_126)
FNDA:0,(anonymous_127)
FNDA:0,(anonymous_128)
FNDA:0,(anonymous_129)
FNDA:0,(anonymous_130)
FNDA:0,(anonymous_131)
FNDA:0,(anonymous_132)
FNDA:0,(anonymous_133)
FNDA:0,(anonymous_134)
FNDA:0,(anonymous_135)
FNDA:0,(anonymous_136)
FNDA:0,(anonymous_137)
FNDA:0,(anonymous_138)
FNDA:0,(anonymous_139)
FNDA:0,(anonymous_140)
FNDA:0,(anonymous_141)
FNDA:0,(anonymous_142)
FNDA:0,(anonymous_143)
FNDA:0,(anonymous_144)
FNDA:0,(anonymous_145)
FNDA:0,(anonymous_146)
FNDA:0,(anonymous_147)
FNDA:0,(anonymous_148)
FNDA:0,(anonymous_149)
FNDA:0,(anonymous_150)
FNDA:0,(anonymous_151)
FNDA:0,(anonymous_152)
FNDA:0,(anonymous_153)
FNDA:0,(anonymous_154)
FNDA:0,(anonymous_155)
FNDA:0,(anonymous_156)
FNDA:0,(anonymous_157)
FNDA:0,(anonymous_158)
FNDA:0,(anonymous_159)
FNDA:0,(anonymous_160)
FNDA:0,(anonymous_161)
FNDA:0,(anonymous_162)
FNDA:0,(anonymous_163)
FNDA:0,(anonymous_164)
FNDA:0,(anonymous_165)
FNDA:0,(anonymous_166)
FNDA:0,(anonymous_167)
FNDA:0,(anonymous_168)
FNDA:0,(anonymous_169)
FNDA:0,(anonymous_170)
FNDA:0,(anonymous_171)
FNDA:0,(anonymous_172)
FNDA:0,(anonymous_173)
FNDA:0,(anonymous_174)
FNDA:0,(anonymous_175)
FNDA:0,(anonymous_176)
FNDA:0,(anonymous_177)
FNDA:0,(anonymous_178)
FNDA:0,(anonymous_179)
FNDA:0,(anonymous_180)
FNDA:0,(anonymous_181)
FNDA:0,(anonymous_182)
FNDA:0,(anonymous_183)
FNDA:0,(anonymous_184)
DA:4,0
DA:7,0
DA:9,0
DA:16,0
DA:34,0
DA:47,0
DA:48,0
DA:54,0
DA:55,0
DA:58,0
DA:63,0
DA:77,0
DA:85,0
DA:94,0
DA:106,0
DA:112,0
DA:118,0
DA:125,0
DA:131,0
DA:137,0
DA:144,0
DA:158,0
DA:168,0
DA:174,0
DA:180,0
DA:190,0
DA:194,0
DA:195,0
DA:196,0
DA:198,0
DA:199,0
DA:200,0
DA:202,0
DA:203,0
DA:204,0
DA:206,0
DA:207,0
DA:208,0
DA:211,0
DA:212,0
DA:215,0
DA:222,0
DA:223,0
DA:224,0
DA:225,0
DA:232,0
DA:233,0
DA:234,0
DA:235,0
DA:236,0
DA:237,0
DA:245,0
DA:246,0
DA:247,0
DA:248,0
DA:249,0
DA:256,0
DA:260,0
DA:261,0
DA:277,0
DA:278,0
DA:283,0
DA:284,0
DA:285,0
DA:286,0
DA:287,0
DA:289,0
DA:297,0
DA:298,0
DA:299,0
DA:300,0
DA:309,0
DA:316,0
DA:317,0
DA:318,0
DA:319,0
DA:326,0
DA:330,0
DA:335,0
DA:340,0
DA:341,0
DA:342,0
DA:348,0
DA:349,0
DA:350,0
DA:356,0
DA:360,0
DA:361,0
DA:362,0
DA:368,0
DA:369,0
DA:375,0
DA:376,0
DA:388,0
DA:389,0
DA:396,0
DA:402,0
DA:403,0
DA:404,0
DA:405,0
DA:407,0
DA:408,0
DA:410,0
DA:418,0
DA:425,0
DA:426,0
DA:433,0
DA:435,0
DA:436,0
DA:445,0
DA:451,0
DA:452,0
DA:453,0
DA:454,0
DA:455,0
DA:456,0
DA:458,0
DA:465,0
DA:466,0
DA:472,0
DA:473,0
DA:484,0
DA:485,0
DA:487,0
DA:495,0
DA:501,0
DA:503,0
DA:504,0
DA:505,0
DA:506,0
DA:507,0
DA:510,0
DA:511,0
DA:512,0
DA:513,0
DA:516,0
DA:525,0
DA:532,0
DA:533,0
DA:539,0
DA:540,0
DA:541,0
DA:542,0
DA:544,0
DA:552,0
DA:559,0
DA:560,0
DA:566,0
DA:567,0
DA:573,0
DA:574,0
DA:584,0
DA:585,0
DA:588,0
DA:589,0
DA:590,0
DA:591,0
DA:594,0
DA:600,0
DA:601,0
DA:602,0
DA:603,0
DA:604,0
DA:615,0
DA:617,0
DA:624,0
DA:629,0
DA:630,0
DA:631,0
DA:632,0
DA:639,0
DA:640,0
DA:641,0
DA:642,0
DA:649,0
DA:654,0
DA:659,0
DA:660,0
DA:661,0
DA:662,0
DA:668,0
DA:674,0
DA:675,0
DA:676,0
DA:703,0
DA:732,0
DA:737,0
DA:738,0
DA:739,0
DA:745,0
DA:750,0
DA:751,0
DA:759,0
DA:760,0
DA:766,0
DA:767,0
DA:768,0
DA:769,0
DA:775,0
DA:776,0
DA:777,0
DA:778,0
DA:784,0
DA:789,0
DA:790,0
DA:791,0
DA:792,0
DA:794,0
DA:800,0
DA:805,0
DA:806,0
DA:807,0
DA:816,0
DA:819,0
DA:826,0
DA:827,0
DA:840,0
DA:841,0
DA:842,0
DA:843,0
DA:850,0
LF:221
LH:0
BRDA:198,0,0,0
BRDA:198,0,1,0
BRDA:200,1,0,0
BRDA:200,1,1,0
BRDA:200,1,2,0
BRDA:202,2,0,0
BRDA:202,2,1,0
BRDA:203,3,0,0
BRDA:203,3,1,0
BRDA:204,4,0,0
BRDA:204,4,1,0
BRDA:206,5,0,0
BRDA:206,5,1,0
BRDA:207,6,0,0
BRDA:207,6,1,0
BRDA:208,7,0,0
BRDA:208,7,1,0
BRDA:211,8,0,0
BRDA:211,8,1,0
BRDA:225,9,0,0
BRDA:225,9,1,0
BRDA:235,10,0,0
BRDA:235,10,1,0
BRDA:263,11,0,0
BRDA:263,11,1,0
BRDA:264,12,0,0
BRDA:264,12,1,0
BRDA:265,13,0,0
BRDA:265,13,1,0
BRDA:266,14,0,0
BRDA:266,14,1,0
BRDA:267,15,0,0
BRDA:267,15,1,0
BRDA:268,16,0,0
BRDA:268,16,1,0
BRDA:285,17,0,0
BRDA:285,17,1,0
BRDA:299,18,0,0
BRDA:299,18,1,0
BRDA:307,19,0,0
BRDA:307,19,1,0
BRDA:360,20,0,0
BRDA:360,20,1,0
BRDA:385,21,0,0
BRDA:385,21,1,0
BRDA:404,22,0,0
BRDA:404,22,1,0
BRDA:408,23,0,0
BRDA:408,23,1,0
BRDA:408,24,0,0
BRDA:408,24,1,0
BRDA:435,25,0,0
BRDA:435,25,1,0
BRDA:454,26,0,0
BRDA:454,26,1,0
BRDA:455,27,0,0
BRDA:455,27,1,0
BRDA:456,28,0,0
BRDA:456,28,1,0
BRDA:466,29,0,0
BRDA:466,29,1,0
BRDA:484,30,0,0
BRDA:484,30,1,0
BRDA:505,31,0,0
BRDA:505,31,1,0
BRDA:511,32,0,0
BRDA:511,32,1,0
BRDA:533,33,0,0
BRDA:533,33,1,0
BRDA:541,34,0,0
BRDA:541,34,1,0
BRDA:567,35,0,0
BRDA:567,35,1,0
BRDA:580,36,0,0
BRDA:580,36,1,0
BRDA:584,37,0,0
BRDA:584,37,1,0
BRDA:589,38,0,0
BRDA:589,38,1,0
BRDA:602,39,0,0
BRDA:602,39,1,0
BRDA:608,40,0,0
BRDA:608,40,1,0
BRDA:610,41,0,0
BRDA:610,41,1,0
BRDA:611,42,0,0
BRDA:611,42,1,0
BRDA:631,43,0,0
BRDA:631,43,1,0
BRDA:661,44,0,0
BRDA:661,44,1,0
BRDA:675,45,0,0
BRDA:675,45,1,0
BRDA:768,46,0,0
BRDA:768,46,1,0
BRDA:777,47,0,0
BRDA:777,47,1,0
BRDA:791,48,0,0
BRDA:791,48,1,0
BRDA:792,49,0,0
BRDA:792,49,1,0
BRDA:812,50,0,0
BRDA:812,50,1,0
BRDA:813,51,0,0
BRDA:813,51,1,0
BRDA:842,52,0,0
BRDA:842,52,1,0
BRF:107
BRH:0
end_of_record
TN:
SF:src/pages/BrowsePage.tsx
FN:18,(anonymous_0)
FN:20,(anonymous_1)
FN:21,(anonymous_2)
FN:23,(anonymous_3)
FN:29,(anonymous_4)
FN:70,(anonymous_5)
FN:72,(anonymous_6)
FN:74,(anonymous_7)
FN:87,(anonymous_8)
FN:93,(anonymous_9)
FN:104,(anonymous_10)
FN:106,(anonymous_11)
FN:107,(anonymous_12)
FN:118,(anonymous_13)
FN:125,(anonymous_14)
FN:152,(anonymous_15)
FN:156,(anonymous_16)
FN:176,(anonymous_17)
FN:190,(anonymous_18)
FN:199,(anonymous_19)
FN:223,(anonymous_20)
FN:234,(anonymous_21)
FN:238,(anonymous_22)
FN:243,(anonymous_23)
FN:262,(anonymous_24)
FN:270,(anonymous_25)
FN:277,(anonymous_26)
FN:279,(anonymous_27)
FN:286,(anonymous_28)
FNF:29
FNH:0
FNDA:0,(anonymous_0)
FNDA:0,(anonymous_1)
FNDA:0,(anonymous_2)
FNDA:0,(anonymous_3)
FNDA:0,(anonymous_4)
FNDA:0,(anonymous_5)
FNDA:0,(anonymous_6)
FNDA:0,(anonymous_7)
FNDA:0,(anonymous_8)
FNDA:0,(anonymous_9)
FNDA:0,(anonymous_10)
FNDA:0,(anonymous_11)
FNDA:0,(anonymous_12)
FNDA:0,(anonymous_13)
FNDA:0,(anonymous_14)
FNDA:0,(anonymous_15)
FNDA:0,(anonymous_16)
FNDA:0,(anonymous_17)
FNDA:0,(anonymous_18)
FNDA:0,(anonymous_19)
FNDA:0,(anonymous_20)
FNDA:0,(anonymous_21)
FNDA:0,(anonymous_22)
FNDA:0,(anonymous_23)
FNDA:0,(anonymous_24)
FNDA:0,(anonymous_25)
FNDA:0,(anonymous_26)
FNDA:0,(anonymous_27)
FNDA:0,(anonymous_28)
DA:18,0
DA:19,0
DA:20,0
DA:21,0
DA:23,0
DA:24,0
DA:25,0
DA:29,0
DA:30,0
DA:33,0
DA:70,0
DA:75,0
DA:88,0
DA:104,0
DA:105,0
DA:106,0
DA:107,0
DA:108,0
DA:109,0
DA:112,0
DA:113,0
DA:114,0
DA:116,0
DA:117,0
DA:119,0
DA:120,0
DA:121,0
DA:125,0
DA:127,0
DA:129,0
DA:142,0
DA:152,0
DA:153,0
DA:156,0
DA:157,0
DA:158,0
DA:159,0
DA:162,0
DA:176,0
DA:190,0
DA:199,0
DA:223,0
DA:234,0
DA:239,0
DA:243,0
DA:262,0
DA:270,0
DA:277,0
DA:280,0
DA:286,0
LF:50
LH:0
BRDA:24,0,0,0
BRDA:24,0,1,0
BRDA:142,1,0,0
BRDA:159,2,0,0
BRDA:159,2,1,0
BRDA:232,3,0,0
BRDA:232,3,1,0
BRDA:242,4,0,0
BRDA:242,4,1,0
BRF:9
BRH:0
end_of_record
TN:
SF:src/pages/DealWizard.tsx
FN:10,(anonymous_0)
FN:13,(anonymous_1)
FN:27,(anonymous_2)
FN:29,(anonymous_3)
FN:32,(anonymous_4)
FN:36,(anonymous_5)
FN:40,(anonymous_6)
FN:41,(anonymous_7)
FN:44,(anonymous_8)
FN:54,(anonymous_9)
FN:57,(anonymous_10)
FN:67,(anonymous_11)
FN:106,(anonymous_12)
FNF:13
FNH:0
FNDA:0,(anonymous_0)
FNDA:0,(anonymous_1)
FNDA:0,(anonymous_2)
FNDA:0,(anonymous_3)
FNDA:0,(anonymous_4)
FNDA:0,(anonymous_5)
FNDA:0,(anonymous_6)
FNDA:0,(anonymous_7)
FNDA:0,(anonymous_8)
FNDA:0,(anonymous_9)
FNDA:0,(anonymous_10)
FNDA:0,(anonymous_11)
FNDA:0,(anonymous_12)
DA:8,0
DA:10,0
DA:11,0
DA:12,0
DA:13,0
DA:14,0
DA:15,0
DA:27,0
DA:28,0
DA:29,0
DA:32,0
DA:33,0
DA:34,0
DA:36,0
DA:40,0
DA:41,0
DA:44,0
DA:45,0
DA:54,0
DA:57,0
DA:58,0
DA:60,0
DA:68,0
DA:75,0
DA:88,0
DA:98,0
DA:102,0
DA:107,0
LF:28
LH:0
BRDA:33,0,0,0
BRDA:33,0,1,0
BRDA:58,1,0,0
BRDA:58,1,1,0
BRDA:58,1,2,0
BRDA:58,1,3,0
BRDA:113,2,0,0
BRDA:113,2,1,0
BRDA:116,3,0,0
BRDA:116,3,1,0
BRDA:120,4,0,0
BRDA:120,4,1,0
BRDA:120,5,0,0
BRDA:120,5,1,0
BRF:14
BRH:0
end_of_record
TN:
SF:src/pages/DealsPage.tsx
FN:16,(anonymous_0)
FN:23,(anonymous_1)
FN:32,(anonymous_2)
FN:50,(anonymous_3)
FN:54,(anonymous_4)
FN:57,(anonymous_5)
FN:67,(anonymous_6)
FN:73,(anonymous_7)
FN:86,(anonymous_8)
FNF:9
FNH:0
FNDA:0,(anonymous_0)
FNDA:0,(anonymous_1)
FNDA:0,(anonymous_2)
FNDA:0,(anonymous_3)
FNDA:0,(anonymous_4)
FNDA:0,(anonymous_5)
FNDA:0,(anonymous_6)
FNDA:0,(anonymous_7)
FNDA:0,(anonymous_8)
DA:11,0
DA:16,0
DA:24,0
DA:25,0
DA:33,0
DA:42,0
DA:50,0
DA:54,0
DA:55,0
DA:56,0
DA:57,0
DA:60,0
DA:63,0
DA:67,0
DA:68,0
DA:69,0
DA:73,0
DA:74,0
DA:77,0
DA:78,0
DA:80,0
DA:86,0
LF:22
LH:0
BRDA:16,0,0,0
BRDA:16,0,1,0
BRDA:16,0,2,0
BRDA:24,1,0,0
BRDA:24,1,1,0
BRDA:42,2,0,0
BRDA:42,2,1,0
BRDA:50,3,0,0
BRDA:50,3,1,0
BRDA:68,4,0,0
BRDA:68,4,1,0
BRDA:77,5,0,0
BRDA:77,5,1,0
BRDA:77,6,0,0
BRDA:77,6,1,0
BRDA:78,7,0,0
BRDA:78,7,1,0
BRF:17
BRH:0
end_of_record
TN:
SF:src/pages/LandingPage.tsx
FN:11,(anonymous_0)
FN:16,(anonymous_1)
FN:100,(anonymous_2)
FN:130,(anonymous_3)
FN:131,(anonymous_4)
FN:132,(anonymous_5)
FN:182,(anonymous_6)
FN:190,(anonymous_7)
FN:214,(anonymous_8)
FNF:9
FNH:0
FNDA:0,(anonymous_0)
FNDA:0,(anonymous_1)
FNDA:0,(anonymous_2)
FNDA:0,(anonymous_3)
FNDA:0,(anonymous_4)
FNDA:0,(anonymous_5)
FNDA:0,(anonymous_6)
FNDA:0,(anonymous_7)
FNDA:0,(anonymous_8)
DA:11,0
DA:12,0
DA:13,0
DA:14,0
DA:16,0
DA:17,0
DA:18,0
DA:21,0
DA:44,0
DA:100,0
DA:130,0
DA:131,0
DA:132,0
DA:182,0
DA:191,0
DA:215,0
LF:16
LH:0
BRDA:37,0,0,0
BRDA:37,0,1,0
BRF:2
BRH:0
end_of_record
TN:
SF:src/pages/MessagesPage.tsx
FN:9,(anonymous_0)
FN:11,(anonymous_1)
FNF:2
FNH:0
FNDA:0,(anonymous_0)
FNDA:0,(anonymous_1)
DA:9,0
DA:10,0
DA:11,0
DA:12,0
DA:14,0
DA:15,0
DA:18,0
LF:7
LH:0
BRDA:14,0,0,0
BRDA:14,0,1,0
BRDA:26,1,0,0
BRDA:26,1,1,0
BRF:4
BRH:0
end_of_record
TN:
SF:src/pages/NotificationsPage.tsx
FN:11,(anonymous_0)
FN:14,(anonymous_1)
FN:16,(anonymous_2)
FN:21,(anonymous_3)
FN:41,(anonymous_4)
FN:44,(anonymous_5)
FNF:6
FNH:0
FNDA:0,(anonymous_0)
FNDA:0,(anonymous_1)
FNDA:0,(anonymous_2)
FNDA:0,(anonymous_3)
FNDA:0,(anonymous_4)
FNDA:0,(anonymous_5)
DA:11,0
DA:12,0
DA:13,0
DA:14,0
DA:16,0
DA:17,0
DA:18,0
DA:21,0
DA:22,0
DA:23,0
DA:24,0
DA:25,0
DA:26,0
DA:27,0
DA:31,0
DA:42,0
DA:44,0
LF:17
LH:0
BRDA:18,0,0,0
BRDA:18,0,1,0
BRDA:22,1,0,0
BRDA:22,1,1,0
BRDA:22,1,2,0
BRDA:22,1,3,0
BRDA:22,1,4,0
BRDA:34,2,0,0
BRDA:34,2,1,0
BRDA:45,3,0,0
BRDA:45,3,1,0
BRDA:55,4,0,0
BRDA:55,4,1,0
BRDA:63,5,0,0
BRDA:63,5,1,0
BRF:15
BRH:0
end_of_record
TN:
SF:src/pages/PropertyDetailPage.tsx
FN:16,(anonymous_0)
FN:30,(anonymous_1)
FN:36,(anonymous_2)
FN:37,(anonymous_3)
FN:38,(anonymous_4)
FN:39,(anonymous_5)
FN:50,(anonymous_6)
FN:70,(anonymous_7)
FN:76,(anonymous_8)
FN:94,(anonymous_9)
FN:97,(anonymous_10)
FN:152,(anonymous_11)
FN:158,(anonymous_12)
FN:161,(anonymous_13)
FN:180,(anonymous_14)
FN:189,(anonymous_15)
FN:229,(anonymous_16)
FN:282,(anonymous_17)
FN:303,(anonymous_18)
FN:356,(anonymous_19)
FN:382,(anonymous_20)
FN:382,(anonymous_21)
FNF:22
FNH:0
FNDA:0,(anonymous_0)
FNDA:0,(anonymous_1)
FNDA:0,(anonymous_2)
FNDA:0,(anonymous_3)
FNDA:0,(anonymous_4)
FNDA:0,(anonymous_5)
FNDA:0,(anonymous_6)
FNDA:0,(anonymous_7)
FNDA:0,(anonymous_8)
FNDA:0,(anonymous_9)
FNDA:0,(anonymous_10)
FNDA:0,(anonymous_11)
FNDA:0,(anonymous_12)
FNDA:0,(anonymous_13)
FNDA:0,(anonymous_14)
FNDA:0,(anonymous_15)
FNDA:0,(anonymous_16)
FNDA:0,(anonymous_17)
FNDA:0,(anonymous_18)
FNDA:0,(anonymous_19)
FNDA:0,(anonymous_20)
FNDA:0,(anonymous_21)
DA:16,0
DA:17,0
DA:30,0
DA:31,0
DA:32,0
DA:33,0
DA:34,0
DA:36,0
DA:37,0
DA:38,0
DA:39,0
DA:41,0
DA:42,0
DA:45,0
DA:50,0
DA:51,0
DA:54,0
DA:55,0
DA:57,0
DA:58,0
DA:65,0
DA:66,0
DA:67,0
DA:68,0
DA:70,0
DA:71,0
DA:72,0
DA:73,0
DA:76,0
DA:77,0
DA:79,0
DA:80,0
DA:81,0
DA:86,0
DA:93,0
DA:95,0
DA:98,0
DA:102,0
DA:105,0
DA:128,0
DA:152,0
DA:158,0
DA:162,0
DA:180,0
DA:189,0
DA:229,0
DA:282,0
DA:303,0
DA:356,0
DA:382,0
DA:383,0
LF:51
LH:0
BRDA:20,0,0,0
BRDA:20,0,1,0
BRDA:47,1,0,0
BRDA:47,1,1,0
BRDA:51,2,0,0
BRDA:51,2,1,0
BRDA:51,3,0,0
BRDA:51,3,1,0
BRDA:54,4,0,0
BRDA:54,4,1,0
BRDA:55,5,0,0
BRDA:55,5,1,0
BRDA:57,6,0,0
BRDA:57,6,1,0
BRDA:57,7,0,0
BRDA:57,7,1,0
BRDA:66,8,0,0
BRDA:66,8,1,0
BRDA:68,9,0,0
BRDA:68,9,1,0
BRDA:71,10,0,0
BRDA:71,10,1,0
BRDA:73,11,0,0
BRDA:73,11,1,0
BRDA:77,12,0,0
BRDA:77,12,1,0
BRDA:79,13,0,0
BRDA:79,13,1,0
BRDA:102,14,0,0
BRDA:102,14,1,0
BRDA:102,14,2,0
BRDA:122,15,0,0
BRDA:122,15,1,0
BRDA:145,16,0,0
BRDA:145,16,1,0
BRDA:157,17,0,0
BRDA:157,17,1,0
BRDA:162,18,0,0
BRDA:162,18,1,0
BRDA:164,19,0,0
BRDA:164,19,1,0
BRDA:166,20,0,0
BRDA:166,20,1,0
BRDA:175,21,0,0
BRDA:175,21,1,0
BRDA:188,22,0,0
BRDA:188,22,1,0
BRDA:192,23,0,0
BRDA:192,23,1,0
BRDA:203,24,0,0
BRDA:203,24,1,0
BRDA:203,24,2,0
BRDA:211,25,0,0
BRDA:211,25,1,0
BRDA:238,26,0,0
BRDA:238,26,1,0
BRDA:243,27,0,0
BRDA:243,27,1,0
BRDA:274,28,0,0
BRDA:274,28,1,0
BRDA:303,29,0,0
BRDA:303,29,1,0
BRDA:304,30,0,0
BRDA:304,30,1,0
BRDA:306,31,0,0
BRDA:306,31,1,0
BRDA:306,32,0,0
BRDA:306,32,1,0
BRDA:306,33,0,0
BRDA:306,33,1,0
BRDA:323,34,0,0
BRDA:323,34,1,0
BRDA:328,35,0,0
BRDA:328,35,1,0
BRDA:340,36,0,0
BRDA:340,36,1,0
BRDA:342,37,0,0
BRDA:342,37,1,0
BRDA:354,38,0,0
BRDA:354,38,1,0
BRDA:364,39,0,0
BRDA:364,39,1,0
BRDA:368,40,0,0
BRDA:368,40,1,0
BRDA:372,41,0,0
BRDA:372,41,1,0
BRDA:372,41,2,0
BRF:87
BRH:0
end_of_record
TN:
SF:src/pages/account/ActivityLogPage.tsx
FN:8,(anonymous_0)
FN:10,(anonymous_1)
FN:12,(anonymous_2)
FN:39,(anonymous_3)
FNF:4
FNH:0
FNDA:0,(anonymous_0)
FNDA:0,(anonymous_1)
FNDA:0,(anonymous_2)
FNDA:0,(anonymous_3)
DA:8,0
DA:9,0
DA:10,0
DA:12,0
DA:13,0
DA:16,0
DA:40,0
LF:7
LH:0
BRDA:36,0,0,0
BRDA:36,0,1,0
BRF:2
BRH:0
end_of_record
TN:
SF:src/pages/account/LoyaltyPage.tsx
FN:10,(anonymous_0)
FN:12,(anonymous_1)
FN:15,(anonymous_2)
FN:19,(anonymous_3)
FN:57,(anonymous_4)
FN:73,(anonymous_5)
FN:85,(anonymous_6)
FNF:7
FNH:0
FNDA:0,(anonymous_0)
FNDA:0,(anonymous_1)
FNDA:0,(anonymous_2)
FNDA:0,(anonymous_3)
FNDA:0,(anonymous_4)
FNDA:0,(anonymous_5)
FNDA:0,(anonymous_6)
DA:10,0
DA:11,0
DA:12,0
DA:13,0
DA:15,0
DA:16,0
DA:19,0
DA:20,0
DA:21,0
DA:24,0
DA:25,0
DA:27,0
DA:58,0
DA:73,0
DA:86,0
LF:15
LH:0
BRDA:59,0,0,0
BRDA:59,0,1,0
BRDA:72,1,0,0
BRDA:72,1,1,0
BRDA:75,2,0,0
BRDA:75,2,1,0
BRDA:86,3,0,0
BRDA:86,3,1,0
BRDA:88,4,0,0
BRDA:88,4,1,0
BRDA:96,5,0,0
BRDA:96,5,1,0
BRDA:97,6,0,0
BRDA:97,6,1,0
BRF:14
BRH:0
end_of_record
TN:
SF:src/pages/account/PreferencesPage.tsx
FN:6,(anonymous_0)
FN:21,(anonymous_1)
FN:22,(anonymous_2)
FN:29,(anonymous_3)
FN:30,(anonymous_4)
FN:32,(anonymous_5)
FNF:6
FNH:0
FNDA:0,(anonymous_0)
FNDA:0,(anonymous_1)
FNDA:0,(anonymous_2)
FNDA:0,(anonymous_3)
FNDA:0,(anonymous_4)
FNDA:0,(anonymous_5)
DA:6,0
DA:7,0
DA:22,0
DA:30,0
LF:4
LH:0
BRDA:22,0,0,0
BRDA:22,0,1,0
BRDA:22,1,0,0
BRDA:22,1,1,0
BRF:4
BRH:0
end_of_record
TN:
SF:src/pages/account/ProfilePage.tsx
FN:8,(anonymous_0)
FN:9,(anonymous_1)
FNF:2
FNH:0
FNDA:0,(anonymous_0)
FNDA:0,(anonymous_1)
DA:8,0
DA:9,0
DA:11,0
LF:3
LH:0
BRF:0
BRH:0
end_of_record
TN:
SF:src/pages/account/SavedDealsPage.tsx
FN:11,(anonymous_0)
FN:13,(anonymous_1)
FN:14,(anonymous_2)
FN:21,(anonymous_3)
FN:25,(anonymous_4)
FNF:5
FNH:0
FNDA:0,(anonymous_0)
FNDA:0,(anonymous_1)
FNDA:0,(anonymous_2)
FNDA:0,(anonymous_3)
FNDA:0,(anonymous_4)
DA:11,0
DA:12,0
DA:13,0
DA:14,0
DA:16,0
DA:21,0
DA:26,0
LF:7
LH:0
BRDA:18,0,0,0
BRDA:18,0,1,0
BRF:2
BRH:0
end_of_record
TN:
SF:src/pages/account/SettingsPage.tsx
FN:6,(anonymous_0)
FNF:1
FNH:0
FNDA:0,(anonymous_0)
DA:6,0
DA:7,0
LF:2
LH:0
BRF:0
BRH:0
end_of_record
TN:
SF:src/pages/agent/AgentAnalyticsPage.tsx
FN:11,(anonymous_0)
FN:13,(anonymous_1)
FN:15,(anonymous_2)
FN:28,(anonymous_3)
FN:32,(anonymous_4)
FN:65,(anonymous_5)
FN:73,(anonymous_6)
FN:101,(anonymous_7)
FNF:8
FNH:0
FNDA:0,(anonymous_0)
FNDA:0,(anonymous_1)
FNDA:0,(anonymous_2)
FNDA:0,(anonymous_3)
FNDA:0,(anonymous_4)
FNDA:0,(anonymous_5)
FNDA:0,(anonymous_6)
FNDA:0,(anonymous_7)
DA:11,0
DA:12,0
DA:13,0
DA:15,0
DA:16,0
DA:19,0
DA:21,0
DA:23,0
DA:28,0
DA:33,0
DA:66,0
DA:74,0
DA:102,0
LF:13
LH:0
BRDA:19,0,0,0
BRDA:19,0,1,0
BRDA:19,1,0,0
BRDA:19,1,1,0
BRF:4
BRH:0
end_of_record
TN:
SF:src/pages/agent/AgentDashboard.tsx
FN:9,(anonymous_0)
FN:21,(anonymous_1)
FN:24,(anonymous_2)
FN:26,(anonymous_3)
FN:43,(anonymous_4)
FN:77,(anonymous_5)
FNF:6
FNH:0
FNDA:0,(anonymous_0)
FNDA:0,(anonymous_1)
FNDA:0,(anonymous_2)
FNDA:0,(anonymous_3)
FNDA:0,(anonymous_4)
FNDA:0,(anonymous_5)
DA:9,0
DA:10,0
DA:21,0
DA:22,0
DA:23,0
DA:24,0
DA:26,0
DA:27,0
DA:30,0
DA:32,0
DA:43,0
DA:78,0
LF:12
LH:0
BRDA:30,0,0,0
BRDA:30,0,1,0
BRDA:74,1,0,0
BRDA:74,1,1,0
BRDA:79,2,0,0
BRDA:79,2,1,0
BRDA:87,3,0,0
BRDA:87,3,1,0
BRDA:87,4,0,0
BRDA:87,4,1,0
BRF:10
BRH:0
end_of_record
TN:
SF:src/pages/agent/AgentDealPage.tsx
FN:15,(anonymous_0)
FN:22,(anonymous_1)
FN:31,(anonymous_2)
FN:35,(anonymous_3)
FN:42,(anonymous_4)
FN:46,(anonymous_5)
FN:65,(anonymous_6)
FN:73,(anonymous_7)
FN:107,(anonymous_8)
FN:134,(anonymous_9)
FN:142,(anonymous_10)
FNF:11
FNH:0
FNDA:0,(anonymous_0)
FNDA:0,(anonymous_1)
FNDA:0,(anonymous_2)
FNDA:0,(anonymous_3)
FNDA:0,(anonymous_4)
FNDA:0,(anonymous_5)
FNDA:0,(anonymous_6)
FNDA:0,(anonymous_7)
FNDA:0,(anonymous_8)
FNDA:0,(anonymous_9)
FNDA:0,(anonymous_10)
DA:15,0
DA:16,0
DA:17,0
DA:18,0
DA:19,0
DA:20,0
DA:22,0
DA:25,0
DA:30,0
DA:32,0
DA:33,0
DA:36,0
DA:40,0
DA:42,0
DA:43,0
DA:46,0
DA:47,0
DA:48,0
DA:55,0
DA:57,0
DA:59,0
DA:65,0
DA:73,0
DA:108,0
DA:134,0
DA:142,0
LF:26
LH:0
BRDA:25,0,0,0
BRDA:33,1,0,0
BRDA:33,1,1,0
BRDA:43,2,0,0
BRDA:43,2,1,0
BRDA:47,3,0,0
BRDA:47,3,1,0
BRDA:55,4,0,0
BRDA:55,4,1,0
BRDA:57,5,0,0
BRDA:57,5,1,0
BRDA:57,5,2,0
BRDA:75,6,0,0
BRDA:75,6,1,0
BRDA:79,7,0,0
BRDA:79,7,1,0
BRDA:99,8,0,0
BRDA:99,8,1,0
BRDA:101,9,0,0
BRDA:101,9,1,0
BRDA:108,10,0,0
BRDA:108,10,1,0
BRDA:111,11,0,0
BRDA:111,11,1,0
BRDA:115,12,0,0
BRDA:115,12,1,0
BRDA:124,13,0,0
BRDA:124,13,1,0
BRDA:126,14,0,0
BRDA:126,14,1,0
BRDA:150,15,0,0
BRDA:150,15,1,0
BRDA:163,16,0,0
BRDA:163,16,1,0
BRDA:163,16,2,0
BRF:35
BRH:0
end_of_record
TN:
SF:src/pages/agent/AgentDealsPage.tsx
FN:10,(anonymous_0)
FN:13,(anonymous_1)
FN:16,(anonymous_2)
FN:20,(anonymous_3)
FN:32,(anonymous_4)
FN:46,(anonymous_5)
FN:74,(anonymous_6)
FN:75,(anonymous_7)
FN:98,(anonymous_8)
FN:101,(anonymous_9)
FNF:10
FNH:0
FNDA:0,(anonymous_0)
FNDA:0,(anonymous_1)
FNDA:0,(anonymous_2)
FNDA:0,(anonymous_3)
FNDA:0,(anonymous_4)
FNDA:0,(anonymous_5)
FNDA:0,(anonymous_6)
FNDA:0,(anonymous_7)
FNDA:0,(anonymous_8)
FNDA:0,(anonymous_9)
DA:10,0
DA:11,0
DA:12,0
DA:13,0
DA:14,0
DA:16,0
DA:17,0
DA:20,0
DA:21,0
DA:25,0
DA:32,0
DA:46,0
DA:75,0
DA:98,0
DA:101,0
LF:15
LH:0
BRDA:21,0,0,0
BRDA:21,0,1,0
BRDA:69,1,0,0
BRDA:69,1,1,0
BRDA:71,2,0,0
BRDA:71,2,1,0
BRF:6
BRH:0
end_of_record
TN:
SF:src/pages/agent/AgentInvestorsPage.tsx
FN:9,(anonymous_0)
FN:11,(anonymous_1)
FN:14,(anonymous_2)
FN:18,(anonymous_3)
FN:45,(anonymous_4)
FN:46,(anonymous_5)
FN:70,(anonymous_6)
FN:84,(anonymous_7)
FN:92,(anonymous_8)
FN:103,(anonymous_9)
FNF:10
FNH:0
FNDA:0,(anonymous_0)
FNDA:0,(anonymous_1)
FNDA:0,(anonymous_2)
FNDA:0,(anonymous_3)
FNDA:0,(anonymous_4)
FNDA:0,(anonymous_5)
FNDA:0,(anonymous_6)
FNDA:0,(anonymous_7)
FNDA:0,(anonymous_8)
FNDA:0,(anonymous_9)
DA:9,0
DA:10,0
DA:11,0
DA:12,0
DA:14,0
DA:15,0
DA:18,0
DA:19,0
DA:20,0
DA:21,0
DA:25,0
DA:46,0
DA:70,0
DA:84,0
DA:92,0
DA:103,0
LF:16
LH:0
BRDA:20,0,0,0
BRDA:20,0,1,0
BRDA:20,1,0,0
BRDA:20,1,1,0
BRDA:42,2,0,0
BRDA:42,2,1,0
BRDA:52,3,0,0
BRDA:52,3,1,0
BRDA:60,4,0,0
BRDA:60,4,1,0
BRDA:60,5,0,0
BRDA:60,5,1,0
BRDA:87,6,0,0
BRDA:87,6,1,0
BRDA:101,7,0,0
BRDA:101,7,1,0
BRDA:105,8,0,0
BRDA:105,8,1,0
BRDA:120,9,0,0
BRDA:120,9,1,0
BRF:20
BRH:0
end_of_record
TN:
SF:src/pages/agent/AgentOffersPage.tsx
FN:8,(anonymous_0)
FN:34,(anonymous_1)
FN:38,(anonymous_2)
FN:40,(anonymous_3)
FN:51,(anonymous_4)
FN:51,(anonymous_5)
FN:52,(anonymous_6)
FN:64,(anonymous_7)
FN:64,(anonymous_8)
FNF:9
FNH:0
FNDA:0,(anonymous_0)
FNDA:0,(anonymous_1)
FNDA:0,(anonymous_2)
FNDA:0,(anonymous_3)
FNDA:0,(anonymous_4)
FNDA:0,(anonymous_5)
FNDA:0,(anonymous_6)
FNDA:0,(anonymous_7)
FNDA:0,(anonymous_8)
DA:8,0
DA:9,0
DA:34,0
DA:36,0
DA:38,0
DA:40,0
DA:43,0
DA:51,0
DA:52,0
DA:64,0
LF:10
LH:0
BRDA:24,0,0,0
BRDA:24,0,1,0
BRDA:25,1,0,0
BRDA:25,1,1,0
BRDA:52,2,0,0
BRDA:52,2,1,0
BRF:6
BRH:0
end_of_record
TN:
SF:src/pages/agent/AgentReferralsPage.tsx
FN:8,(anonymous_0)
FN:10,(anonymous_1)
FN:12,(anonymous_2)
FN:17,(anonymous_3)
FN:18,(anonymous_4)
FN:55,(anonymous_5)
FNF:6
FNH:0
FNDA:0,(anonymous_0)
FNDA:0,(anonymous_1)
FNDA:0,(anonymous_2)
FNDA:0,(anonymous_3)
FNDA:0,(anonymous_4)
FNDA:0,(anonymous_5)
DA:8,0
DA:9,0
DA:10,0
DA:12,0
DA:13,0
DA:16,0
DA:17,0
DA:18,0
DA:20,0
DA:56,0
LF:10
LH:0
BRDA:17,0,0,0
BRDA:17,0,1,0
BRDA:52,1,0,0
BRDA:52,1,1,0
BRDA:63,2,0,0
BRDA:63,2,1,0
BRDA:67,3,0,0
BRDA:67,3,1,0
BRDA:75,4,0,0
BRDA:75,4,1,0
BRDA:75,5,0,0
BRDA:75,5,1,0
BRF:12
BRH:0
end_of_record
TN:
SF:src/pages/agent/DealEditorPage.tsx
FN:10,(anonymous_0)
FN:17,(anonymous_1)
FN:26,(anonymous_2)
FN:32,(anonymous_3)
FN:38,(anonymous_4)
FN:47,(anonymous_5)
FN:58,(anonymous_6)
FN:74,(anonymous_7)
FN:168,(anonymous_8)
FN:189,(anonymous_9)
FNF:10
FNH:0
FNDA:0,(anonymous_0)
FNDA:0,(anonymous_1)
FNDA:0,(anonymous_2)
FNDA:0,(anonymous_3)
FNDA:0,(anonymous_4)
FNDA:0,(anonymous_5)
FNDA:0,(anonymous_6)
FNDA:0,(anonymous_7)
FNDA:0,(anonymous_8)
FNDA:0,(anonymous_9)
DA:10,0
DA:11,0
DA:12,0
DA:13,0
DA:14,0
DA:16,0
DA:17,0
DA:18,0
DA:21,0
DA:26,0
DA:27,0
DA:28,0
DA:32,0
DA:33,0
DA:34,0
DA:38,0
DA:39,0
DA:40,0
DA:43,0
DA:47,0
DA:58,0
DA:74,0
DA:168,0
DA:189,0
LF:24
LH:0
BRDA:27,0,0,0
BRDA:27,0,1,0
BRDA:27,1,0,0
BRDA:27,1,1,0
BRDA:33,2,0,0
BRDA:33,2,1,0
BRDA:33,3,0,0
BRDA:33,3,1,0
BRDA:48,4,0,0
BRDA:48,4,1,0
BRDA:68,5,0,0
BRDA:68,5,1,0
BRDA:107,6,0,0
BRDA:107,6,1,0
BRDA:148,7,0,0
BRDA:148,7,1,0
BRDA:155,8,0,0
BRDA:155,8,1,0
BRDA:179,9,0,0
BRDA:179,9,1,0
BRDA:205,10,0,0
BRDA:205,10,1,0
BRDA:206,11,0,0
BRDA:206,11,1,0
BRF:24
BRH:0
end_of_record
TN:
SF:src/pages/analytics/AnalyticsPage.tsx
FN:7,(anonymous_0)
FN:43,(anonymous_1)
FNF:2
FNH:0
FNDA:0,(anonymous_0)
FNDA:0,(anonymous_1)
DA:7,0
DA:8,0
DA:11,0
DA:13,0
DA:14,0
DA:21,0
DA:22,0
DA:29,0
DA:43,0
LF:9
LH:0
BRDA:13,0,0,0
BRDA:13,0,1,0
BRDA:21,1,0,0
BRDA:21,1,1,0
BRDA:53,2,0,0
BRDA:53,2,1,0
BRDA:59,3,0,0
BRDA:59,3,1,0
BRDA:65,4,0,0
BRDA:65,4,1,0
BRDA:65,5,0,0
BRDA:65,5,1,0
BRDA:71,6,0,0
BRDA:71,6,1,0
BRF:14
BRH:0
end_of_record
TN:
SF:src/pages/analytics/InvestorAnalyticsPage.tsx
FN:12,(anonymous_0)
FN:14,(anonymous_1)
FN:16,(anonymous_2)
FN:27,(anonymous_3)
FN:31,(anonymous_4)
FN:57,(anonymous_5)
FNF:6
FNH:0
FNDA:0,(anonymous_0)
FNDA:0,(anonymous_1)
FNDA:0,(anonymous_2)
FNDA:0,(anonymous_3)
FNDA:0,(anonymous_4)
FNDA:0,(anonymous_5)
DA:12,0
DA:13,0
DA:14,0
DA:16,0
DA:17,0
DA:20,0
DA:22,0
DA:27,0
DA:32,0
DA:58,0
LF:10
LH:0
BRDA:20,0,0,0
BRDA:20,0,1,0
BRDA:20,1,0,0
BRDA:20,1,1,0
BRF:4
BRH:0
end_of_record
TN:
SF:src/pages/auth/ForgotPasswordPage.tsx
FN:7,(anonymous_0)
FN:12,(anonymous_1)
FN:24,(anonymous_2)
FN:33,(anonymous_3)
FN:40,(anonymous_4)
FNF:5
FNH:0
FNDA:0,(anonymous_0)
FNDA:0,(anonymous_1)
FNDA:0,(anonymous_2)
FNDA:0,(anonymous_3)
FNDA:0,(anonymous_4)
DA:7,0
DA:8,0
DA:9,0
DA:10,0
DA:12,0
DA:13,0
DA:14,0
DA:17,0
DA:24,0
DA:33,0
DA:40,0
LF:11
LH:0
BRDA:19,0,0,0
BRDA:19,0,1,0
BRF:2
BRH:0
end_of_record
TN:
SF:src/pages/auth/SignInPage.tsx
FN:9,(anonymous_0)
FN:12,(anonymous_1)
FN:17,(anonymous_2)
FN:21,(anonymous_3)
FN:36,(anonymous_4)
FN:44,(anonymous_5)
FN:53,(anonymous_6)
FN:77,(anonymous_7)
FNF:8
FNH:0
FNDA:0,(anonymous_0)
FNDA:0,(anonymous_1)
FNDA:0,(anonymous_2)
FNDA:0,(anonymous_3)
FNDA:0,(anonymous_4)
FNDA:0,(anonymous_5)
FNDA:0,(anonymous_6)
FNDA:0,(anonymous_7)
DA:9,0
DA:10,0
DA:11,0
DA:12,0
DA:14,0
DA:15,0
DA:17,0
DA:18,0
DA:21,0
DA:22,0
DA:23,0
DA:26,0
DA:36,0
DA:44,0
DA:53,0
DA:77,0
LF:16
LH:0
BRDA:18,0,0,0
BRDA:18,0,1,0
BRDA:29,1,0,0
BRDA:29,1,1,0
BRDA:69,2,0,0
BRDA:69,2,1,0
BRF:6
BRH:0
end_of_record
TN:
SF:src/pages/auth/SignUpPage.tsx
FN:9,(anonymous_0)
FN:12,(anonymous_1)
FN:23,(anonymous_2)
FN:33,(anonymous_3)
FN:57,(anonymous_4)
FN:66,(anonymous_5)
FN:77,(anonymous_6)
FN:85,(anonymous_7)
FN:93,(anonymous_8)
FN:101,(anonymous_9)
FN:128,(anonymous_10)
FNF:11
FNH:0
FNDA:0,(anonymous_0)
FNDA:0,(anonymous_1)
FNDA:0,(anonymous_2)
FNDA:0,(anonymous_3)
FNDA:0,(anonymous_4)
FNDA:0,(anonymous_5)
FNDA:0,(anonymous_6)
FNDA:0,(anonymous_7)
FNDA:0,(anonymous_8)
FNDA:0,(anonymous_9)
FNDA:0,(anonymous_10)
DA:9,0
DA:10,0
DA:11,0
DA:12,0
DA:14,0
DA:23,0
DA:24,0
DA:25,0
DA:26,0
DA:28,0
DA:33,0
DA:34,0
DA:35,0
DA:36,0
DA:37,0
DA:39,0
DA:46,0
DA:57,0
DA:66,0
DA:77,0
DA:85,0
DA:93,0
DA:101,0
DA:128,0
LF:24
LH:0
BRDA:24,0,0,0
BRDA:24,0,1,0
BRDA:25,1,0,0
BRDA:25,1,1,0
BRDA:35,2,0,0
BRDA:35,2,1,0
BRDA:42,3,0,0
BRDA:42,3,1,0
BRDA:49,4,0,0
BRDA:49,4,1,0
BRDA:120,5,0,0
BRDA:120,5,1,0
BRF:12
BRH:0
end_of_record
TN:
SF:src/pages/onboarding/AccessRequestPage.tsx
FN:10,(anonymous_0)
FN:16,(anonymous_1)
FN:38,(anonymous_2)
FN:43,(anonymous_3)
FNF:4
FNH:0
FNDA:0,(anonymous_0)
FNDA:0,(anonymous_1)
FNDA:0,(anonymous_2)
FNDA:0,(anonymous_3)
DA:10,0
DA:11,0
DA:12,0
DA:13,0
DA:14,0
DA:16,0
DA:17,0
DA:18,0
DA:19,0
DA:22,0
DA:38,0
DA:43,0
LF:12
LH:0
BRF:0
BRH:0
end_of_record
TN:
SF:src/pages/onboarding/InvestorOnboarding.tsx
FN:28,(anonymous_0)
FN:40,(anonymous_1)
FN:44,(anonymous_2)
FN:48,(anonymous_3)
FN:49,(anonymous_4)
FN:52,(anonymous_5)
FN:62,(anonymous_6)
FN:72,(anonymous_7)
FN:74,(anonymous_8)
FN:79,(anonymous_9)
FN:98,(anonymous_10)
FN:107,(anonymous_11)
FN:134,(anonymous_12)
FN:148,(anonymous_13)
FN:169,(anonymous_14)
FN:175,(anonymous_15)
FN:237,(anonymous_16)
FNF:17
FNH:0
FNDA:0,(anonymous_0)
FNDA:0,(anonymous_1)
FNDA:0,(anonymous_2)
FNDA:0,(anonymous_3)
FNDA:0,(anonymous_4)
FNDA:0,(anonymous_5)
FNDA:0,(anonymous_6)
FNDA:0,(anonymous_7)
FNDA:0,(anonymous_8)
FNDA:0,(anonymous_9)
FNDA:0,(anonymous_10)
FNDA:0,(anonymous_11)
FNDA:0,(anonymous_12)
FNDA:0,(anonymous_13)
FNDA:0,(anonymous_14)
FNDA:0,(anonymous_15)
FNDA:0,(anonymous_16)
DA:26,0
DA:28,0
DA:29,0
DA:30,0
DA:31,0
DA:40,0
DA:41,0
DA:42,0
DA:44,0
DA:48,0
DA:49,0
DA:52,0
DA:53,0
DA:54,0
DA:55,0
DA:57,0
DA:58,0
DA:62,0
DA:65,0
DA:66,0
DA:72,0
DA:73,0
DA:74,0
DA:76,0
DA:79,0
DA:80,0
DA:82,0
DA:98,0
DA:107,0
DA:119,0
DA:134,0
DA:149,0
DA:170,0
DA:175,0
DA:188,0
DA:226,0
DA:230,0
DA:238,0
LF:38
LH:0
BRDA:41,0,0,0
BRDA:41,0,1,0
BRDA:68,1,0,0
BRDA:68,1,1,0
BRDA:73,2,0,0
BRDA:73,2,1,0
BRDA:80,3,0,0
BRDA:80,3,1,0
BRDA:80,3,2,0
BRDA:80,3,3,0
BRDA:203,4,0,0
BRDA:203,4,1,0
BRDA:213,5,0,0
BRDA:213,5,1,0
BRDA:246,6,0,0
BRDA:246,6,1,0
BRDA:252,7,0,0
BRDA:252,7,1,0
BRF:18
BRH:0
end_of_record
TN:
SF:src/pages/onboarding/OnboardingWizard.tsx
FN:10,(anonymous_0)
FN:16,(anonymous_1)
FN:21,(anonymous_2)
FN:25,(anonymous_3)
FN:25,(anonymous_4)
FN:36,(anonymous_5)
FN:60,(anonymous_6)
FN:71,(anonymous_7)
FN:72,(anonymous_8)
FNF:9
FNH:0
FNDA:0,(anonymous_0)
FNDA:0,(anonymous_1)
FNDA:0,(anonymous_2)
FNDA:0,(anonymous_3)
FNDA:0,(anonymous_4)
FNDA:0,(anonymous_5)
FNDA:0,(anonymous_6)
FNDA:0,(anonymous_7)
FNDA:0,(anonymous_8)
DA:8,0
DA:10,0
DA:11,0
DA:12,0
DA:13,0
DA:14,0
DA:16,0
DA:17,0
DA:18,0
DA:19,0
DA:21,0
DA:25,0
DA:27,0
DA:36,0
DA:60,0
DA:72,0
LF:16
LH:0
BRDA:17,0,0,0
BRDA:17,0,1,0
BRDA:40,1,0,0
BRDA:40,1,1,0
BRDA:53,2,0,0
BRDA:53,2,1,0
BRDA:79,3,0,0
BRDA:79,3,1,0
BRDA:92,4,0,0
BRDA:92,4,1,0
BRDA:106,5,0,0
BRDA:106,5,1,0
BRF:12
BRH:0
end_of_record
TN:
SF:src/pages/org/BrandingPage.tsx
FN:12,(anonymous_0)
FN:14,(anonymous_1)
FN:20,(anonymous_2)
FN:24,(anonymous_3)
FN:29,(anonymous_4)
FN:39,(anonymous_5)
FN:93,(anonymous_6)
FN:98,(anonymous_7)
FN:120,(anonymous_8)
FNF:9
FNH:0
FNDA:0,(anonymous_0)
FNDA:0,(anonymous_1)
FNDA:0,(anonymous_2)
FNDA:0,(anonymous_3)
FNDA:0,(anonymous_4)
FNDA:0,(anonymous_5)
FNDA:0,(anonymous_6)
FNDA:0,(anonymous_7)
FNDA:0,(anonymous_8)
DA:12,0
DA:13,0
DA:14,0
DA:15,0
DA:17,0
DA:18,0
DA:20,0
DA:21,0
DA:24,0
DA:25,0
DA:26,0
DA:29,0
DA:30,0
DA:31,0
DA:32,0
DA:35,0
DA:39,0
DA:40,0
DA:61,0
DA:93,0
DA:98,0
DA:121,0
LF:22
LH:0
BRDA:21,0,0,0
BRDA:21,0,1,0
BRDA:35,1,0,0
BRDA:35,1,1,0
BRDA:68,2,0,0
BRDA:68,2,1,0
BRDA:92,3,0,0
BRDA:92,3,1,0
BRDA:97,4,0,0
BRDA:97,4,1,0
BRF:10
BRH:0
end_of_record
TN:
SF:src/pages/org/GeneralSettingsPage.tsx
FN:9,(anonymous_0)
FN:11,(anonymous_1)
FN:17,(anonymous_2)
FN:21,(anonymous_3)
FN:26,(anonymous_4)
FN:48,(anonymous_5)
FN:56,(anonymous_6)
FN:66,(anonymous_7)
FN:78,(anonymous_8)
FN:91,(anonymous_9)
FN:104,(anonymous_10)
FNF:11
FNH:0
FNDA:0,(anonymous_0)
FNDA:0,(anonymous_1)
FNDA:0,(anonymous_2)
FNDA:0,(anonymous_3)
FNDA:0,(anonymous_4)
FNDA:0,(anonymous_5)
FNDA:0,(anonymous_6)
FNDA:0,(anonymous_7)
FNDA:0,(anonymous_8)
FNDA:0,(anonymous_9)
FNDA:0,(anonymous_10)
DA:9,0
DA:10,0
DA:11,0
DA:12,0
DA:14,0
DA:15,0
DA:17,0
DA:18,0
DA:21,0
DA:22,0
DA:23,0
DA:26,0
DA:27,0
DA:28,0
DA:29,0
DA:32,0
DA:34,0
DA:48,0
DA:56,0
DA:66,0
DA:78,0
DA:91,0
DA:104,0
LF:23
LH:0
BRDA:18,0,0,0
BRDA:18,0,1,0
BRDA:32,1,0,0
BRDA:32,1,1,0
BRDA:47,2,0,0
BRDA:47,2,1,0
BRDA:55,3,0,0
BRDA:55,3,1,0
BRDA:65,4,0,0
BRDA:65,4,1,0
BRDA:77,5,0,0
BRDA:77,5,1,0
BRDA:90,6,0,0
BRDA:90,6,1,0
BRDA:103,7,0,0
BRDA:103,7,1,0
BRDA:109,8,0,0
BRDA:109,8,1,0
BRF:18
BRH:0
end_of_record
TN:
SF:src/pages/org/IntegrationsPage.tsx
FN:9,(anonymous_0)
FN:11,(anonymous_1)
FN:14,(anonymous_2)
FN:18,(anonymous_3)
FN:31,(anonymous_4)
FN:60,(anonymous_5)
FNF:6
FNH:0
FNDA:0,(anonymous_0)
FNDA:0,(anonymous_1)
FNDA:0,(anonymous_2)
FNDA:0,(anonymous_3)
FNDA:0,(anonymous_4)
FNDA:0,(anonymous_5)
DA:9,0
DA:10,0
DA:11,0
DA:12,0
DA:14,0
DA:15,0
DA:18,0
DA:19,0
DA:20,0
DA:23,0
DA:32,0
DA:60,0
LF:12
LH:0
BRDA:20,0,0,0
BRDA:20,0,1,0
BRDA:31,1,0,0
BRDA:31,1,1,0
BRDA:41,2,0,0
BRDA:41,2,1,0
BRDA:42,3,0,0
BRDA:42,3,1,0
BRDA:49,4,0,0
BRDA:49,4,1,0
BRDA:49,4,2,0
BRDA:57,5,0,0
BRDA:57,5,1,0
BRDA:58,6,0,0
BRDA:58,6,1,0
BRDA:62,7,0,0
BRDA:62,7,1,0
BRF:17
BRH:0
end_of_record
TN:
SF:src/pages/org/MarketsPage.tsx
FN:8,(anonymous_0)
FN:10,(anonymous_1)
FN:12,(anonymous_2)
FN:27,(anonymous_3)
FNF:4
FNH:0
FNDA:0,(anonymous_0)
FNDA:0,(anonymous_1)
FNDA:0,(anonymous_2)
FNDA:0,(anonymous_3)
DA:8,0
DA:9,0
DA:10,0
DA:12,0
DA:13,0
DA:16,0
DA:28,0
LF:7
LH:0
BRDA:27,0,0,0
BRDA:27,0,1,0
BRDA:29,1,0,0
BRDA:29,1,1,0
BRDA:33,2,0,0
BRDA:33,2,1,0
BRDA:42,3,0,0
BRDA:42,3,1,0
BRF:8
BRH:0
end_of_record
TN:
SF:src/pages/org/RolesPage.tsx
FN:16,(anonymous_0)
FN:36,(anonymous_1)
FNF:2
FNH:0
FNDA:0,(anonymous_0)
FNDA:0,(anonymous_1)
DA:5,0
DA:16,0
DA:17,0
DA:37,0
LF:4
LH:0
BRF:0
BRH:0
end_of_record
TN:
SF:src/pages/org/UsersPage.tsx
FN:10,(anonymous_0)
FN:12,(anonymous_1)
FN:30,(anonymous_2)
FN:34,(anonymous_3)
FN:42,(anonymous_4)
FN:47,(anonymous_5)
FN:52,(anonymous_6)
FN:60,(anonymous_7)
FN:65,(anonymous_8)
FN:74,(anonymous_9)
FN:83,(anonymous_10)
FN:96,(anonymous_11)
FN:115,(anonymous_12)
FN:142,(anonymous_13)
FN:169,(anonymous_14)
FN:178,(anonymous_15)
FN:185,(anonymous_16)
FN:195,(anonymous_17)
FN:210,(anonymous_18)
FNF:19
FNH:0
FNDA:0,(anonymous_0)
FNDA:0,(anonymous_1)
FNDA:0,(anonymous_2)
FNDA:0,(anonymous_3)
FNDA:0,(anonymous_4)
FNDA:0,(anonymous_5)
FNDA:0,(anonymous_6)
FNDA:0,(anonymous_7)
FNDA:0,(anonymous_8)
FNDA:0,(anonymous_9)
FNDA:0,(anonymous_10)
FNDA:0,(anonymous_11)
FNDA:0,(anonymous_12)
FNDA:0,(anonymous_13)
FNDA:0,(anonymous_14)
FNDA:0,(anonymous_15)
FNDA:0,(anonymous_16)
FNDA:0,(anonymous_17)
FNDA:0,(anonymous_18)
DA:10,0
DA:11,0
DA:12,0
DA:13,0
DA:16,0
DA:17,0
DA:20,0
DA:21,0
DA:24,0
DA:25,0
DA:28,0
DA:30,0
DA:31,0
DA:34,0
DA:35,0
DA:36,0
DA:37,0
DA:38,0
DA:39,0
DA:42,0
DA:43,0
DA:44,0
DA:47,0
DA:48,0
DA:49,0
DA:52,0
DA:53,0
DA:54,0
DA:55,0
DA:56,0
DA:60,0
DA:61,0
DA:62,0
DA:65,0
DA:66,0
DA:67,0
DA:68,0
DA:69,0
DA:70,0
DA:74,0
DA:75,0
DA:76,0
DA:77,0
DA:78,0
DA:79,0
DA:83,0
DA:84,0
DA:85,0
DA:86,0
DA:89,0
DA:96,0
DA:116,0
DA:142,0
DA:169,0
DA:178,0
DA:185,0
DA:195,0
DA:210,0
LF:58
LH:0
BRDA:35,0,0,0
BRDA:35,0,1,0
BRDA:53,1,0,0
BRDA:53,1,1,0
BRDA:66,2,0,0
BRDA:66,2,1,0
BRDA:66,3,0,0
BRDA:66,3,1,0
BRDA:75,4,0,0
BRDA:75,4,1,0
BRDA:112,5,0,0
BRDA:112,5,1,0
BRDA:130,6,0,0
BRDA:130,6,1,0
BRDA:135,7,0,0
BRDA:135,7,1,0
BRDA:136,8,0,0
BRDA:136,8,1,0
BRF:18
BRH:0
end_of_record
TN:
SF:src/server/trpc.ts
FN:11,(anonymous_0)
FNF:1
FNH:0
FNDA:0,(anonymous_0)
DA:9,9
DA:12,0
DA:27,9
DA:28,9
LF:4
LH:3
BRDA:17,0,0,0
BRDA:17,0,1,0
BRF:2
BRH:0
end_of_record
TN:
SF:src/server/middleware/security.ts
FN:5,(anonymous_0)
FNF:1
FNH:0
FNDA:0,(anonymous_0)
DA:5,0
DA:7,0
DA:22,0
DA:30,0
LF:4
LH:0
BRF:0
BRH:0
end_of_record
TN:
SF:src/server/routers/_app.ts
FNF:0
FNH:0
DA:12,0
LF:1
LH:0
BRF:0
BRH:0
end_of_record
TN:
SF:src/server/routers/analytics.router.ts
FN:16,(anonymous_0)
FNF:1
FNH:1
FNDA:1,(anonymous_0)
DA:6,1
DA:9,1
DA:11,1
DA:17,1
LF:4
LH:4
BRF:0
BRH:0
end_of_record
TN:
SF:src/server/routers/contract.router.ts
FN:11,(anonymous_0)
FN:20,(anonymous_1)
FN:29,(anonymous_2)
FNF:3
FNH:3
FNDA:1,(anonymous_0)
FNDA:1,(anonymous_1)
FNDA:1,(anonymous_2)
DA:6,1
DA:8,1
DA:12,1
DA:21,1
DA:30,1
LF:5
LH:5
BRF:0
BRH:0
end_of_record
TN:
SF:src/server/routers/marketplace.router.ts
FN:28,(anonymous_0)
FN:50,(anonymous_1)
FNF:2
FNH:2
FNDA:2,(anonymous_0)
FNDA:1,(anonymous_1)
DA:7,1
DA:8,1
DA:10,1
DA:30,2
DA:44,2
DA:45,2
DA:51,1
DA:52,1
LF:8
LH:8
BRDA:31,0,0,2
BRDA:31,0,1,2
BRDA:39,1,0,2
BRDA:39,1,1,1
BRDA:40,2,0,2
BRDA:40,2,1,1
BRDA:41,3,0,2
BRDA:41,3,1,1
BRF:8
BRH:8
end_of_record
TN:
SF:src/server/routers/messaging.router.ts
FN:12,(anonymous_0)
FN:22,(anonymous_1)
FN:30,(anonymous_2)
FN:38,(anonymous_3)
FNF:4
FNH:4
FNDA:1,(anonymous_0)
FNDA:1,(anonymous_1)
FNDA:1,(anonymous_2)
FNDA:1,(anonymous_3)
DA:5,1
DA:13,1
DA:23,1
DA:31,1
DA:39,1
LF:5
LH:5
BRF:0
BRH:0
end_of_record
TN:
SF:src/server/routers/notification.router.ts
FN:20,(anonymous_0)
FN:26,(anonymous_1)
FN:32,(anonymous_2)
FN:38,(anonymous_3)
FNF:4
FNH:4
FNDA:1,(anonymous_0)
FNDA:1,(anonymous_1)
FNDA:1,(anonymous_2)
FNDA:1,(anonymous_3)
DA:6,1
DA:9,1
DA:17,1
DA:21,1
DA:27,1
DA:33,1
DA:39,1
LF:7
LH:7
BRF:0
BRH:0
end_of_record
TN:
SF:src/server/routers/offer.router.ts
FN:18,(anonymous_0)
FN:31,(anonymous_1)
FN:37,(anonymous_2)
FN:46,(anonymous_3)
FNF:4
FNH:4
FNDA:1,(anonymous_0)
FNDA:1,(anonymous_1)
FNDA:1,(anonymous_2)
FNDA:1,(anonymous_3)
DA:6,1
DA:8,1
DA:19,1
DA:32,1
DA:38,1
DA:47,1
LF:6
LH:6
BRF:0
BRH:0
end_of_record
TN:
SF:src/server/routers/payment.router.ts
FN:14,(anonymous_0)
FN:22,(anonymous_1)
FN:28,(anonymous_2)
FNF:3
FNH:3
FNDA:1,(anonymous_0)
FNDA:1,(anonymous_1)
FNDA:1,(anonymous_2)
DA:5,1
DA:7,1
DA:15,1
DA:23,1
DA:29,1
LF:5
LH:5
BRF:0
BRH:0
end_of_record
TN:
SF:src/server/routers/saved-search.router.ts
FN:17,(anonymous_0)
FN:27,(anonymous_1)
FN:36,(anonymous_2)
FN:51,(anonymous_3)
FNF:4
FNH:4
FNDA:1,(anonymous_0)
FNDA:1,(anonymous_1)
FNDA:1,(anonymous_2)
FNDA:1,(anonymous_3)
DA:6,1
DA:8,1
DA:18,1
DA:28,1
DA:37,1
DA:38,1
DA:52,1
LF:7
LH:7
BRF:0
BRH:0
end_of_record
TN:
SF:src/server/routers/transaction.router.ts
FN:11,(anonymous_0)
FN:20,(anonymous_1)
FN:28,(anonymous_2)
FNF:3
FNH:3
FNDA:1,(anonymous_0)
FNDA:1,(anonymous_1)
FNDA:1,(anonymous_2)
DA:6,1
DA:8,1
DA:12,1
DA:21,1
DA:29,1
LF:5
LH:5
BRF:0
BRH:0
end_of_record
TN:
SF:src/services/analytics/analytics.service.ts
FN:9,(anonymous_0)
FN:30,(anonymous_1)
FN:43,(anonymous_2)
FN:45,(anonymous_3)
FN:46,(anonymous_4)
FN:67,(anonymous_5)
FN:77,(anonymous_6)
FN:103,(anonymous_7)
FNF:8
FNH:8
FNDA:2,(anonymous_0)
FNDA:2,(anonymous_1)
FNDA:2,(anonymous_2)
FNDA:6,(anonymous_3)
FNDA:4,(anonymous_4)
FNDA:6,(anonymous_5)
FNDA:2,(anonymous_6)
FNDA:2,(anonymous_7)
DA:7,2
DA:10,2
DA:13,2
DA:19,2
DA:20,2
DA:21,2
DA:23,2
DA:31,2
DA:32,2
DA:34,2
DA:35,0
DA:36,2
DA:37,0
DA:38,0
DA:40,2
DA:44,2
DA:45,6
DA:46,4
DA:48,2
DA:58,2
DA:67,6
DA:69,2
DA:79,2
DA:80,2
DA:83,2
DA:84,24
DA:91,2
DA:97,2
DA:104,2
LF:29
LH:26
BRDA:34,0,0,0
BRDA:34,0,1,2
BRDA:34,0,2,0
BRDA:34,0,3,0
BRF:4
BRH:1
end_of_record
TN:
SF:src/services/auth/auth.service.ts
FN:27,(anonymous_0)
FN:31,(anonymous_1)
FN:35,(anonymous_2)
FN:47,(anonymous_3)
FN:82,(anonymous_4)
FNF:5
FNH:5
FNDA:7,(anonymous_0)
FNDA:4,(anonymous_1)
FNDA:7,(anonymous_2)
FNDA:6,(anonymous_3)
FNDA:2,(anonymous_4)
DA:9,2
DA:10,2
DA:23,7
DA:24,7
DA:25,7
DA:28,7
DA:32,4
DA:36,7
DA:48,6
DA:49,6
DA:50,0
DA:53,6
DA:55,6
DA:63,6
DA:66,6
DA:73,6
DA:74,1
DA:77,6
DA:79,6
DA:83,2
DA:85,2
DA:86,0
DA:89,2
DA:90,2
DA:91,1
DA:94,1
DA:95,0
DA:98,1
DA:100,1
LF:29
LH:26
BRDA:9,0,0,2
BRDA:9,0,1,2
BRDA:49,1,0,0
BRDA:49,1,1,6
BRDA:73,2,0,1
BRDA:73,2,1,5
BRDA:73,3,0,6
BRDA:73,3,1,5
BRDA:85,4,0,0
BRDA:85,4,1,2
BRDA:85,5,0,2
BRDA:85,5,1,2
BRDA:90,6,0,1
BRDA:90,6,1,1
BRDA:94,7,0,0
BRDA:94,7,1,1
BRF:16
BRH:13
end_of_record
TN:
SF:src/services/contract/contract.service.ts
FN:7,(anonymous_0)
FN:29,(anonymous_1)
FN:36,(anonymous_2)
FNF:3
FNH:0
FNDA:0,(anonymous_0)
FNDA:0,(anonymous_1)
FNDA:0,(anonymous_2)
DA:5,0
DA:9,0
DA:13,0
DA:16,0
DA:18,0
DA:26,0
DA:30,0
DA:37,0
DA:38,0
DA:40,0
DA:41,0
DA:42,0
DA:44,0
LF:13
LH:0
BRDA:7,0,0,0
BRDA:13,1,0,0
BRDA:13,1,1,0
BRDA:38,2,0,0
BRDA:38,2,1,0
BRDA:41,3,0,0
BRDA:41,3,1,0
BRF:7
BRH:0
end_of_record
TN:
SF:src/services/crm/crm-adapter.interface.ts
FNF:0
FNH:0
LF:0
LH:0
BRF:0
BRH:0
end_of_record
TN:
SF:src/services/crm/crm.service.ts
FN:8,(anonymous_0)
FN:13,(anonymous_1)
FN:17,(anonymous_2)
FN:18,(anonymous_3)
FN:21,(anonymous_4)
FN:22,(anonymous_5)
FN:25,(anonymous_6)
FN:26,(anonymous_7)
FNF:8
FNH:8
FNDA:4,(anonymous_0)
FNDA:5,(anonymous_1)
FNDA:2,(anonymous_2)
FNDA:3,(anonymous_3)
FNDA:1,(anonymous_4)
FNDA:1,(anonymous_5)
FNDA:1,(anonymous_6)
FNDA:1,(anonymous_7)
DA:6,4
DA:10,4
DA:14,5
DA:18,3
DA:22,1
DA:26,1
LF:6
LH:6
BRF:0
BRH:0
end_of_record
TN:
SF:src/services/crm/salesforce-adapter.ts
FN:27,(anonymous_0)
FN:42,(anonymous_1)
FN:57,(anonymous_2)
FN:73,(anonymous_3)
FN:86,(anonymous_4)
FN:88,(anonymous_5)
FNF:6
FNH:6
FNDA:3,(anonymous_0)
FNDA:3,(anonymous_1)
FNDA:1,(anonymous_2)
FNDA:3,(anonymous_3)
FNDA:7,(anonymous_4)
FNDA:7,(anonymous_5)
DA:22,7
DA:23,7
DA:25,7
DA:28,3
DA:30,3
DA:38,3
DA:39,3
DA:43,3
DA:45,3
DA:53,3
DA:54,3
DA:58,1
DA:61,1
DA:69,1
DA:70,1
DA:74,3
DA:75,1
DA:76,0
DA:77,0
DA:78,1
DA:79,0
DA:80,1
DA:81,0
DA:82,0
DA:88,7
LF:25
LH:20
BRDA:28,0,0,0
BRDA:28,0,1,3
BRDA:43,1,0,0
BRDA:43,1,1,3
BRDA:58,2,0,0
BRDA:58,2,1,1
BRDA:74,3,0,1
BRDA:74,3,1,0
BRDA:74,3,2,0
BRDA:74,3,3,1
BRDA:74,3,4,0
BRDA:74,3,5,1
BRDA:74,3,6,0
BRDA:74,3,7,0
BRF:14
BRH:6
end_of_record
TN:
SF:src/services/deal/deal.service.ts
FN:11,(anonymous_0)
FN:21,(anonymous_1)
FN:29,(anonymous_2)
FN:36,(anonymous_3)
FN:44,(anonymous_4)
FNF:5
FNH:5
FNDA:6,(anonymous_0)
FNDA:1,(anonymous_1)
FNDA:2,(anonymous_2)
FNDA:2,(anonymous_3)
FNDA:1,(anonymous_4)
DA:9,1
DA:12,6
DA:18,6
DA:22,1
DA:30,2
DA:37,2
DA:38,2
DA:40,1
DA:41,1
DA:45,1
DA:46,1
DA:48,1
DA:49,1
LF:13
LH:13
BRDA:38,0,0,1
BRDA:38,0,1,1
BRDA:46,1,0,0
BRDA:46,1,1,1
BRF:4
BRH:3
end_of_record
TN:
SF:src/services/investor/investor.service.ts
FN:13,(anonymous_0)
FN:26,(anonymous_1)
FN:33,(anonymous_2)
FNF:3
FNH:3
FNDA:4,(anonymous_0)
FNDA:3,(anonymous_1)
FNDA:1,(anonymous_2)
DA:6,8
DA:14,4
DA:20,4
DA:27,3
DA:34,1
DA:35,1
DA:36,0
DA:39,1
DA:40,1
LF:9
LH:8
BRDA:13,0,0,3
BRDA:35,1,0,0
BRDA:35,1,1,1
BRF:3
BRH:2
end_of_record
TN:
SF:src/services/marketplace/marketplace.service.ts
FN:13,(anonymous_0)
FN:20,(anonymous_1)
FN:34,(anonymous_2)
FN:52,(anonymous_3)
FN:54,(anonymous_4)
FNF:5
FNH:4
FNDA:2,(anonymous_0)
FNDA:2,(anonymous_1)
FNDA:0,(anonymous_2)
FNDA:2,(anonymous_3)
FNDA:1,(anonymous_4)
DA:7,3
DA:8,3
DA:14,2
DA:20,2
DA:21,2
DA:25,2
DA:28,2
DA:35,0
DA:40,0
DA:42,0
DA:46,0
DA:53,2
DA:54,2
DA:56,2
DA:88,2
LF:15
LH:11
BRDA:40,0,0,0
BRDA:40,0,1,0
BRDA:53,1,0,1
BRDA:53,1,1,1
BRDA:60,2,0,2
BRDA:60,2,1,1
BRDA:61,3,0,2
BRDA:61,3,1,1
BRDA:62,4,0,2
BRDA:62,4,1,1
BRDA:63,5,0,2
BRDA:63,5,1,0
BRDA:64,6,0,2
BRDA:64,6,1,0
BRDA:65,7,0,2
BRDA:65,7,1,0
BRDA:66,8,0,2
BRDA:66,8,1,0
BRDA:67,9,0,2
BRDA:67,9,1,0
BRDA:68,10,0,2
BRDA:68,10,1,1
BRDA:69,11,0,2
BRDA:69,11,1,0
BRF:24
BRH:16
end_of_record
TN:
SF:src/services/media/media.service.ts
FN:10,(anonymous_0)
FN:16,(anonymous_1)
FN:49,(anonymous_2)
FN:56,(anonymous_3)
FNF:4
FNH:4
FNDA:1,(anonymous_0)
FNDA:5,(anonymous_1)
FNDA:1,(anonymous_2)
FNDA:1,(anonymous_3)
DA:7,1
DA:8,1
DA:11,1
DA:12,0
DA:22,5
DA:23,5
DA:24,5
DA:25,5
DA:28,5
DA:29,0
DA:33,5
DA:36,5
DA:46,5
DA:50,1
DA:57,1
DA:58,1
DA:61,1
DA:62,1
DA:63,1
DA:64,1
DA:66,0
DA:71,1
DA:72,1
LF:23
LH:20
BRDA:11,0,0,0
BRDA:11,0,1,1
BRDA:28,1,0,0
BRDA:28,1,1,5
BRDA:58,2,0,0
BRDA:58,2,1,1
BRDA:62,3,0,1
BRDA:62,3,1,0
BRF:8
BRH:4
end_of_record
TN:
SF:src/services/messaging/messaging.service.ts
FN:9,(anonymous_0)
FN:14,(anonymous_1)
FN:21,(anonymous_2)
FN:33,(anonymous_3)
FN:45,(anonymous_4)
FN:62,(anonymous_5)
FN:74,(anonymous_6)
FNF:7
FNH:6
FNDA:5,(anonymous_0)
FNDA:5,(anonymous_1)
FNDA:6,(anonymous_2)
FNDA:3,(anonymous_3)
FNDA:1,(anonymous_4)
FNDA:1,(anonymous_5)
FNDA:0,(anonymous_6)
DA:10,5
DA:11,5
DA:14,5
DA:15,5
DA:19,5
DA:21,5
DA:22,6
DA:27,5
DA:29,5
DA:34,3
DA:36,3
DA:42,3
DA:46,1
DA:49,1
DA:63,1
DA:65,1
DA:75,0
DA:76,0
LF:18
LH:16
BRF:0
BRH:0
end_of_record
TN:
SF:src/services/notifications/notification.service.ts
FN:11,(anonymous_0)
FN:31,(anonymous_1)
FN:41,(anonymous_2)
FN:50,(anonymous_3)
FN:57,(anonymous_4)
FNF:5
FNH:5
FNDA:2,(anonymous_0)
FNDA:2,(anonymous_1)
FNDA:2,(anonymous_2)
FNDA:1,(anonymous_3)
FNDA:1,(anonymous_4)
DA:6,1
DA:18,2
DA:25,2
DA:32,2
DA:42,2
DA:51,1
DA:58,1
LF:7
LH:7
BRF:0
BRH:0
end_of_record
TN:
SF:src/services/offers/offer.service.ts
FN:10,(anonymous_0)
FN:34,(anonymous_1)
FN:45,(anonymous_2)
FN:56,(anonymous_3)
FNF:4
FNH:4
FNDA:1,(anonymous_0)
FNDA:2,(anonymous_1)
FNDA:1,(anonymous_2)
FNDA:1,(anonymous_3)
DA:5,1
DA:19,1
DA:28,1
DA:35,2
DA:46,1
DA:57,1
DA:58,1
DA:60,1
DA:61,1
LF:9
LH:9
BRDA:58,0,0,0
BRDA:58,0,1,1
BRF:2
BRH:1
end_of_record
TN:
SF:src/services/organization/organization.service.ts
FN:12,(anonymous_0)
FN:41,(anonymous_1)
FN:46,(anonymous_2)
FN:49,(anonymous_3)
FN:56,(anonymous_4)
FN:64,(anonymous_5)
FN:71,(anonymous_6)
FN:87,(anonymous_7)
FN:113,(anonymous_8)
FNF:9
FNH:7
FNDA:12,(anonymous_0)
FNDA:0,(anonymous_1)
FNDA:0,(anonymous_2)
FNDA:1,(anonymous_3)
FNDA:1,(anonymous_4)
FNDA:4,(anonymous_5)
FNDA:3,(anonymous_6)
FNDA:2,(anonymous_7)
FNDA:1,(anonymous_8)
DA:8,8
DA:9,8
DA:10,8
DA:14,12
DA:16,12
DA:22,12
DA:25,12
DA:26,12
DA:27,0
DA:30,12
DA:36,12
DA:38,12
DA:42,0
DA:46,0
DA:50,1
DA:57,1
DA:58,1
DA:60,1
DA:61,1
DA:65,4
DA:72,3
DA:73,3
DA:75,3
DA:76,3
DA:78,3
DA:84,3
DA:88,2
DA:93,2
DA:96,2
DA:97,1
DA:105,1
DA:106,1
DA:110,1
DA:114,1
DA:118,1
DA:120,1
DA:121,1
DA:123,1
DA:124,1
LF:39
LH:36
BRDA:26,0,0,0
BRDA:26,0,1,12
BRDA:58,1,0,0
BRDA:58,1,1,1
BRDA:73,2,0,0
BRDA:73,2,1,3
BRDA:76,3,0,0
BRDA:76,3,1,3
BRDA:93,4,0,0
BRDA:93,4,1,2
BRDA:96,5,0,1
BRDA:96,5,1,1
BRDA:105,6,0,1
BRDA:105,6,1,0
BRDA:118,7,0,0
BRDA:118,7,1,1
BRDA:121,8,0,0
BRDA:121,8,1,1
BRF:18
BRH:10
end_of_record
TN:
SF:src/services/payments/payment.service.ts
FN:12,(anonymous_0)
FN:39,(anonymous_1)
FN:58,(anonymous_2)
FNF:3
FNH:0
FNDA:0,(anonymous_0)
FNDA:0,(anonymous_1)
FNDA:0,(anonymous_2)
DA:6,0
DA:7,0
DA:17,0
DA:18,0
DA:19,0
DA:21,0
DA:32,0
DA:40,0
DA:41,0
DA:43,0
DA:46,0
DA:47,0
DA:49,0
DA:55,0
DA:59,0
LF:15
LH:0
BRDA:18,0,0,0
BRDA:18,0,1,0
BRDA:19,1,0,0
BRDA:19,1,1,0
BRDA:41,2,0,0
BRDA:41,2,1,0
BRDA:43,3,0,0
BRDA:43,3,1,0
BRF:8
BRH:0
end_of_record
TN:
SF:src/services/rbac/rbac.service.ts
FN:11,(anonymous_0)
FN:35,(anonymous_1)
FNF:2
FNH:2
FNDA:3,(anonymous_0)
FNDA:1,(anonymous_1)
DA:7,2
DA:8,2
DA:9,2
DA:13,3
DA:18,3
DA:19,0
DA:24,3
DA:32,3
DA:36,1
DA:37,1
DA:39,1
DA:40,1
DA:42,1
DA:43,1
LF:14
LH:13
BRDA:18,0,0,0
BRDA:18,0,1,3
BRDA:18,1,0,3
BRDA:18,1,1,3
BRDA:37,2,0,0
BRDA:37,2,1,1
BRDA:40,3,0,0
BRDA:40,3,1,1
BRF:8
BRH:5
end_of_record
TN:
SF:src/services/search/elasticsearch.service.ts
FN:11,(anonymous_0)
FN:16,(anonymous_1)
FN:22,(anonymous_2)
FN:28,(anonymous_3)
FN:71,(anonymous_4)
FN:85,(anonymous_5)
FNF:6
FNH:5
FNDA:7,(anonymous_0)
FNDA:1,(anonymous_1)
FNDA:1,(anonymous_2)
FNDA:6,(anonymous_3)
FNDA:0,(anonymous_4)
FNDA:1,(anonymous_5)
DA:8,7
DA:13,7
DA:17,1
DA:19,1
DA:23,1
DA:25,1
DA:29,6
DA:35,6
DA:37,6
DA:39,6
DA:40,1
DA:43,6
DA:44,1
DA:47,6
DA:48,1
DA:51,6
DA:52,1
DA:55,6
DA:56,1
DA:59,6
DA:60,3
DA:61,1
DA:62,1
DA:63,1
DA:68,6
DA:71,6
DA:79,6
DA:86,1
LF:28
LH:28
BRDA:39,0,0,1
BRDA:39,0,1,5
BRDA:43,1,0,1
BRDA:43,1,1,5
BRDA:47,2,0,1
BRDA:47,2,1,5
BRDA:51,3,0,1
BRDA:51,3,1,5
BRDA:55,4,0,1
BRDA:55,4,1,5
BRDA:59,5,0,3
BRDA:59,5,1,3
BRDA:60,6,0,1
BRDA:60,6,1,1
BRDA:60,6,2,1
BRDA:75,7,0,0
BRDA:75,7,1,0
BRF:17
BRH:15
end_of_record
TN:
SF:src/services/search/saved-search.service.ts
FN:8,(anonymous_0)
FN:12,(anonymous_1)
FN:17,(anonymous_2)
FN:24,(anonymous_3)
FN:28,(anonymous_4)
FNF:5
FNH:0
FNDA:0,(anonymous_0)
FNDA:0,(anonymous_1)
FNDA:0,(anonymous_2)
FNDA:0,(anonymous_3)
FNDA:0,(anonymous_4)
DA:9,0
DA:13,0
DA:14,0
DA:18,0
DA:25,0
DA:29,0
DA:30,0
DA:31,0
DA:32,0
LF:9
LH:0
BRDA:30,0,0,0
BRDA:30,0,1,0
BRF:2
BRH:0
end_of_record
TN:
SF:src/services/search/search.interface.ts
FNF:0
FNH:0
LF:0
LH:0
BRF:0
BRH:0
end_of_record
TN:
SF:src/services/transaction/transaction.service.ts
FN:16,(anonymous_0)
FN:45,(anonymous_1)
FN:48,(anonymous_2)
FN:60,(anonymous_3)
FN:74,(anonymous_4)
FN:77,(anonymous_5)
FN:80,(anonymous_6)
FN:85,(anonymous_7)
FNF:8
FNH:0
FNDA:0,(anonymous_0)
FNDA:0,(anonymous_1)
FNDA:0,(anonymous_2)
FNDA:0,(anonymous_3)
FNDA:0,(anonymous_4)
FNDA:0,(anonymous_5)
FNDA:0,(anonymous_6)
FNDA:0,(anonymous_7)
DA:8,0
DA:9,0
DA:10,0
DA:17,0
DA:18,0
DA:20,0
DA:32,0
DA:33,0
DA:34,0
DA:42,0
DA:45,0
DA:49,0
DA:54,0
DA:55,0
DA:57,0
DA:61,0
DA:62,0
DA:64,0
DA:65,0
DA:66,0
DA:68,0
DA:71,0
DA:76,0
DA:77,0
DA:79,0
DA:80,0
DA:84,0
DA:85,0
DA:87,0
DA:89,0
DA:93,0
DA:94,0
DA:96,0
DA:97,0
LF:34
LH:0
BRDA:18,0,0,0
BRDA:18,0,1,0
BRDA:54,1,0,0
BRDA:54,1,1,0
BRDA:62,2,0,0
BRDA:62,2,1,0
BRDA:65,3,0,0
BRDA:65,3,1,0
BRDA:79,4,0,0
BRDA:79,4,1,0
BRDA:87,5,0,0
BRDA:87,5,1,0
BRDA:94,6,0,0
BRDA:94,6,1,0
BRF:14
BRH:0
end_of_record
TN:
SF:src/utils/trpc.ts
FNF:0
FNH:0
DA:4,0
LF:1
LH:0
BRF:0
BRH:0
end_of_record
